[2024-11-30T16:50:05.748+0000] {local_task_job_runner.py:123} INFO - ::group::Pre task execution logs
[2024-11-30T16:50:05.782+0000] {taskinstance.py:2613} INFO - Dependencies all met for dep_context=non-requeueable deps ti=<TaskInstance: collegeinfo_dag.load manual__2024-11-30T16:47:08.245145+00:00 [queued]>
[2024-11-30T16:50:05.800+0000] {taskinstance.py:2613} INFO - Dependencies all met for dep_context=requeueable deps ti=<TaskInstance: collegeinfo_dag.load manual__2024-11-30T16:47:08.245145+00:00 [queued]>
[2024-11-30T16:50:05.801+0000] {taskinstance.py:2866} INFO - Starting attempt 1 of 1
[2024-11-30T16:50:05.858+0000] {taskinstance.py:2889} INFO - Executing <Task(PythonOperator): load> on 2024-11-30 16:47:08.245145+00:00
[2024-11-30T16:50:06.093+0000] {standard_task_runner.py:104} INFO - Running: ['airflow', 'tasks', 'run', 'collegeinfo_dag', 'load', 'manual__2024-11-30T16:47:08.245145+00:00', '--job-id', '19', '--raw', '--subdir', 'DAGS_FOLDER/college_info.py', '--cfg-path', '/tmp/tmpua1tt0cp']
[2024-11-30T16:50:06.126+0000] {logging_mixin.py:190} WARNING - /home/airflow/.local/lib/python3.12/site-packages/airflow/task/task_runner/standard_task_runner.py:70 DeprecationWarning: This process (pid=85) is multi-threaded, use of fork() may lead to deadlocks in the child.
[2024-11-30T16:50:06.135+0000] {standard_task_runner.py:105} INFO - Job 19: Subtask load
[2024-11-30T16:50:06.136+0000] {standard_task_runner.py:72} INFO - Started process 99 to run task
[2024-11-30T16:50:06.476+0000] {task_command.py:467} INFO - Running <TaskInstance: collegeinfo_dag.load manual__2024-11-30T16:47:08.245145+00:00 [running]> on host c23aec0431bd
[2024-11-30T16:50:07.146+0000] {taskinstance.py:3132} INFO - Exporting env vars: AIRFLOW_CTX_DAG_OWNER='airflow' AIRFLOW_CTX_DAG_ID='collegeinfo_dag' AIRFLOW_CTX_TASK_ID='load' AIRFLOW_CTX_EXECUTION_DATE='2024-11-30T16:47:08.245145+00:00' AIRFLOW_CTX_TRY_NUMBER='1' AIRFLOW_CTX_DAG_RUN_ID='manual__2024-11-30T16:47:08.245145+00:00'
[2024-11-30T16:50:07.153+0000] {taskinstance.py:731} INFO - ::endgroup::
[2024-11-30T16:50:07.275+0000] {logging_mixin.py:190} INFO - This is load function!!
[2024-11-30T16:50:07.277+0000] {college_info.py:64} INFO - Data loaded to csv successfully!
[2024-11-30T16:50:07.278+0000] {python.py:240} INFO - Done. Returned value was: None
[2024-11-30T16:50:07.331+0000] {taskinstance.py:340} INFO - ::group::Post task execution logs
[2024-11-30T16:50:07.332+0000] {taskinstance.py:352} INFO - Marking task as SUCCESS. dag_id=collegeinfo_dag, task_id=load, run_id=manual__2024-11-30T16:47:08.245145+00:00, execution_date=20241130T164708, start_date=20241130T165005, end_date=20241130T165007
[2024-11-30T16:50:07.640+0000] {local_task_job_runner.py:266} INFO - Task exited with return code 0
[2024-11-30T16:50:07.797+0000] {taskinstance.py:3895} INFO - 0 downstream tasks scheduled from follow-on schedule check
[2024-11-30T16:50:07.802+0000] {local_task_job_runner.py:245} INFO - ::endgroup::
