[2024-12-01T12:42:33.976+0000] {local_task_job_runner.py:123} INFO - ::group::Pre task execution logs
[2024-12-01T12:42:33.997+0000] {taskinstance.py:2613} INFO - Dependencies all met for dep_context=non-requeueable deps ti=<TaskInstance: collegeinfo_dag.transform manual__2024-12-01T12:39:16.615902+00:00 [queued]>
[2024-12-01T12:42:34.018+0000] {taskinstance.py:2613} INFO - Dependencies all met for dep_context=requeueable deps ti=<TaskInstance: collegeinfo_dag.transform manual__2024-12-01T12:39:16.615902+00:00 [queued]>
[2024-12-01T12:42:34.019+0000] {taskinstance.py:2866} INFO - Starting attempt 1 of 1
[2024-12-01T12:42:34.069+0000] {taskinstance.py:2889} INFO - Executing <Task(PythonOperator): transform> on 2024-12-01 12:39:16.615902+00:00
[2024-12-01T12:42:34.094+0000] {logging_mixin.py:190} WARNING - /home/airflow/.local/lib/python3.12/site-packages/airflow/task/task_runner/standard_task_runner.py:70 DeprecationWarning: This process (pid=156) is multi-threaded, use of fork() may lead to deadlocks in the child.
[2024-12-01T12:42:34.097+0000] {standard_task_runner.py:72} INFO - Started process 170 to run task
[2024-12-01T12:42:34.094+0000] {standard_task_runner.py:104} INFO - Running: ['airflow', 'tasks', 'run', 'collegeinfo_dag', 'transform', 'manual__2024-12-01T12:39:16.615902+00:00', '--job-id', '41', '--raw', '--subdir', 'DAGS_FOLDER/college_info.py', '--cfg-path', '/tmp/tmpr30e99fp']
[2024-12-01T12:42:34.099+0000] {standard_task_runner.py:105} INFO - Job 41: Subtask transform
[2024-12-01T12:42:34.211+0000] {task_command.py:467} INFO - Running <TaskInstance: collegeinfo_dag.transform manual__2024-12-01T12:39:16.615902+00:00 [running]> on host ade260fe4ef6
[2024-12-01T12:42:34.367+0000] {taskinstance.py:3132} INFO - Exporting env vars: AIRFLOW_CTX_DAG_OWNER='airflow' AIRFLOW_CTX_DAG_ID='collegeinfo_dag' AIRFLOW_CTX_TASK_ID='transform' AIRFLOW_CTX_EXECUTION_DATE='2024-12-01T12:39:16.615902+00:00' AIRFLOW_CTX_TRY_NUMBER='1' AIRFLOW_CTX_DAG_RUN_ID='manual__2024-12-01T12:39:16.615902+00:00'
[2024-12-01T12:42:34.368+0000] {taskinstance.py:731} INFO - ::endgroup::
[2024-12-01T12:42:34.423+0000] {logging_mixin.py:190} INFO - Index(['name', 'affiliation', 'address'], dtype='object')
[2024-12-01T12:42:34.443+0000] {college_info.py:73} INFO - Data successfully transformed!
[2024-12-01T12:42:34.444+0000] {python.py:240} INFO - Done. Returned value was: None
[2024-12-01T12:42:34.475+0000] {taskinstance.py:340} INFO - ::group::Post task execution logs
[2024-12-01T12:42:34.476+0000] {taskinstance.py:352} INFO - Marking task as SUCCESS. dag_id=collegeinfo_dag, task_id=transform, run_id=manual__2024-12-01T12:39:16.615902+00:00, execution_date=20241201T123916, start_date=20241201T124233, end_date=20241201T124234
[2024-12-01T12:42:34.557+0000] {local_task_job_runner.py:266} INFO - Task exited with return code 0
[2024-12-01T12:42:34.596+0000] {taskinstance.py:3895} INFO - 1 downstream tasks scheduled from follow-on schedule check
[2024-12-01T12:42:34.610+0000] {local_task_job_runner.py:245} INFO - ::endgroup::
