[2024-11-26T16:07:49.785+0000] {manager.py:483} INFO - Processing files using up to 1 processes at a time 
[2024-11-26T16:07:49.787+0000] {manager.py:484} INFO - Process each file at most once every 30 seconds
[2024-11-26T16:07:49.788+0000] {manager.py:485} INFO - Checking for new files in /opt/airflow/dags every 300 seconds
[2024-11-26T16:07:49.790+0000] {manager.py:821} INFO - Searching for files in /opt/airflow/dags
[2024-11-26T16:07:49.792+0000] {manager.py:824} INFO - There are 0 files in /opt/airflow/dags
[2024-11-26T16:12:50.148+0000] {manager.py:821} INFO - Searching for files in /opt/airflow/dags
[2024-11-26T16:12:50.224+0000] {manager.py:824} INFO - There are 0 files in /opt/airflow/dags
[2024-11-26T16:17:50.626+0000] {manager.py:821} INFO - Searching for files in /opt/airflow/dags
[2024-11-26T16:17:50.818+0000] {manager.py:824} INFO - There are 1 files in /opt/airflow/dags
[2024-11-26T16:18:04.537+0000] {manager.py:997} INFO - 
================================================================================
DAG File Processing Stats

File Path                  PID    Runtime      # DAGs    # Errors  Last Runtime    Last Run               Last # of DB Queries
-------------------------  -----  ---------  --------  ----------  --------------  -------------------  ----------------------
/opt/airflow/dags/test.py                           1           0  5.58s           2024-11-26T16:17:57                      45
================================================================================
[2024-11-26T16:18:35.192+0000] {manager.py:997} INFO - 
================================================================================
DAG File Processing Stats

File Path                  PID    Runtime      # DAGs    # Errors  Last Runtime    Last Run               Last # of DB Queries
-------------------------  -----  ---------  --------  ----------  --------------  -------------------  ----------------------
/opt/airflow/dags/test.py                           1           0  2.11s           2024-11-26T16:18:30                      12
================================================================================
[2024-11-26T16:19:05.161+0000] {manager.py:997} INFO - 
================================================================================
DAG File Processing Stats

File Path                  PID    Runtime      # DAGs    # Errors  Last Runtime    Last Run               Last # of DB Queries
-------------------------  -----  ---------  --------  ----------  --------------  -------------------  ----------------------
/opt/airflow/dags/test.py                           1           0  4.18s           2024-11-26T16:19:05                      12
================================================================================
[2024-11-26T16:19:44.351+0000] {manager.py:997} INFO - 
================================================================================
DAG File Processing Stats

File Path                  PID    Runtime      # DAGs    # Errors  Last Runtime    Last Run               Last # of DB Queries
-------------------------  -----  ---------  --------  ----------  --------------  -------------------  ----------------------
/opt/airflow/dags/test.py                           1           0  6.96s           2024-11-26T16:19:44                      12
================================================================================
[2024-11-26T16:20:28.667+0000] {manager.py:997} INFO - 
================================================================================
DAG File Processing Stats

File Path                  PID    Runtime      # DAGs    # Errors  Last Runtime    Last Run               Last # of DB Queries
-------------------------  -----  ---------  --------  ----------  --------------  -------------------  ----------------------
/opt/airflow/dags/test.py                           1           0  13.29s          2024-11-26T16:20:28                      12
================================================================================
[2024-11-26T16:21:22.000+0000] {manager.py:465} INFO - Exiting gracefully upon receiving signal 15
[2024-11-26T16:21:28.467+0000] {manager.py:483} INFO - Processing files using up to 1 processes at a time 
[2024-11-26T16:21:28.469+0000] {manager.py:484} INFO - Process each file at most once every 30 seconds
[2024-11-26T16:21:28.471+0000] {manager.py:485} INFO - Checking for new files in /opt/airflow/dags every 300 seconds
[2024-11-26T16:21:28.473+0000] {manager.py:821} INFO - Searching for files in /opt/airflow/dags
[2024-11-26T16:21:28.549+0000] {manager.py:824} INFO - There are 1 files in /opt/airflow/dags
[2024-11-26T16:21:30.609+0000] {manager.py:997} INFO - 
================================================================================
DAG File Processing Stats

File Path                  PID    Runtime      # DAGs    # Errors  Last Runtime    Last Run               Last # of DB Queries
-------------------------  -----  ---------  --------  ----------  --------------  -------------------  ----------------------
/opt/airflow/dags/test.py                           1           0  1.55s           2024-11-26T16:21:30                      12
================================================================================
[2024-11-26T16:22:13.926+0000] {manager.py:997} INFO - 
================================================================================
DAG File Processing Stats

File Path                  PID    Runtime      # DAGs    # Errors  Last Runtime    Last Run               Last # of DB Queries
-------------------------  -----  ---------  --------  ----------  --------------  -------------------  ----------------------
/opt/airflow/dags/test.py                           1           0  1.67s           2024-11-26T16:22:13                      12
================================================================================
[2024-11-26T16:22:46.373+0000] {manager.py:997} INFO - 
================================================================================
DAG File Processing Stats

File Path                  PID    Runtime      # DAGs    # Errors  Last Runtime    Last Run               Last # of DB Queries
-------------------------  -----  ---------  --------  ----------  --------------  -------------------  ----------------------
/opt/airflow/dags/test.py                           1           0  1.36s           2024-11-26T16:22:46                      12
================================================================================
[2024-11-26T16:23:18.113+0000] {manager.py:997} INFO - 
================================================================================
DAG File Processing Stats

File Path                  PID    Runtime      # DAGs    # Errors  Last Runtime    Last Run               Last # of DB Queries
-------------------------  -----  ---------  --------  ----------  --------------  -------------------  ----------------------
/opt/airflow/dags/test.py                           1           0  1.25s           2024-11-26T16:23:18                      12
================================================================================
[2024-11-26T16:23:50.834+0000] {manager.py:997} INFO - 
================================================================================
DAG File Processing Stats

File Path                  PID    Runtime      # DAGs    # Errors  Last Runtime    Last Run               Last # of DB Queries
-------------------------  -----  ---------  --------  ----------  --------------  -------------------  ----------------------
/opt/airflow/dags/test.py                           1           0  1.65s           2024-11-26T16:23:50                      12
================================================================================
[2024-11-26T16:24:22.300+0000] {manager.py:997} INFO - 
================================================================================
DAG File Processing Stats

File Path                  PID    Runtime      # DAGs    # Errors  Last Runtime    Last Run               Last # of DB Queries
-------------------------  -----  ---------  --------  ----------  --------------  -------------------  ----------------------
/opt/airflow/dags/test.py                           1           0  0.78s           2024-11-26T16:24:22                      12
================================================================================
[2024-11-26T16:24:54.853+0000] {manager.py:997} INFO - 
================================================================================
DAG File Processing Stats

File Path                  PID    Runtime      # DAGs    # Errors  Last Runtime    Last Run               Last # of DB Queries
-------------------------  -----  ---------  --------  ----------  --------------  -------------------  ----------------------
/opt/airflow/dags/test.py                           1           0  2.29s           2024-11-26T16:24:54                      12
================================================================================
[2024-11-26T16:25:43.507+0000] {manager.py:997} INFO - 
================================================================================
DAG File Processing Stats

File Path                  PID    Runtime      # DAGs    # Errors  Last Runtime    Last Run               Last # of DB Queries
-------------------------  -----  ---------  --------  ----------  --------------  -------------------  ----------------------
/opt/airflow/dags/test.py                           1           0  7.11s           2024-11-26T16:25:43                      12
================================================================================
[2024-11-26T16:26:21.496+0000] {manager.py:997} INFO - 
================================================================================
DAG File Processing Stats

File Path                  PID    Runtime      # DAGs    # Errors  Last Runtime    Last Run               Last # of DB Queries
-------------------------  -----  ---------  --------  ----------  --------------  -------------------  ----------------------
/opt/airflow/dags/test.py                           1           0  7.50s           2024-11-26T16:26:21                      12
================================================================================
[2024-11-26T16:26:28.908+0000] {manager.py:821} INFO - Searching for files in /opt/airflow/dags
[2024-11-26T16:26:29.018+0000] {manager.py:824} INFO - There are 1 files in /opt/airflow/dags
[2024-11-26T16:27:33.134+0000] {manager.py:1146} ERROR - Processor for /opt/airflow/dags/test.py exited with return code 1.
[2024-11-26T16:27:33.641+0000] {manager.py:997} INFO - 
================================================================================
DAG File Processing Stats

File Path                  PID    Runtime      # DAGs    # Errors  Last Runtime    Last Run               Last # of DB Queries
-------------------------  -----  ---------  --------  ----------  --------------  -------------------  ----------------------
/opt/airflow/dags/test.py                           0          -1  25.54s          2024-11-26T16:27:33                       0
================================================================================
[2024-11-26T16:28:08.763+0000] {manager.py:465} INFO - Exiting gracefully upon receiving signal 15
[2024-11-27T04:38:42.246+0000] {manager.py:483} INFO - Processing files using up to 1 processes at a time 
[2024-11-27T04:38:42.248+0000] {manager.py:484} INFO - Process each file at most once every 30 seconds
[2024-11-27T04:38:42.249+0000] {manager.py:485} INFO - Checking for new files in /opt/airflow/dags every 300 seconds
[2024-11-27T04:38:42.249+0000] {manager.py:821} INFO - Searching for files in /opt/airflow/dags
[2024-11-27T04:38:42.303+0000] {manager.py:824} INFO - There are 1 files in /opt/airflow/dags
[2024-11-27T04:38:46.286+0000] {manager.py:997} INFO - 
================================================================================
DAG File Processing Stats

File Path                  PID    Runtime      # DAGs    # Errors  Last Runtime    Last Run               Last # of DB Queries
-------------------------  -----  ---------  --------  ----------  --------------  -------------------  ----------------------
/opt/airflow/dags/test.py                           1           0  3.19s           2024-11-27T04:38:46                      34
================================================================================
[2024-11-27T04:39:20.137+0000] {manager.py:997} INFO - 
================================================================================
DAG File Processing Stats

File Path                  PID    Runtime      # DAGs    # Errors  Last Runtime    Last Run               Last # of DB Queries
-------------------------  -----  ---------  --------  ----------  --------------  -------------------  ----------------------
/opt/airflow/dags/test.py                           1           0  2.66s           2024-11-27T04:39:20                      12
================================================================================
[2024-11-27T04:39:53.629+0000] {manager.py:997} INFO - 
================================================================================
DAG File Processing Stats

File Path                  PID    Runtime      # DAGs    # Errors  Last Runtime    Last Run               Last # of DB Queries
-------------------------  -----  ---------  --------  ----------  --------------  -------------------  ----------------------
/opt/airflow/dags/test.py                           1           0  2.60s           2024-11-27T04:39:53                      12
================================================================================
[2024-11-27T04:40:27.656+0000] {manager.py:997} INFO - 
================================================================================
DAG File Processing Stats

File Path                  PID    Runtime      # DAGs    # Errors  Last Runtime    Last Run               Last # of DB Queries
-------------------------  -----  ---------  --------  ----------  --------------  -------------------  ----------------------
/opt/airflow/dags/test.py                           1           0  3.35s           2024-11-27T04:40:27                      12
================================================================================
[2024-11-27T04:41:00.447+0000] {manager.py:997} INFO - 
================================================================================
DAG File Processing Stats

File Path                  PID    Runtime      # DAGs    # Errors  Last Runtime    Last Run               Last # of DB Queries
-------------------------  -----  ---------  --------  ----------  --------------  -------------------  ----------------------
/opt/airflow/dags/test.py                           1           0  2.11s           2024-11-27T04:41:00                      12
================================================================================
[2024-11-27T04:41:32.965+0000] {manager.py:997} INFO - 
================================================================================
DAG File Processing Stats

File Path                  PID    Runtime      # DAGs    # Errors  Last Runtime    Last Run               Last # of DB Queries
-------------------------  -----  ---------  --------  ----------  --------------  -------------------  ----------------------
/opt/airflow/dags/test.py                           1           0  2.09s           2024-11-27T04:41:32                      12
================================================================================
[2024-11-27T04:42:05.900+0000] {manager.py:997} INFO - 
================================================================================
DAG File Processing Stats

File Path                  PID    Runtime      # DAGs    # Errors  Last Runtime    Last Run               Last # of DB Queries
-------------------------  -----  ---------  --------  ----------  --------------  -------------------  ----------------------
/opt/airflow/dags/test.py                           1           0  2.43s           2024-11-27T04:42:05                      12
================================================================================
[2024-11-27T04:42:38.130+0000] {manager.py:997} INFO - 
================================================================================
DAG File Processing Stats

File Path                  PID    Runtime      # DAGs    # Errors  Last Runtime    Last Run               Last # of DB Queries
-------------------------  -----  ---------  --------  ----------  --------------  -------------------  ----------------------
/opt/airflow/dags/test.py                           1           0  1.73s           2024-11-27T04:42:38                      12
================================================================================
[2024-11-27T04:43:11.396+0000] {manager.py:997} INFO - 
================================================================================
DAG File Processing Stats

File Path                  PID    Runtime      # DAGs    # Errors  Last Runtime    Last Run               Last # of DB Queries
-------------------------  -----  ---------  --------  ----------  --------------  -------------------  ----------------------
/opt/airflow/dags/test.py                           1           0  2.77s           2024-11-27T04:43:11                      12
================================================================================
[2024-11-27T04:43:42.409+0000] {manager.py:821} INFO - Searching for files in /opt/airflow/dags
[2024-11-27T04:43:42.513+0000] {manager.py:824} INFO - There are 1 files in /opt/airflow/dags
[2024-11-27T04:44:03.639+0000] {manager.py:997} INFO - 
================================================================================
DAG File Processing Stats

File Path                  PID    Runtime      # DAGs    # Errors  Last Runtime    Last Run               Last # of DB Queries
-------------------------  -----  ---------  --------  ----------  --------------  -------------------  ----------------------
/opt/airflow/dags/test.py                           1           0  20.78s          2024-11-27T04:44:03                      12
================================================================================
[2024-11-27T04:44:38.294+0000] {manager.py:997} INFO - 
================================================================================
DAG File Processing Stats

File Path                  PID    Runtime      # DAGs    # Errors  Last Runtime    Last Run               Last # of DB Queries
-------------------------  -----  ---------  --------  ----------  --------------  -------------------  ----------------------
/opt/airflow/dags/test.py                           1           0  3.98s           2024-11-27T04:44:38                      12
================================================================================
[2024-11-27T04:45:16.091+0000] {manager.py:997} INFO - 
================================================================================
DAG File Processing Stats

File Path                  PID    Runtime      # DAGs    # Errors  Last Runtime    Last Run               Last # of DB Queries
-------------------------  -----  ---------  --------  ----------  --------------  -------------------  ----------------------
/opt/airflow/dags/test.py                           1           0  7.54s           2024-11-27T04:45:16                      12
================================================================================
[2024-11-27T04:45:50.241+0000] {manager.py:997} INFO - 
================================================================================
DAG File Processing Stats

File Path                  PID    Runtime      # DAGs    # Errors  Last Runtime    Last Run               Last # of DB Queries
-------------------------  -----  ---------  --------  ----------  --------------  -------------------  ----------------------
/opt/airflow/dags/test.py                           1           0  3.28s           2024-11-27T04:45:50                      12
================================================================================
[2024-11-27T04:46:29.627+0000] {manager.py:997} INFO - 
================================================================================
DAG File Processing Stats

File Path                  PID    Runtime      # DAGs    # Errors  Last Runtime    Last Run               Last # of DB Queries
-------------------------  -----  ---------  --------  ----------  --------------  -------------------  ----------------------
/opt/airflow/dags/test.py                           1           0  8.19s           2024-11-27T04:46:29                      12
================================================================================
[2024-11-27T04:47:09.811+0000] {manager.py:997} INFO - 
================================================================================
DAG File Processing Stats

File Path                  PID    Runtime      # DAGs    # Errors  Last Runtime    Last Run               Last # of DB Queries
-------------------------  -----  ---------  --------  ----------  --------------  -------------------  ----------------------
/opt/airflow/dags/test.py                           1           0  8.96s           2024-11-27T04:47:09                      12
================================================================================
[2024-11-27T04:47:43.110+0000] {manager.py:997} INFO - 
================================================================================
DAG File Processing Stats

File Path                  PID    Runtime      # DAGs    # Errors  Last Runtime    Last Run               Last # of DB Queries
-------------------------  -----  ---------  --------  ----------  --------------  -------------------  ----------------------
/opt/airflow/dags/test.py                           1           0  3.06s           2024-11-27T04:47:43                      12
================================================================================
[2024-11-27T04:48:16.284+0000] {manager.py:997} INFO - 
================================================================================
DAG File Processing Stats

File Path                  PID    Runtime      # DAGs    # Errors  Last Runtime    Last Run               Last # of DB Queries
-------------------------  -----  ---------  --------  ----------  --------------  -------------------  ----------------------
/opt/airflow/dags/test.py                           1           0  2.72s           2024-11-27T04:48:16                      12
================================================================================
[2024-11-27T04:48:42.472+0000] {manager.py:821} INFO - Searching for files in /opt/airflow/dags
[2024-11-27T04:48:42.590+0000] {manager.py:824} INFO - There are 1 files in /opt/airflow/dags
[2024-11-27T04:48:47.651+0000] {manager.py:997} INFO - 
================================================================================
DAG File Processing Stats

File Path                  PID    Runtime      # DAGs    # Errors  Last Runtime    Last Run               Last # of DB Queries
-------------------------  -----  ---------  --------  ----------  --------------  -------------------  ----------------------
/opt/airflow/dags/test.py                           1           0  1.25s           2024-11-27T04:48:47                      12
================================================================================
[2024-11-27T04:49:19.269+0000] {manager.py:997} INFO - 
================================================================================
DAG File Processing Stats

File Path                  PID    Runtime      # DAGs    # Errors  Last Runtime    Last Run               Last # of DB Queries
-------------------------  -----  ---------  --------  ----------  --------------  -------------------  ----------------------
/opt/airflow/dags/test.py                           1           0  1.30s           2024-11-27T04:49:19                      12
================================================================================
[2024-11-27T04:49:50.800+0000] {manager.py:997} INFO - 
================================================================================
DAG File Processing Stats

File Path                  PID    Runtime      # DAGs    # Errors  Last Runtime    Last Run               Last # of DB Queries
-------------------------  -----  ---------  --------  ----------  --------------  -------------------  ----------------------
/opt/airflow/dags/test.py                           1           0  1.21s           2024-11-27T04:49:50                      12
================================================================================
[2024-11-27T04:50:23.589+0000] {manager.py:997} INFO - 
================================================================================
DAG File Processing Stats

File Path                  PID    Runtime      # DAGs    # Errors  Last Runtime    Last Run               Last # of DB Queries
-------------------------  -----  ---------  --------  ----------  --------------  -------------------  ----------------------
/opt/airflow/dags/test.py                           1           0  1.92s           2024-11-27T04:50:23                      12
================================================================================
[2024-11-27T04:50:56.936+0000] {manager.py:997} INFO - 
================================================================================
DAG File Processing Stats

File Path                  PID    Runtime      # DAGs    # Errors  Last Runtime    Last Run               Last # of DB Queries
-------------------------  -----  ---------  --------  ----------  --------------  -------------------  ----------------------
/opt/airflow/dags/test.py                           1           0  2.88s           2024-11-27T04:50:56                      12
================================================================================
[2024-11-27T04:51:29.545+0000] {manager.py:997} INFO - 
================================================================================
DAG File Processing Stats

File Path                  PID    Runtime      # DAGs    # Errors  Last Runtime    Last Run               Last # of DB Queries
-------------------------  -----  ---------  --------  ----------  --------------  -------------------  ----------------------
/opt/airflow/dags/test.py                           1           0  2.45s           2024-11-27T04:51:29                      12
================================================================================
[2024-11-27T04:52:01.192+0000] {manager.py:997} INFO - 
================================================================================
DAG File Processing Stats

File Path                  PID    Runtime      # DAGs    # Errors  Last Runtime    Last Run               Last # of DB Queries
-------------------------  -----  ---------  --------  ----------  --------------  -------------------  ----------------------
/opt/airflow/dags/test.py                           1           0  1.20s           2024-11-27T04:52:01                      12
================================================================================
[2024-11-27T04:52:32.023+0000] {manager.py:997} INFO - 
================================================================================
DAG File Processing Stats

File Path                  PID    Runtime      # DAGs    # Errors  Last Runtime    Last Run               Last # of DB Queries
-------------------------  -----  ---------  --------  ----------  --------------  -------------------  ----------------------
/opt/airflow/dags/test.py                           1           0  0.74s           2024-11-27T04:52:32                      12
================================================================================
[2024-11-27T04:53:03.207+0000] {manager.py:997} INFO - 
================================================================================
DAG File Processing Stats

File Path                  PID    Runtime      # DAGs    # Errors  Last Runtime    Last Run               Last # of DB Queries
-------------------------  -----  ---------  --------  ----------  --------------  -------------------  ----------------------
/opt/airflow/dags/test.py                           1           0  0.77s           2024-11-27T04:53:03                      12
================================================================================
[2024-11-27T04:53:34.365+0000] {manager.py:997} INFO - 
================================================================================
DAG File Processing Stats

File Path                  PID    Runtime      # DAGs    # Errors  Last Runtime    Last Run               Last # of DB Queries
-------------------------  -----  ---------  --------  ----------  --------------  -------------------  ----------------------
/opt/airflow/dags/test.py                           1           0  0.66s           2024-11-27T04:53:34                      12
================================================================================
[2024-11-27T04:53:43.014+0000] {manager.py:821} INFO - Searching for files in /opt/airflow/dags
[2024-11-27T04:53:43.124+0000] {manager.py:824} INFO - There are 1 files in /opt/airflow/dags
[2024-11-27T04:54:05.211+0000] {manager.py:997} INFO - 
================================================================================
DAG File Processing Stats

File Path                  PID    Runtime      # DAGs    # Errors  Last Runtime    Last Run               Last # of DB Queries
-------------------------  -----  ---------  --------  ----------  --------------  -------------------  ----------------------
/opt/airflow/dags/test.py                           1           0  0.43s           2024-11-27T04:54:05                      12
================================================================================
[2024-11-27T04:54:35.975+0000] {manager.py:997} INFO - 
================================================================================
DAG File Processing Stats

File Path                  PID    Runtime      # DAGs    # Errors  Last Runtime    Last Run               Last # of DB Queries
-------------------------  -----  ---------  --------  ----------  --------------  -------------------  ----------------------
/opt/airflow/dags/test.py                           1           0  0.51s           2024-11-27T04:54:35                      12
================================================================================
[2024-11-27T04:55:05.987+0000] {manager.py:997} INFO - 
================================================================================
DAG File Processing Stats

File Path                  PID    Runtime      # DAGs    # Errors  Last Runtime    Last Run               Last # of DB Queries
-------------------------  -----  ---------  --------  ----------  --------------  -------------------  ----------------------
/opt/airflow/dags/test.py                           1           0  0.51s           2024-11-27T04:54:35                      12
================================================================================
[2024-11-27T04:55:36.096+0000] {manager.py:997} INFO - 
================================================================================
DAG File Processing Stats

File Path                  PID    Runtime      # DAGs    # Errors  Last Runtime    Last Run               Last # of DB Queries
-------------------------  -----  ---------  --------  ----------  --------------  -------------------  ----------------------
/opt/airflow/dags/test.py                           1           0  0.43s           2024-11-27T04:55:06                      12
================================================================================
[2024-11-27T04:56:06.773+0000] {manager.py:997} INFO - 
================================================================================
DAG File Processing Stats

File Path                  PID    Runtime      # DAGs    # Errors  Last Runtime    Last Run               Last # of DB Queries
-------------------------  -----  ---------  --------  ----------  --------------  -------------------  ----------------------
/opt/airflow/dags/test.py                           1           0  0.35s           2024-11-27T04:55:37                      12
================================================================================
[2024-11-27T04:56:37.098+0000] {manager.py:997} INFO - 
================================================================================
DAG File Processing Stats

File Path                  PID    Runtime      # DAGs    # Errors  Last Runtime    Last Run               Last # of DB Queries
-------------------------  -----  ---------  --------  ----------  --------------  -------------------  ----------------------
/opt/airflow/dags/test.py                           1           0  0.35s           2024-11-27T04:56:08                      12
================================================================================
[2024-11-27T04:57:07.291+0000] {manager.py:997} INFO - 
================================================================================
DAG File Processing Stats

File Path                  PID    Runtime      # DAGs    # Errors  Last Runtime    Last Run               Last # of DB Queries
-------------------------  -----  ---------  --------  ----------  --------------  -------------------  ----------------------
/opt/airflow/dags/test.py                           1           0  0.42s           2024-11-27T04:56:39                      12
================================================================================
[2024-11-27T04:57:38.505+0000] {manager.py:997} INFO - 
================================================================================
DAG File Processing Stats

File Path                  PID    Runtime      # DAGs    # Errors  Last Runtime    Last Run               Last # of DB Queries
-------------------------  -----  ---------  --------  ----------  --------------  -------------------  ----------------------
/opt/airflow/dags/test.py                           1           0  1.57s           2024-11-27T04:57:11                      12
================================================================================
[2024-11-27T04:58:09.804+0000] {manager.py:997} INFO - 
================================================================================
DAG File Processing Stats

File Path                  PID    Runtime      # DAGs    # Errors  Last Runtime    Last Run               Last # of DB Queries
-------------------------  -----  ---------  --------  ----------  --------------  -------------------  ----------------------
/opt/airflow/dags/test.py                           1           0  0.42s           2024-11-27T04:57:42                      12
================================================================================
[2024-11-27T04:58:41.005+0000] {manager.py:997} INFO - 
================================================================================
DAG File Processing Stats

File Path                  PID    Runtime      # DAGs    # Errors  Last Runtime    Last Run               Last # of DB Queries
-------------------------  -----  ---------  --------  ----------  --------------  -------------------  ----------------------
/opt/airflow/dags/test.py                           1           0  1.06s           2024-11-27T04:58:13                      12
================================================================================
[2024-11-27T04:58:43.061+0000] {manager.py:821} INFO - Searching for files in /opt/airflow/dags
[2024-11-27T04:58:43.164+0000] {manager.py:824} INFO - There are 1 files in /opt/airflow/dags
[2024-11-27T05:08:57.119+0000] {manager.py:821} INFO - Searching for files in /opt/airflow/dags
[2024-11-27T05:08:57.393+0000] {manager.py:824} INFO - There are 1 files in /opt/airflow/dags
[2024-11-27T05:09:27.674+0000] {manager.py:997} INFO - 
================================================================================
DAG File Processing Stats

File Path                  PID    Runtime      # DAGs    # Errors  Last Runtime    Last Run               Last # of DB Queries
-------------------------  -----  ---------  --------  ----------  --------------  -------------------  ----------------------
/opt/airflow/dags/test.py                           1           0  29.66s          2024-11-27T05:09:27                      12
================================================================================
[2024-11-27T05:09:58.628+0000] {manager.py:997} INFO - 
================================================================================
DAG File Processing Stats

File Path                  PID    Runtime      # DAGs    # Errors  Last Runtime    Last Run               Last # of DB Queries
-------------------------  -----  ---------  --------  ----------  --------------  -------------------  ----------------------
/opt/airflow/dags/test.py                           1           0  0.85s           2024-11-27T05:09:58                      12
================================================================================
[2024-11-27T05:10:31.543+0000] {manager.py:997} INFO - 
================================================================================
DAG File Processing Stats

File Path                  PID    Runtime      # DAGs    # Errors  Last Runtime    Last Run               Last # of DB Queries
-------------------------  -----  ---------  --------  ----------  --------------  -------------------  ----------------------
/opt/airflow/dags/test.py                           1           0  2.21s           2024-11-27T05:10:31                      12
================================================================================
[2024-11-27T05:11:05.568+0000] {manager.py:997} INFO - 
================================================================================
DAG File Processing Stats

File Path                  PID    Runtime      # DAGs    # Errors  Last Runtime    Last Run               Last # of DB Queries
-------------------------  -----  ---------  --------  ----------  --------------  -------------------  ----------------------
/opt/airflow/dags/test.py                           1           0  3.12s           2024-11-27T05:11:05                      12
================================================================================
[2024-11-27T05:11:39.415+0000] {manager.py:997} INFO - 
================================================================================
DAG File Processing Stats

File Path                  PID    Runtime      # DAGs    # Errors  Last Runtime    Last Run               Last # of DB Queries
-------------------------  -----  ---------  --------  ----------  --------------  -------------------  ----------------------
/opt/airflow/dags/test.py                           1           0  3.25s           2024-11-27T05:11:39                      12
================================================================================
[2024-11-27T06:21:28.557+0000] {manager.py:483} INFO - Processing files using up to 1 processes at a time 
[2024-11-27T06:21:28.558+0000] {manager.py:484} INFO - Process each file at most once every 30 seconds
[2024-11-27T06:21:28.559+0000] {manager.py:485} INFO - Checking for new files in /opt/airflow/dags every 300 seconds
[2024-11-27T06:21:28.560+0000] {manager.py:821} INFO - Searching for files in /opt/airflow/dags
[2024-11-27T06:21:28.614+0000] {manager.py:824} INFO - There are 1 files in /opt/airflow/dags
[2024-11-27T06:21:30.325+0000] {manager.py:997} INFO - 
================================================================================
DAG File Processing Stats

File Path                  PID    Runtime      # DAGs    # Errors  Last Runtime    Last Run               Last # of DB Queries
-------------------------  -----  ---------  --------  ----------  --------------  -------------------  ----------------------
/opt/airflow/dags/test.py                           1           0  1.23s           2024-11-27T06:21:30                      12
================================================================================
[2024-11-27T06:22:03.950+0000] {manager.py:997} INFO - 
================================================================================
DAG File Processing Stats

File Path                  PID    Runtime      # DAGs    # Errors  Last Runtime    Last Run               Last # of DB Queries
-------------------------  -----  ---------  --------  ----------  --------------  -------------------  ----------------------
/opt/airflow/dags/test.py                           1           0  2.60s           2024-11-27T06:22:03                      12
================================================================================
[2024-11-27T06:22:35.910+0000] {manager.py:997} INFO - 
================================================================================
DAG File Processing Stats

File Path                  PID    Runtime      # DAGs    # Errors  Last Runtime    Last Run               Last # of DB Queries
-------------------------  -----  ---------  --------  ----------  --------------  -------------------  ----------------------
/opt/airflow/dags/test.py                           1           0  1.36s           2024-11-27T06:22:35                      12
================================================================================
[2024-11-27T06:23:09.801+0000] {manager.py:997} INFO - 
================================================================================
DAG File Processing Stats

File Path                  PID    Runtime      # DAGs    # Errors  Last Runtime    Last Run               Last # of DB Queries
-------------------------  -----  ---------  --------  ----------  --------------  -------------------  ----------------------
/opt/airflow/dags/test.py                           1           0  2.49s           2024-11-27T06:23:09                      12
================================================================================
[2024-11-27T06:23:45.205+0000] {manager.py:997} INFO - 
================================================================================
DAG File Processing Stats

File Path                  PID    Runtime      # DAGs    # Errors  Last Runtime    Last Run               Last # of DB Queries
-------------------------  -----  ---------  --------  ----------  --------------  -------------------  ----------------------
/opt/airflow/dags/test.py                           1           0  4.31s           2024-11-27T06:23:45                      12
================================================================================
[2024-11-27T06:24:15.224+0000] {manager.py:997} INFO - 
================================================================================
DAG File Processing Stats

File Path                  PID    Runtime      # DAGs    # Errors  Last Runtime    Last Run               Last # of DB Queries
-------------------------  -----  ---------  --------  ----------  --------------  -------------------  ----------------------
/opt/airflow/dags/test.py                           1           0  4.31s           2024-11-27T06:23:45                      12
================================================================================
[2024-11-27T06:24:46.385+0000] {manager.py:997} INFO - 
================================================================================
DAG File Processing Stats

File Path                  PID    Runtime      # DAGs    # Errors  Last Runtime    Last Run               Last # of DB Queries
-------------------------  -----  ---------  --------  ----------  --------------  -------------------  ----------------------
/opt/airflow/dags/test.py                           1           0  5.51s           2024-11-27T06:24:21                      12
================================================================================
[2024-11-27T06:25:17.440+0000] {manager.py:997} INFO - 
================================================================================
DAG File Processing Stats

File Path                  PID    Runtime      # DAGs    # Errors  Last Runtime    Last Run               Last # of DB Queries
-------------------------  -----  ---------  --------  ----------  --------------  -------------------  ----------------------
/opt/airflow/dags/test.py                           1           0  2.73s           2024-11-27T06:24:55                      12
================================================================================
[2024-11-27T06:25:47.620+0000] {manager.py:997} INFO - 
================================================================================
DAG File Processing Stats

File Path                  PID    Runtime      # DAGs    # Errors  Last Runtime    Last Run               Last # of DB Queries
-------------------------  -----  ---------  --------  ----------  --------------  -------------------  ----------------------
/opt/airflow/dags/test.py                           1           0  2.76s           2024-11-27T06:25:28                      12
================================================================================
[2024-11-27T06:26:17.783+0000] {manager.py:997} INFO - 
================================================================================
DAG File Processing Stats

File Path                  PID    Runtime      # DAGs    # Errors  Last Runtime    Last Run               Last # of DB Queries
-------------------------  -----  ---------  --------  ----------  --------------  -------------------  ----------------------
/opt/airflow/dags/test.py                           1           0  0.96s           2024-11-27T06:25:59                      12
================================================================================
[2024-11-27T06:26:28.743+0000] {manager.py:821} INFO - Searching for files in /opt/airflow/dags
[2024-11-27T06:26:28.799+0000] {manager.py:824} INFO - There are 1 files in /opt/airflow/dags
[2024-11-27T06:26:48.417+0000] {manager.py:997} INFO - 
================================================================================
DAG File Processing Stats

File Path                  PID    Runtime      # DAGs    # Errors  Last Runtime    Last Run               Last # of DB Queries
-------------------------  -----  ---------  --------  ----------  --------------  -------------------  ----------------------
/opt/airflow/dags/test.py                           1           0  0.34s           2024-11-27T06:26:30                      12
================================================================================
[2024-11-27T06:27:19.176+0000] {manager.py:997} INFO - 
================================================================================
DAG File Processing Stats

File Path                  PID    Runtime      # DAGs    # Errors  Last Runtime    Last Run               Last # of DB Queries
-------------------------  -----  ---------  --------  ----------  --------------  -------------------  ----------------------
/opt/airflow/dags/test.py                           1           0  1.76s           2024-11-27T06:27:02                      12
================================================================================
[2024-11-27T06:27:50.111+0000] {manager.py:997} INFO - 
================================================================================
DAG File Processing Stats

File Path                  PID    Runtime      # DAGs    # Errors  Last Runtime    Last Run               Last # of DB Queries
-------------------------  -----  ---------  --------  ----------  --------------  -------------------  ----------------------
/opt/airflow/dags/test.py                           1           0  1.41s           2024-11-27T06:27:34                      12
================================================================================
[2024-11-27T06:28:20.908+0000] {manager.py:997} INFO - 
================================================================================
DAG File Processing Stats

File Path                  PID    Runtime      # DAGs    # Errors  Last Runtime    Last Run               Last # of DB Queries
-------------------------  -----  ---------  --------  ----------  --------------  -------------------  ----------------------
/opt/airflow/dags/test.py                           1           0  0.53s           2024-11-27T06:28:05                      12
================================================================================
[2024-11-27T06:28:51.988+0000] {manager.py:997} INFO - 
================================================================================
DAG File Processing Stats

File Path                  PID    Runtime      # DAGs    # Errors  Last Runtime    Last Run               Last # of DB Queries
-------------------------  -----  ---------  --------  ----------  --------------  -------------------  ----------------------
/opt/airflow/dags/test.py                           1           0  0.89s           2024-11-27T06:28:37                      12
================================================================================
[2024-11-27T06:29:23.116+0000] {manager.py:997} INFO - 
================================================================================
DAG File Processing Stats

File Path                  PID    Runtime      # DAGs    # Errors  Last Runtime    Last Run               Last # of DB Queries
-------------------------  -----  ---------  --------  ----------  --------------  -------------------  ----------------------
/opt/airflow/dags/test.py                           1           0  1.72s           2024-11-27T06:29:09                      12
================================================================================
[2024-11-27T06:29:53.486+0000] {manager.py:997} INFO - 
================================================================================
DAG File Processing Stats

File Path                  PID    Runtime      # DAGs    # Errors  Last Runtime    Last Run               Last # of DB Queries
-------------------------  -----  ---------  --------  ----------  --------------  -------------------  ----------------------
/opt/airflow/dags/test.py                           1           0  1.25s           2024-11-27T06:29:40                      12
================================================================================
[2024-11-27T06:30:24.302+0000] {manager.py:997} INFO - 
================================================================================
DAG File Processing Stats

File Path                  PID    Runtime      # DAGs    # Errors  Last Runtime    Last Run               Last # of DB Queries
-------------------------  -----  ---------  --------  ----------  --------------  -------------------  ----------------------
/opt/airflow/dags/test.py                           1           0  1.61s           2024-11-27T06:30:12                      12
================================================================================
[2024-11-27T06:30:54.726+0000] {manager.py:997} INFO - 
================================================================================
DAG File Processing Stats

File Path                  PID    Runtime      # DAGs    # Errors  Last Runtime    Last Run               Last # of DB Queries
-------------------------  -----  ---------  --------  ----------  --------------  -------------------  ----------------------
/opt/airflow/dags/test.py                           1           0  1.83s           2024-11-27T06:30:44                      12
================================================================================
[2024-11-27T06:31:25.754+0000] {manager.py:997} INFO - 
================================================================================
DAG File Processing Stats

File Path                  PID    Runtime      # DAGs    # Errors  Last Runtime    Last Run               Last # of DB Queries
-------------------------  -----  ---------  --------  ----------  --------------  -------------------  ----------------------
/opt/airflow/dags/test.py                           1           0  0.54s           2024-11-27T06:31:15                      12
================================================================================
[2024-11-27T06:31:28.798+0000] {manager.py:821} INFO - Searching for files in /opt/airflow/dags
[2024-11-27T06:31:28.847+0000] {manager.py:824} INFO - There are 1 files in /opt/airflow/dags
[2024-11-27T06:31:56.906+0000] {manager.py:997} INFO - 
================================================================================
DAG File Processing Stats

File Path                  PID    Runtime      # DAGs    # Errors  Last Runtime    Last Run               Last # of DB Queries
-------------------------  -----  ---------  --------  ----------  --------------  -------------------  ----------------------
/opt/airflow/dags/test.py                           1           0  0.78s           2024-11-27T06:31:46                      12
================================================================================
[2024-11-27T06:32:27.978+0000] {manager.py:997} INFO - 
================================================================================
DAG File Processing Stats

File Path                  PID    Runtime      # DAGs    # Errors  Last Runtime    Last Run               Last # of DB Queries
-------------------------  -----  ---------  --------  ----------  --------------  -------------------  ----------------------
/opt/airflow/dags/test.py                           1           0  0.97s           2024-11-27T06:32:18                      12
================================================================================
[2024-11-27T06:32:58.221+0000] {manager.py:997} INFO - 
================================================================================
DAG File Processing Stats

File Path                  PID    Runtime      # DAGs    # Errors  Last Runtime    Last Run               Last # of DB Queries
-------------------------  -----  ---------  --------  ----------  --------------  -------------------  ----------------------
/opt/airflow/dags/test.py                           1           0  0.98s           2024-11-27T06:32:49                      12
================================================================================
[2024-11-27T06:33:28.793+0000] {manager.py:997} INFO - 
================================================================================
DAG File Processing Stats

File Path                  PID    Runtime      # DAGs    # Errors  Last Runtime    Last Run               Last # of DB Queries
-------------------------  -----  ---------  --------  ----------  --------------  -------------------  ----------------------
/opt/airflow/dags/test.py                           1           0  1.36s           2024-11-27T06:33:21                      12
================================================================================
[2024-11-27T06:33:58.947+0000] {manager.py:997} INFO - 
================================================================================
DAG File Processing Stats

File Path                  PID    Runtime      # DAGs    # Errors  Last Runtime    Last Run               Last # of DB Queries
-------------------------  -----  ---------  --------  ----------  --------------  -------------------  ----------------------
/opt/airflow/dags/test.py                           1           0  0.65s           2024-11-27T06:33:52                      12
================================================================================
[2024-11-29T06:46:57.217+0000] {manager.py:483} INFO - Processing files using up to 1 processes at a time 
[2024-11-29T06:46:57.220+0000] {manager.py:484} INFO - Process each file at most once every 30 seconds
[2024-11-29T06:46:57.222+0000] {manager.py:485} INFO - Checking for new files in /opt/airflow/dags every 300 seconds
[2024-11-29T06:46:57.225+0000] {manager.py:821} INFO - Searching for files in /opt/airflow/dags
[2024-11-29T06:46:57.359+0000] {manager.py:824} INFO - There are 1 files in /opt/airflow/dags
[2024-11-29T06:46:59.962+0000] {manager.py:997} INFO - 
================================================================================
DAG File Processing Stats

File Path                  PID    Runtime      # DAGs    # Errors  Last Runtime    Last Run               Last # of DB Queries
-------------------------  -----  ---------  --------  ----------  --------------  -------------------  ----------------------
/opt/airflow/dags/test.py                           1           0  1.80s           2024-11-29T06:46:59                      34
================================================================================
[2024-11-29T06:47:32.372+0000] {manager.py:997} INFO - 
================================================================================
DAG File Processing Stats

File Path                  PID    Runtime      # DAGs    # Errors  Last Runtime    Last Run               Last # of DB Queries
-------------------------  -----  ---------  --------  ----------  --------------  -------------------  ----------------------
/opt/airflow/dags/test.py                           1           0  1.99s           2024-11-29T06:47:32                      12
================================================================================
[2024-11-29T06:48:06.825+0000] {manager.py:997} INFO - 
================================================================================
DAG File Processing Stats

File Path                  PID    Runtime      # DAGs    # Errors  Last Runtime    Last Run               Last # of DB Queries
-------------------------  -----  ---------  --------  ----------  --------------  -------------------  ----------------------
/opt/airflow/dags/test.py                           1           0  3.13s           2024-11-29T06:48:06                      12
================================================================================
[2024-11-29T06:48:40.715+0000] {manager.py:997} INFO - 
================================================================================
DAG File Processing Stats

File Path                  PID    Runtime      # DAGs    # Errors  Last Runtime    Last Run               Last # of DB Queries
-------------------------  -----  ---------  --------  ----------  --------------  -------------------  ----------------------
/opt/airflow/dags/test.py                           1           0  2.68s           2024-11-29T06:48:40                      12
================================================================================
[2024-11-29T06:49:12.784+0000] {manager.py:997} INFO - 
================================================================================
DAG File Processing Stats

File Path                  PID    Runtime      # DAGs    # Errors  Last Runtime    Last Run               Last # of DB Queries
-------------------------  -----  ---------  --------  ----------  --------------  -------------------  ----------------------
/opt/airflow/dags/test.py                           1           0  1.30s           2024-11-29T06:49:12                      12
================================================================================
[2024-11-29T06:49:44.543+0000] {manager.py:997} INFO - 
================================================================================
DAG File Processing Stats

File Path                  PID    Runtime      # DAGs    # Errors  Last Runtime    Last Run               Last # of DB Queries
-------------------------  -----  ---------  --------  ----------  --------------  -------------------  ----------------------
/opt/airflow/dags/test.py                           1           0  1.16s           2024-11-29T06:49:44                      12
================================================================================
[2024-11-29T06:50:19.034+0000] {manager.py:997} INFO - 
================================================================================
DAG File Processing Stats

File Path                  PID    Runtime      # DAGs    # Errors  Last Runtime    Last Run               Last # of DB Queries
-------------------------  -----  ---------  --------  ----------  --------------  -------------------  ----------------------
/opt/airflow/dags/test.py                           1           0  1.18s           2024-11-29T06:50:19                      12
================================================================================
[2024-11-29T06:50:51.601+0000] {manager.py:997} INFO - 
================================================================================
DAG File Processing Stats

File Path                  PID    Runtime      # DAGs    # Errors  Last Runtime    Last Run               Last # of DB Queries
-------------------------  -----  ---------  --------  ----------  --------------  -------------------  ----------------------
/opt/airflow/dags/test.py                           1           0  1.86s           2024-11-29T06:50:51                      12
================================================================================
[2024-11-29T06:51:23.574+0000] {manager.py:997} INFO - 
================================================================================
DAG File Processing Stats

File Path                  PID    Runtime      # DAGs    # Errors  Last Runtime    Last Run               Last # of DB Queries
-------------------------  -----  ---------  --------  ----------  --------------  -------------------  ----------------------
/opt/airflow/dags/test.py                           1           0  1.87s           2024-11-29T06:51:23                      12
================================================================================
[2024-11-29T06:51:57.455+0000] {manager.py:997} INFO - 
================================================================================
DAG File Processing Stats

File Path                  PID    Runtime      # DAGs    # Errors  Last Runtime    Last Run               Last # of DB Queries
-------------------------  -----  ---------  --------  ----------  --------------  -------------------  ----------------------
/opt/airflow/dags/test.py                           1           0  3.34s           2024-11-29T06:51:57                      12
================================================================================
[2024-11-29T06:51:59.269+0000] {manager.py:821} INFO - Searching for files in /opt/airflow/dags
[2024-11-29T06:51:59.377+0000] {manager.py:824} INFO - There are 1 files in /opt/airflow/dags
[2024-11-29T06:52:30.571+0000] {manager.py:997} INFO - 
================================================================================
DAG File Processing Stats

File Path                  PID    Runtime      # DAGs    # Errors  Last Runtime    Last Run               Last # of DB Queries
-------------------------  -----  ---------  --------  ----------  --------------  -------------------  ----------------------
/opt/airflow/dags/test.py                           1           0  1.92s           2024-11-29T06:52:30                      12
================================================================================
[2024-11-29T06:53:03.352+0000] {manager.py:997} INFO - 
================================================================================
DAG File Processing Stats

File Path                  PID    Runtime      # DAGs    # Errors  Last Runtime    Last Run               Last # of DB Queries
-------------------------  -----  ---------  --------  ----------  --------------  -------------------  ----------------------
/opt/airflow/dags/test.py                           1           0  2.22s           2024-11-29T06:53:03                      12
================================================================================
[2024-11-29T06:53:34.335+0000] {manager.py:997} INFO - 
================================================================================
DAG File Processing Stats

File Path                  PID    Runtime      # DAGs    # Errors  Last Runtime    Last Run               Last # of DB Queries
-------------------------  -----  ---------  --------  ----------  --------------  -------------------  ----------------------
/opt/airflow/dags/test.py                           1           0  0.56s           2024-11-29T06:53:34                      12
================================================================================
[2024-11-29T06:54:07.773+0000] {manager.py:997} INFO - 
================================================================================
DAG File Processing Stats

File Path                  PID    Runtime      # DAGs    # Errors  Last Runtime    Last Run               Last # of DB Queries
-------------------------  -----  ---------  --------  ----------  --------------  -------------------  ----------------------
/opt/airflow/dags/test.py                           1           0  3.18s           2024-11-29T06:54:07                      12
================================================================================
[2024-11-29T06:54:39.829+0000] {manager.py:997} INFO - 
================================================================================
DAG File Processing Stats

File Path                  PID    Runtime      # DAGs    # Errors  Last Runtime    Last Run               Last # of DB Queries
-------------------------  -----  ---------  --------  ----------  --------------  -------------------  ----------------------
/opt/airflow/dags/test.py                           1           0  1.50s           2024-11-29T06:54:39                      12
================================================================================
[2024-11-29T06:55:12.305+0000] {manager.py:997} INFO - 
================================================================================
DAG File Processing Stats

File Path                  PID    Runtime      # DAGs    # Errors  Last Runtime    Last Run               Last # of DB Queries
-------------------------  -----  ---------  --------  ----------  --------------  -------------------  ----------------------
/opt/airflow/dags/test.py                           1           0  1.85s           2024-11-29T06:55:12                      12
================================================================================
[2024-11-29T06:55:43.699+0000] {manager.py:997} INFO - 
================================================================================
DAG File Processing Stats

File Path                  PID    Runtime      # DAGs    # Errors  Last Runtime    Last Run               Last # of DB Queries
-------------------------  -----  ---------  --------  ----------  --------------  -------------------  ----------------------
/opt/airflow/dags/test.py                           1           0  0.98s           2024-11-29T06:55:43                      12
================================================================================
[2024-11-29T06:56:15.709+0000] {manager.py:997} INFO - 
================================================================================
DAG File Processing Stats

File Path                  PID    Runtime      # DAGs    # Errors  Last Runtime    Last Run               Last # of DB Queries
-------------------------  -----  ---------  --------  ----------  --------------  -------------------  ----------------------
/opt/airflow/dags/test.py                           1           0  1.61s           2024-11-29T06:56:15                      12
================================================================================
[2024-11-29T06:56:46.990+0000] {manager.py:997} INFO - 
================================================================================
DAG File Processing Stats

File Path                  PID    Runtime      # DAGs    # Errors  Last Runtime    Last Run               Last # of DB Queries
-------------------------  -----  ---------  --------  ----------  --------------  -------------------  ----------------------
/opt/airflow/dags/test.py                           1           0  0.85s           2024-11-29T06:56:46                      12
================================================================================
[2024-11-29T06:56:59.292+0000] {manager.py:821} INFO - Searching for files in /opt/airflow/dags
[2024-11-29T06:56:59.396+0000] {manager.py:824} INFO - There are 1 files in /opt/airflow/dags
[2024-11-29T06:57:19.069+0000] {manager.py:997} INFO - 
================================================================================
DAG File Processing Stats

File Path                  PID    Runtime      # DAGs    # Errors  Last Runtime    Last Run               Last # of DB Queries
-------------------------  -----  ---------  --------  ----------  --------------  -------------------  ----------------------
/opt/airflow/dags/test.py                           1           0  1.60s           2024-11-29T06:57:19                      12
================================================================================
[2024-11-29T06:57:49.543+0000] {manager.py:997} INFO - 
================================================================================
DAG File Processing Stats

File Path                  PID    Runtime      # DAGs    # Errors  Last Runtime    Last Run               Last # of DB Queries
-------------------------  -----  ---------  --------  ----------  --------------  -------------------  ----------------------
/opt/airflow/dags/test.py                           1           0  0.22s           2024-11-29T06:57:49                      12
================================================================================
[2024-11-29T06:58:20.201+0000] {manager.py:997} INFO - 
================================================================================
DAG File Processing Stats

File Path                  PID    Runtime      # DAGs    # Errors  Last Runtime    Last Run               Last # of DB Queries
-------------------------  -----  ---------  --------  ----------  --------------  -------------------  ----------------------
/opt/airflow/dags/test.py                           1           0  0.41s           2024-11-29T06:58:20                      12
================================================================================
[2024-11-29T06:58:51.041+0000] {manager.py:997} INFO - 
================================================================================
DAG File Processing Stats

File Path                  PID    Runtime      # DAGs    # Errors  Last Runtime    Last Run               Last # of DB Queries
-------------------------  -----  ---------  --------  ----------  --------------  -------------------  ----------------------
/opt/airflow/dags/test.py                           1           0  0.53s           2024-11-29T06:58:51                      12
================================================================================
[2024-11-29T06:59:23.785+0000] {manager.py:997} INFO - 
================================================================================
DAG File Processing Stats

File Path                  PID    Runtime      # DAGs    # Errors  Last Runtime    Last Run               Last # of DB Queries
-------------------------  -----  ---------  --------  ----------  --------------  -------------------  ----------------------
/opt/airflow/dags/test.py                           1           0  2.21s           2024-11-29T06:59:23                      12
================================================================================
[2024-11-29T07:03:04.669+0000] {manager.py:821} INFO - Searching for files in /opt/airflow/dags
[2024-11-29T07:03:32.865+0000] {manager.py:824} INFO - There are 1 files in /opt/airflow/dags
[2024-11-29T07:03:45.228+0000] {manager.py:997} INFO - 
================================================================================
DAG File Processing Stats

File Path                  PID    Runtime      # DAGs    # Errors  Last Runtime    Last Run               Last # of DB Queries
-------------------------  -----  ---------  --------  ----------  --------------  -------------------  ----------------------
/opt/airflow/dags/test.py                           1           0  10.84s          2024-11-29T07:03:45                      12
================================================================================
[2024-11-29T07:04:33.674+0000] {manager.py:483} INFO - Processing files using up to 1 processes at a time 
[2024-11-29T07:04:33.682+0000] {manager.py:484} INFO - Process each file at most once every 30 seconds
[2024-11-29T07:04:33.683+0000] {manager.py:485} INFO - Checking for new files in /opt/airflow/dags every 300 seconds
[2024-11-29T07:04:33.688+0000] {manager.py:821} INFO - Searching for files in /opt/airflow/dags
[2024-11-29T07:04:33.822+0000] {manager.py:824} INFO - There are 1 files in /opt/airflow/dags
[2024-11-29T07:04:40.954+0000] {manager.py:833} ERROR - Error removing old import errors
Traceback (most recent call last):
  File "/home/airflow/.local/lib/python3.12/site-packages/sqlalchemy/engine/base.py", line 1094, in _commit_impl
    self.engine.dialect.do_commit(self.connection)
  File "/home/airflow/.local/lib/python3.12/site-packages/sqlalchemy/engine/default.py", line 686, in do_commit
    dbapi_connection.commit()
sqlite3.OperationalError: database is locked

The above exception was the direct cause of the following exception:

Traceback (most recent call last):
  File "/home/airflow/.local/lib/python3.12/site-packages/airflow/dag_processing/manager.py", line 829, in _refresh_dag_dir
    DagFileProcessorManager.clear_nonexistent_import_errors(
  File "/home/airflow/.local/lib/python3.12/site-packages/airflow/api_internal/internal_api_call.py", line 166, in wrapper
    return func(*args, **kwargs)
           ^^^^^^^^^^^^^^^^^^^^^
  File "/home/airflow/.local/lib/python3.12/site-packages/airflow/utils/session.py", line 97, in wrapper
    return func(*args, session=session, **kwargs)
           ^^^^^^^^^^^^^^^^^^^^^^^^^^^^^^^^^^^^^^
  File "/home/airflow/.local/lib/python3.12/site-packages/airflow/dag_processing/manager.py", line 900, in clear_nonexistent_import_errors
    session.commit()
  File "/home/airflow/.local/lib/python3.12/site-packages/sqlalchemy/orm/session.py", line 1454, in commit
    self._transaction.commit(_to_root=self.future)
  File "/home/airflow/.local/lib/python3.12/site-packages/sqlalchemy/orm/session.py", line 839, in commit
    trans.commit()
  File "/home/airflow/.local/lib/python3.12/site-packages/sqlalchemy/engine/base.py", line 2469, in commit
    self._do_commit()
  File "/home/airflow/.local/lib/python3.12/site-packages/sqlalchemy/engine/base.py", line 2659, in _do_commit
    self._connection_commit_impl()
  File "/home/airflow/.local/lib/python3.12/site-packages/sqlalchemy/engine/base.py", line 2630, in _connection_commit_impl
    self.connection._commit_impl()
  File "/home/airflow/.local/lib/python3.12/site-packages/sqlalchemy/engine/base.py", line 1096, in _commit_impl
    self._handle_dbapi_exception(e, None, None, None, None)
  File "/home/airflow/.local/lib/python3.12/site-packages/sqlalchemy/engine/base.py", line 2134, in _handle_dbapi_exception
    util.raise_(
  File "/home/airflow/.local/lib/python3.12/site-packages/sqlalchemy/util/compat.py", line 211, in raise_
    raise exception
  File "/home/airflow/.local/lib/python3.12/site-packages/sqlalchemy/engine/base.py", line 1094, in _commit_impl
    self.engine.dialect.do_commit(self.connection)
  File "/home/airflow/.local/lib/python3.12/site-packages/sqlalchemy/engine/default.py", line 686, in do_commit
    dbapi_connection.commit()
sqlalchemy.exc.OperationalError: (sqlite3.OperationalError) database is locked
(Background on this error at: https://sqlalche.me/e/14/e3q8)
[2024-11-29T13:02:17.062+0000] {manager.py:483} INFO - Processing files using up to 1 processes at a time 
[2024-11-29T13:02:17.065+0000] {manager.py:484} INFO - Process each file at most once every 30 seconds
[2024-11-29T13:02:17.066+0000] {manager.py:485} INFO - Checking for new files in /opt/airflow/dags every 300 seconds
[2024-11-29T13:02:17.067+0000] {manager.py:821} INFO - Searching for files in /opt/airflow/dags
[2024-11-29T13:02:17.161+0000] {manager.py:824} INFO - There are 1 files in /opt/airflow/dags
[2024-11-29T13:02:25.633+0000] {manager.py:997} INFO - 
================================================================================
DAG File Processing Stats

File Path                  PID    Runtime      # DAGs    # Errors  Last Runtime    Last Run               Last # of DB Queries
-------------------------  -----  ---------  --------  ----------  --------------  -------------------  ----------------------
/opt/airflow/dags/test.py                           0           1  7.97s           2024-11-29T13:02:25                       3
================================================================================
[2024-11-29T13:03:12.858+0000] {manager.py:997} INFO - 
================================================================================
DAG File Processing Stats

File Path                  PID    Runtime      # DAGs    # Errors  Last Runtime    Last Run               Last # of DB Queries
-------------------------  -----  ---------  --------  ----------  --------------  -------------------  ----------------------
/opt/airflow/dags/test.py                           0           1  16.15s          2024-11-29T13:03:12                       5
================================================================================
[2024-11-29T13:03:48.796+0000] {manager.py:997} INFO - 
================================================================================
DAG File Processing Stats

File Path                  PID    Runtime      # DAGs    # Errors  Last Runtime    Last Run               Last # of DB Queries
-------------------------  -----  ---------  --------  ----------  --------------  -------------------  ----------------------
/opt/airflow/dags/test.py                           0           1  5.45s           2024-11-29T13:03:48                       5
================================================================================
[2024-11-29T13:04:23.717+0000] {manager.py:997} INFO - 
================================================================================
DAG File Processing Stats

File Path                  PID    Runtime      # DAGs    # Errors  Last Runtime    Last Run               Last # of DB Queries
-------------------------  -----  ---------  --------  ----------  --------------  -------------------  ----------------------
/opt/airflow/dags/test.py                           0           1  4.47s           2024-11-29T13:04:23                       5
================================================================================
[2024-11-29T13:04:56.429+0000] {manager.py:997} INFO - 
================================================================================
DAG File Processing Stats

File Path                  PID    Runtime      # DAGs    # Errors  Last Runtime    Last Run               Last # of DB Queries
-------------------------  -----  ---------  --------  ----------  --------------  -------------------  ----------------------
/opt/airflow/dags/test.py                           0           1  2.64s           2024-11-29T13:04:56                       5
================================================================================
[2024-11-29T13:05:31.418+0000] {manager.py:997} INFO - 
================================================================================
DAG File Processing Stats

File Path                  PID    Runtime      # DAGs    # Errors  Last Runtime    Last Run               Last # of DB Queries
-------------------------  -----  ---------  --------  ----------  --------------  -------------------  ----------------------
/opt/airflow/dags/test.py                           0           1  4.84s           2024-11-29T13:05:31                       5
================================================================================
[2024-11-29T13:06:06.707+0000] {manager.py:997} INFO - 
================================================================================
DAG File Processing Stats

File Path                  PID    Runtime      # DAGs    # Errors  Last Runtime    Last Run               Last # of DB Queries
-------------------------  -----  ---------  --------  ----------  --------------  -------------------  ----------------------
/opt/airflow/dags/test.py                           0           1  4.62s           2024-11-29T13:06:06                       5
================================================================================
[2024-11-29T13:06:39.702+0000] {manager.py:997} INFO - 
================================================================================
DAG File Processing Stats

File Path                  PID    Runtime      # DAGs    # Errors  Last Runtime    Last Run               Last # of DB Queries
-------------------------  -----  ---------  --------  ----------  --------------  -------------------  ----------------------
/opt/airflow/dags/test.py                           0           1  2.74s           2024-11-29T13:06:39                       5
================================================================================
[2024-11-29T13:20:14.786+0000] {manager.py:997} INFO - 
================================================================================
DAG File Processing Stats

File Path                  PID    Runtime      # DAGs    # Errors  Last Runtime    Last Run               Last # of DB Queries
-------------------------  -----  ---------  --------  ----------  --------------  -------------------  ----------------------
/opt/airflow/dags/test.py                           0           1  781.30s         2024-11-29T13:20:14                       5
================================================================================
[2024-11-29T13:20:18.027+0000] {manager.py:821} INFO - Searching for files in /opt/airflow/dags
[2024-11-29T13:20:18.150+0000] {manager.py:824} INFO - There are 1 files in /opt/airflow/dags
[2024-11-29T13:21:23.518+0000] {manager.py:997} INFO - 
================================================================================
DAG File Processing Stats

File Path                  PID    Runtime      # DAGs    # Errors  Last Runtime    Last Run               Last # of DB Queries
-------------------------  -----  ---------  --------  ----------  --------------  -------------------  ----------------------
/opt/airflow/dags/test.py                           0           1  37.81s          2024-11-29T13:21:23                       5
================================================================================
[2024-11-29T13:22:50.384+0000] {manager.py:997} INFO - 
================================================================================
DAG File Processing Stats

File Path                  PID    Runtime      # DAGs    # Errors  Last Runtime    Last Run               Last # of DB Queries
-------------------------  -----  ---------  --------  ----------  --------------  -------------------  ----------------------
/opt/airflow/dags/test.py                           0           1  56.50s          2024-11-29T13:22:50                       5
================================================================================
[2024-11-29T13:24:03.688+0000] {manager.py:997} INFO - 
================================================================================
DAG File Processing Stats

File Path                  PID    Runtime      # DAGs    # Errors  Last Runtime    Last Run               Last # of DB Queries
-------------------------  -----  ---------  --------  ----------  --------------  -------------------  ----------------------
/opt/airflow/dags/test.py                           0           1  42.48s          2024-11-29T13:24:03                       5
================================================================================
[2024-11-29T13:25:20.713+0000] {manager.py:997} INFO - 
================================================================================
DAG File Processing Stats

File Path                  PID    Runtime      # DAGs    # Errors  Last Runtime    Last Run               Last # of DB Queries
-------------------------  -----  ---------  --------  ----------  --------------  -------------------  ----------------------
/opt/airflow/dags/test.py                           0           1  46.39s          2024-11-29T13:25:20                       5
================================================================================
[2024-11-29T13:25:23.136+0000] {manager.py:821} INFO - Searching for files in /opt/airflow/dags
[2024-11-29T13:25:23.215+0000] {manager.py:824} INFO - There are 1 files in /opt/airflow/dags
[2024-11-29T13:26:04.503+0000] {manager.py:997} INFO - 
================================================================================
DAG File Processing Stats

File Path                  PID    Runtime      # DAGs    # Errors  Last Runtime    Last Run               Last # of DB Queries
-------------------------  -----  ---------  --------  ----------  --------------  -------------------  ----------------------
/opt/airflow/dags/test.py                           0           1  13.04s          2024-11-29T13:26:04                       5
================================================================================
[2024-11-30T11:38:54.184+0000] {manager.py:483} INFO - Processing files using up to 1 processes at a time 
[2024-11-30T11:38:54.188+0000] {manager.py:484} INFO - Process each file at most once every 30 seconds
[2024-11-30T11:38:54.188+0000] {manager.py:485} INFO - Checking for new files in /opt/airflow/dags every 300 seconds
[2024-11-30T11:38:54.189+0000] {manager.py:821} INFO - Searching for files in /opt/airflow/dags
[2024-11-30T11:38:54.254+0000] {manager.py:824} INFO - There are 1 files in /opt/airflow/dags
[2024-11-30T11:38:57.671+0000] {manager.py:997} INFO - 
================================================================================
DAG File Processing Stats

File Path                   PID    Runtime      # DAGs    # Errors  Last Runtime    Last Run               Last # of DB Queries
--------------------------  -----  ---------  --------  ----------  --------------  -------------------  ----------------------
/opt/airflow/dags/first.py                           1           0  2.80s           2024-11-30T11:38:57                      45
================================================================================
[2024-11-30T11:39:26.717+0000] {manager.py:483} INFO - Processing files using up to 1 processes at a time 
[2024-11-30T11:39:26.720+0000] {manager.py:484} INFO - Process each file at most once every 30 seconds
[2024-11-30T11:39:26.721+0000] {manager.py:485} INFO - Checking for new files in /opt/airflow/dags every 300 seconds
[2024-11-30T11:39:26.723+0000] {manager.py:821} INFO - Searching for files in /opt/airflow/dags
[2024-11-30T11:39:26.808+0000] {manager.py:824} INFO - There are 1 files in /opt/airflow/dags
[2024-11-30T11:39:35.682+0000] {manager.py:833} ERROR - Error removing old import errors
Traceback (most recent call last):
  File "/home/airflow/.local/lib/python3.12/site-packages/sqlalchemy/engine/base.py", line 1094, in _commit_impl
    self.engine.dialect.do_commit(self.connection)
  File "/home/airflow/.local/lib/python3.12/site-packages/sqlalchemy/engine/default.py", line 686, in do_commit
    dbapi_connection.commit()
sqlite3.OperationalError: database is locked

The above exception was the direct cause of the following exception:

Traceback (most recent call last):
  File "/home/airflow/.local/lib/python3.12/site-packages/airflow/dag_processing/manager.py", line 829, in _refresh_dag_dir
    DagFileProcessorManager.clear_nonexistent_import_errors(
  File "/home/airflow/.local/lib/python3.12/site-packages/airflow/api_internal/internal_api_call.py", line 166, in wrapper
    return func(*args, **kwargs)
           ^^^^^^^^^^^^^^^^^^^^^
  File "/home/airflow/.local/lib/python3.12/site-packages/airflow/utils/session.py", line 97, in wrapper
    return func(*args, session=session, **kwargs)
           ^^^^^^^^^^^^^^^^^^^^^^^^^^^^^^^^^^^^^^
  File "/home/airflow/.local/lib/python3.12/site-packages/airflow/dag_processing/manager.py", line 900, in clear_nonexistent_import_errors
    session.commit()
  File "/home/airflow/.local/lib/python3.12/site-packages/sqlalchemy/orm/session.py", line 1454, in commit
    self._transaction.commit(_to_root=self.future)
  File "/home/airflow/.local/lib/python3.12/site-packages/sqlalchemy/orm/session.py", line 839, in commit
    trans.commit()
  File "/home/airflow/.local/lib/python3.12/site-packages/sqlalchemy/engine/base.py", line 2469, in commit
    self._do_commit()
  File "/home/airflow/.local/lib/python3.12/site-packages/sqlalchemy/engine/base.py", line 2659, in _do_commit
    self._connection_commit_impl()
  File "/home/airflow/.local/lib/python3.12/site-packages/sqlalchemy/engine/base.py", line 2630, in _connection_commit_impl
    self.connection._commit_impl()
  File "/home/airflow/.local/lib/python3.12/site-packages/sqlalchemy/engine/base.py", line 1096, in _commit_impl
    self._handle_dbapi_exception(e, None, None, None, None)
  File "/home/airflow/.local/lib/python3.12/site-packages/sqlalchemy/engine/base.py", line 2134, in _handle_dbapi_exception
    util.raise_(
  File "/home/airflow/.local/lib/python3.12/site-packages/sqlalchemy/util/compat.py", line 211, in raise_
    raise exception
  File "/home/airflow/.local/lib/python3.12/site-packages/sqlalchemy/engine/base.py", line 1094, in _commit_impl
    self.engine.dialect.do_commit(self.connection)
  File "/home/airflow/.local/lib/python3.12/site-packages/sqlalchemy/engine/default.py", line 686, in do_commit
    dbapi_connection.commit()
sqlalchemy.exc.OperationalError: (sqlite3.OperationalError) database is locked
(Background on this error at: https://sqlalche.me/e/14/e3q8)
[2024-11-30T11:39:53.062+0000] {manager.py:1146} ERROR - Processor for /opt/airflow/dags/first.py exited with return code 1.
[2024-11-30T11:39:53.161+0000] {manager.py:997} INFO - 
================================================================================
DAG File Processing Stats

File Path                   PID    Runtime      # DAGs    # Errors  Last Runtime    Last Run               Last # of DB Queries
--------------------------  -----  ---------  --------  ----------  --------------  -------------------  ----------------------
/opt/airflow/dags/first.py                           0          -1  9.12s           2024-11-30T11:39:53                       0
================================================================================
[2024-11-30T11:40:17.791+0000] {manager.py:465} INFO - Exiting gracefully upon receiving signal 15
[2024-11-30T11:47:20.866+0000] {manager.py:483} INFO - Processing files using up to 1 processes at a time 
[2024-11-30T11:47:20.870+0000] {manager.py:484} INFO - Process each file at most once every 30 seconds
[2024-11-30T11:47:20.871+0000] {manager.py:485} INFO - Checking for new files in /opt/airflow/dags every 300 seconds
[2024-11-30T11:47:20.873+0000] {manager.py:821} INFO - Searching for files in /opt/airflow/dags
[2024-11-30T11:47:21.003+0000] {manager.py:824} INFO - There are 1 files in /opt/airflow/dags
[2024-11-30T11:47:25.604+0000] {manager.py:997} INFO - 
================================================================================
DAG File Processing Stats

File Path                   PID    Runtime      # DAGs    # Errors  Last Runtime    Last Run               Last # of DB Queries
--------------------------  -----  ---------  --------  ----------  --------------  -------------------  ----------------------
/opt/airflow/dags/first.py                           1           0  3.28s           2024-11-30T11:47:25                      34
================================================================================
[2024-11-30T11:48:01.696+0000] {manager.py:997} INFO - 
================================================================================
DAG File Processing Stats

File Path                   PID    Runtime      # DAGs    # Errors  Last Runtime    Last Run               Last # of DB Queries
--------------------------  -----  ---------  --------  ----------  --------------  -------------------  ----------------------
/opt/airflow/dags/first.py                           1           0  2.65s           2024-11-30T11:48:01                      12
================================================================================
[2024-11-30T11:49:06.559+0000] {manager.py:997} INFO - 
================================================================================
DAG File Processing Stats

File Path                   PID    Runtime      # DAGs    # Errors  Last Runtime    Last Run               Last # of DB Queries
--------------------------  -----  ---------  --------  ----------  --------------  -------------------  ----------------------
/opt/airflow/dags/first.py                           1           0  3.42s           2024-11-30T11:49:06                      12
================================================================================
[2024-11-30T11:49:37.352+0000] {manager.py:997} INFO - 
================================================================================
DAG File Processing Stats

File Path                   PID    Runtime      # DAGs    # Errors  Last Runtime    Last Run               Last # of DB Queries
--------------------------  -----  ---------  --------  ----------  --------------  -------------------  ----------------------
/opt/airflow/dags/first.py                           1           0  5.56s           2024-11-30T11:49:33                      12
================================================================================
[2024-11-30T11:50:33.323+0000] {manager.py:465} INFO - Exiting gracefully upon receiving signal 15
[2024-11-30T11:50:41.133+0000] {manager.py:483} INFO - Processing files using up to 1 processes at a time 
[2024-11-30T11:50:41.134+0000] {manager.py:484} INFO - Process each file at most once every 30 seconds
[2024-11-30T11:50:41.135+0000] {manager.py:485} INFO - Checking for new files in /opt/airflow/dags every 300 seconds
[2024-11-30T11:50:41.138+0000] {manager.py:821} INFO - Searching for files in /opt/airflow/dags
[2024-11-30T11:50:41.268+0000] {manager.py:824} INFO - There are 1 files in /opt/airflow/dags
[2024-11-30T11:50:43.534+0000] {manager.py:997} INFO - 
================================================================================
DAG File Processing Stats

File Path                   PID    Runtime      # DAGs    # Errors  Last Runtime    Last Run               Last # of DB Queries
--------------------------  -----  ---------  --------  ----------  --------------  -------------------  ----------------------
/opt/airflow/dags/first.py                           1           0  1.49s           2024-11-30T11:50:43                      12
================================================================================
[2024-11-30T11:51:33.924+0000] {manager.py:997} INFO - 
================================================================================
DAG File Processing Stats

File Path                   PID    Runtime      # DAGs    # Errors  Last Runtime    Last Run               Last # of DB Queries
--------------------------  -----  ---------  --------  ----------  --------------  -------------------  ----------------------
/opt/airflow/dags/first.py                           1           0  18.81s          2024-11-30T11:51:33                      12
================================================================================
[2024-11-30T11:52:17.617+0000] {manager.py:997} INFO - 
================================================================================
DAG File Processing Stats

File Path                   PID    Runtime      # DAGs    # Errors  Last Runtime    Last Run               Last # of DB Queries
--------------------------  -----  ---------  --------  ----------  --------------  -------------------  ----------------------
/opt/airflow/dags/first.py                           1           0  9.67s           2024-11-30T11:52:17                      12
================================================================================
[2024-11-30T11:53:01.609+0000] {manager.py:997} INFO - 
================================================================================
DAG File Processing Stats

File Path                   PID    Runtime      # DAGs    # Errors  Last Runtime    Last Run               Last # of DB Queries
--------------------------  -----  ---------  --------  ----------  --------------  -------------------  ----------------------
/opt/airflow/dags/first.py                           1           0  10.13s          2024-11-30T11:53:01                      12
================================================================================
[2024-11-30T11:53:45.189+0000] {manager.py:997} INFO - 
================================================================================
DAG File Processing Stats

File Path                   PID    Runtime      # DAGs    # Errors  Last Runtime    Last Run               Last # of DB Queries
--------------------------  -----  ---------  --------  ----------  --------------  -------------------  ----------------------
/opt/airflow/dags/first.py                           1           0  12.66s          2024-11-30T11:53:45                      12
================================================================================
[2024-11-30T11:54:25.858+0000] {manager.py:997} INFO - 
================================================================================
DAG File Processing Stats

File Path                   PID    Runtime      # DAGs    # Errors  Last Runtime    Last Run               Last # of DB Queries
--------------------------  -----  ---------  --------  ----------  --------------  -------------------  ----------------------
/opt/airflow/dags/first.py                           1           0  10.27s          2024-11-30T11:54:25                      12
================================================================================
[2024-11-30T11:55:09.342+0000] {manager.py:997} INFO - 
================================================================================
DAG File Processing Stats

File Path                   PID    Runtime      # DAGs    # Errors  Last Runtime    Last Run               Last # of DB Queries
--------------------------  -----  ---------  --------  ----------  --------------  -------------------  ----------------------
/opt/airflow/dags/first.py                           1           0  12.66s          2024-11-30T11:55:09                      12
================================================================================
[2024-11-30T11:55:48.443+0000] {manager.py:997} INFO - 
================================================================================
DAG File Processing Stats

File Path                   PID    Runtime      # DAGs    # Errors  Last Runtime    Last Run               Last # of DB Queries
--------------------------  -----  ---------  --------  ----------  --------------  -------------------  ----------------------
/opt/airflow/dags/first.py                           1           0  7.23s           2024-11-30T11:55:48                      12
================================================================================
[2024-11-30T11:55:50.066+0000] {manager.py:821} INFO - Searching for files in /opt/airflow/dags
[2024-11-30T11:55:50.293+0000] {manager.py:824} INFO - There are 1 files in /opt/airflow/dags
