[2024-12-01T12:42:42.224+0000] {local_task_job_runner.py:123} INFO - ::group::Pre task execution logs
[2024-12-01T12:42:42.251+0000] {taskinstance.py:2613} INFO - Dependencies all met for dep_context=non-requeueable deps ti=<TaskInstance: collegeinfo_dag.transform manual__2024-12-01T12:40:30.274113+00:00 [queued]>
[2024-12-01T12:42:42.267+0000] {taskinstance.py:2613} INFO - Dependencies all met for dep_context=requeueable deps ti=<TaskInstance: collegeinfo_dag.transform manual__2024-12-01T12:40:30.274113+00:00 [queued]>
[2024-12-01T12:42:42.268+0000] {taskinstance.py:2866} INFO - Starting attempt 1 of 1
[2024-12-01T12:42:42.322+0000] {taskinstance.py:2889} INFO - Executing <Task(PythonOperator): transform> on 2024-12-01 12:40:30.274113+00:00
[2024-12-01T12:42:42.342+0000] {standard_task_runner.py:104} INFO - Running: ['airflow', 'tasks', 'run', 'collegeinfo_dag', 'transform', 'manual__2024-12-01T12:40:30.274113+00:00', '--job-id', '42', '--raw', '--subdir', 'DAGS_FOLDER/college_info.py', '--cfg-path', '/tmp/tmphk55knk5']
[2024-12-01T12:42:42.345+0000] {standard_task_runner.py:105} INFO - Job 42: Subtask transform
[2024-12-01T12:42:42.345+0000] {logging_mixin.py:190} WARNING - /home/airflow/.local/lib/python3.12/site-packages/airflow/task/task_runner/standard_task_runner.py:70 DeprecationWarning: This process (pid=172) is multi-threaded, use of fork() may lead to deadlocks in the child.
[2024-12-01T12:42:42.347+0000] {standard_task_runner.py:72} INFO - Started process 186 to run task
[2024-12-01T12:42:42.484+0000] {task_command.py:467} INFO - Running <TaskInstance: collegeinfo_dag.transform manual__2024-12-01T12:40:30.274113+00:00 [running]> on host ade260fe4ef6
[2024-12-01T12:42:42.695+0000] {taskinstance.py:3132} INFO - Exporting env vars: AIRFLOW_CTX_DAG_OWNER='airflow' AIRFLOW_CTX_DAG_ID='collegeinfo_dag' AIRFLOW_CTX_TASK_ID='transform' AIRFLOW_CTX_EXECUTION_DATE='2024-12-01T12:40:30.274113+00:00' AIRFLOW_CTX_TRY_NUMBER='1' AIRFLOW_CTX_DAG_RUN_ID='manual__2024-12-01T12:40:30.274113+00:00'
[2024-12-01T12:42:42.697+0000] {taskinstance.py:731} INFO - ::endgroup::
[2024-12-01T12:42:42.805+0000] {logging_mixin.py:190} INFO - Index(['name', 'affiliation', 'address'], dtype='object')
[2024-12-01T12:42:42.831+0000] {college_info.py:73} INFO - Data successfully transformed!
[2024-12-01T12:42:42.832+0000] {python.py:240} INFO - Done. Returned value was: None
[2024-12-01T12:42:42.853+0000] {taskinstance.py:340} INFO - ::group::Post task execution logs
[2024-12-01T12:42:42.854+0000] {taskinstance.py:352} INFO - Marking task as SUCCESS. dag_id=collegeinfo_dag, task_id=transform, run_id=manual__2024-12-01T12:40:30.274113+00:00, execution_date=20241201T124030, start_date=20241201T124242, end_date=20241201T124242
[2024-12-01T12:42:42.926+0000] {local_task_job_runner.py:266} INFO - Task exited with return code 0
[2024-12-01T12:42:42.972+0000] {taskinstance.py:3895} INFO - 1 downstream tasks scheduled from follow-on schedule check
[2024-12-01T12:42:42.990+0000] {local_task_job_runner.py:245} INFO - ::endgroup::
