[2024-12-01T08:53:34.796+0000] {processor.py:186} INFO - Started process (PID=64) to work on /opt/airflow/dags/first.py
[2024-12-01T08:53:34.834+0000] {processor.py:914} INFO - Processing file /opt/airflow/dags/first.py for tasks to queue
[2024-12-01T08:53:34.932+0000] {logging_mixin.py:190} INFO - [2024-12-01T08:53:34.919+0000] {dagbag.py:588} INFO - Filling up the DagBag from /opt/airflow/dags/first.py
[2024-12-01T08:53:35.259+0000] {processor.py:925} INFO - DAG(s) 'welcome_dag' retrieved from /opt/airflow/dags/first.py
[2024-12-01T08:53:37.106+0000] {logging_mixin.py:190} INFO - [2024-12-01T08:53:37.103+0000] {dag.py:3239} INFO - Sync 1 DAGs
[2024-12-01T08:53:37.194+0000] {logging_mixin.py:190} INFO - [2024-12-01T08:53:37.193+0000] {dag.py:4180} INFO - Setting next_dagrun for welcome_dag to None, run_after=None
[2024-12-01T08:53:37.440+0000] {processor.py:208} INFO - Processing /opt/airflow/dags/first.py took 2.805 seconds
[2024-12-01T08:55:26.911+0000] {processor.py:186} INFO - Started process (PID=82) to work on /opt/airflow/dags/first.py
[2024-12-01T08:55:26.914+0000] {processor.py:914} INFO - Processing file /opt/airflow/dags/first.py for tasks to queue
[2024-12-01T08:55:26.921+0000] {logging_mixin.py:190} INFO - [2024-12-01T08:55:26.920+0000] {dagbag.py:588} INFO - Filling up the DagBag from /opt/airflow/dags/first.py
[2024-12-01T08:55:27.002+0000] {processor.py:925} INFO - DAG(s) 'welcome_dag' retrieved from /opt/airflow/dags/first.py
[2024-12-01T08:55:27.167+0000] {logging_mixin.py:190} INFO - [2024-12-01T08:55:27.167+0000] {dag.py:3239} INFO - Sync 1 DAGs
[2024-12-01T08:55:27.207+0000] {logging_mixin.py:190} INFO - [2024-12-01T08:55:27.207+0000] {dag.py:4180} INFO - Setting next_dagrun for welcome_dag to None, run_after=None
[2024-12-01T08:55:27.311+0000] {processor.py:208} INFO - Processing /opt/airflow/dags/first.py took 0.410 seconds
[2024-12-01T08:56:09.060+0000] {processor.py:186} INFO - Started process (PID=101) to work on /opt/airflow/dags/first.py
[2024-12-01T08:56:09.095+0000] {processor.py:914} INFO - Processing file /opt/airflow/dags/first.py for tasks to queue
[2024-12-01T08:56:09.165+0000] {logging_mixin.py:190} INFO - [2024-12-01T08:56:09.137+0000] {dagbag.py:588} INFO - Filling up the DagBag from /opt/airflow/dags/first.py
[2024-12-01T08:56:09.562+0000] {processor.py:925} INFO - DAG(s) 'welcome_dag' retrieved from /opt/airflow/dags/first.py
[2024-12-01T08:56:10.632+0000] {logging_mixin.py:190} INFO - [2024-12-01T08:56:10.631+0000] {dag.py:3239} INFO - Sync 1 DAGs
[2024-12-01T08:56:10.872+0000] {logging_mixin.py:190} INFO - [2024-12-01T08:56:10.872+0000] {dag.py:4180} INFO - Setting next_dagrun for welcome_dag to None, run_after=None
[2024-12-01T08:56:11.205+0000] {processor.py:208} INFO - Processing /opt/airflow/dags/first.py took 2.532 seconds
[2024-12-01T08:57:06.785+0000] {processor.py:186} INFO - Started process (PID=120) to work on /opt/airflow/dags/first.py
[2024-12-01T08:57:06.818+0000] {processor.py:914} INFO - Processing file /opt/airflow/dags/first.py for tasks to queue
[2024-12-01T08:57:06.863+0000] {logging_mixin.py:190} INFO - [2024-12-01T08:57:06.849+0000] {dagbag.py:588} INFO - Filling up the DagBag from /opt/airflow/dags/first.py
[2024-12-01T08:57:07.159+0000] {processor.py:925} INFO - DAG(s) 'welcome_dag' retrieved from /opt/airflow/dags/first.py
[2024-12-01T08:57:07.884+0000] {logging_mixin.py:190} INFO - [2024-12-01T08:57:07.883+0000] {dag.py:3239} INFO - Sync 1 DAGs
[2024-12-01T08:57:08.122+0000] {logging_mixin.py:190} INFO - [2024-12-01T08:57:08.121+0000] {dag.py:4180} INFO - Setting next_dagrun for welcome_dag to None, run_after=None
[2024-12-01T08:57:08.873+0000] {processor.py:208} INFO - Processing /opt/airflow/dags/first.py took 2.380 seconds
[2024-12-01T08:57:39.324+0000] {processor.py:186} INFO - Started process (PID=139) to work on /opt/airflow/dags/first.py
[2024-12-01T08:57:39.346+0000] {processor.py:914} INFO - Processing file /opt/airflow/dags/first.py for tasks to queue
[2024-12-01T08:57:39.363+0000] {logging_mixin.py:190} INFO - [2024-12-01T08:57:39.356+0000] {dagbag.py:588} INFO - Filling up the DagBag from /opt/airflow/dags/first.py
[2024-12-01T08:57:39.520+0000] {processor.py:925} INFO - DAG(s) 'welcome_dag' retrieved from /opt/airflow/dags/first.py
[2024-12-01T08:57:40.032+0000] {logging_mixin.py:190} INFO - [2024-12-01T08:57:40.032+0000] {dag.py:3239} INFO - Sync 1 DAGs
[2024-12-01T08:57:40.241+0000] {logging_mixin.py:190} INFO - [2024-12-01T08:57:40.241+0000] {dag.py:4180} INFO - Setting next_dagrun for welcome_dag to None, run_after=None
[2024-12-01T08:57:40.413+0000] {processor.py:208} INFO - Processing /opt/airflow/dags/first.py took 1.189 seconds
[2024-12-01T08:58:20.869+0000] {processor.py:186} INFO - Started process (PID=142) to work on /opt/airflow/dags/first.py
[2024-12-01T08:58:20.871+0000] {processor.py:914} INFO - Processing file /opt/airflow/dags/first.py for tasks to queue
[2024-12-01T08:58:20.876+0000] {logging_mixin.py:190} INFO - [2024-12-01T08:58:20.874+0000] {dagbag.py:588} INFO - Filling up the DagBag from /opt/airflow/dags/first.py
[2024-12-01T08:58:20.914+0000] {processor.py:925} INFO - DAG(s) 'welcome_dag' retrieved from /opt/airflow/dags/first.py
[2024-12-01T08:58:20.984+0000] {logging_mixin.py:190} INFO - [2024-12-01T08:58:20.984+0000] {dag.py:3239} INFO - Sync 1 DAGs
[2024-12-01T08:58:21.013+0000] {logging_mixin.py:190} INFO - [2024-12-01T08:58:21.012+0000] {dag.py:4180} INFO - Setting next_dagrun for welcome_dag to None, run_after=None
[2024-12-01T08:58:21.118+0000] {processor.py:208} INFO - Processing /opt/airflow/dags/first.py took 0.293 seconds
[2024-12-01T08:59:02.834+0000] {processor.py:186} INFO - Started process (PID=145) to work on /opt/airflow/dags/first.py
[2024-12-01T08:59:02.838+0000] {processor.py:914} INFO - Processing file /opt/airflow/dags/first.py for tasks to queue
[2024-12-01T08:59:02.844+0000] {logging_mixin.py:190} INFO - [2024-12-01T08:59:02.842+0000] {dagbag.py:588} INFO - Filling up the DagBag from /opt/airflow/dags/first.py
[2024-12-01T08:59:02.926+0000] {processor.py:925} INFO - DAG(s) 'welcome_dag' retrieved from /opt/airflow/dags/first.py
[2024-12-01T08:59:03.068+0000] {logging_mixin.py:190} INFO - [2024-12-01T08:59:03.068+0000] {dag.py:3239} INFO - Sync 1 DAGs
[2024-12-01T08:59:03.134+0000] {logging_mixin.py:190} INFO - [2024-12-01T08:59:03.134+0000] {dag.py:4180} INFO - Setting next_dagrun for welcome_dag to None, run_after=None
[2024-12-01T08:59:03.351+0000] {processor.py:208} INFO - Processing /opt/airflow/dags/first.py took 0.556 seconds
[2024-12-01T08:59:47.335+0000] {processor.py:186} INFO - Started process (PID=148) to work on /opt/airflow/dags/first.py
[2024-12-01T08:59:47.343+0000] {processor.py:914} INFO - Processing file /opt/airflow/dags/first.py for tasks to queue
[2024-12-01T08:59:47.376+0000] {logging_mixin.py:190} INFO - [2024-12-01T08:59:47.362+0000] {dagbag.py:588} INFO - Filling up the DagBag from /opt/airflow/dags/first.py
[2024-12-01T08:59:47.509+0000] {processor.py:925} INFO - DAG(s) 'welcome_dag' retrieved from /opt/airflow/dags/first.py
[2024-12-01T08:59:47.672+0000] {logging_mixin.py:190} INFO - [2024-12-01T08:59:47.672+0000] {dag.py:3239} INFO - Sync 1 DAGs
[2024-12-01T08:59:47.747+0000] {logging_mixin.py:190} INFO - [2024-12-01T08:59:47.747+0000] {dag.py:4180} INFO - Setting next_dagrun for welcome_dag to None, run_after=None
[2024-12-01T08:59:47.888+0000] {processor.py:208} INFO - Processing /opt/airflow/dags/first.py took 0.694 seconds
[2024-12-01T09:01:26.740+0000] {processor.py:186} INFO - Started process (PID=184) to work on /opt/airflow/dags/first.py
[2024-12-01T09:01:26.789+0000] {processor.py:914} INFO - Processing file /opt/airflow/dags/first.py for tasks to queue
[2024-12-01T09:01:26.829+0000] {logging_mixin.py:190} INFO - [2024-12-01T09:01:26.813+0000] {dagbag.py:588} INFO - Filling up the DagBag from /opt/airflow/dags/first.py
[2024-12-01T09:01:27.163+0000] {processor.py:925} INFO - DAG(s) 'welcome_dag' retrieved from /opt/airflow/dags/first.py
[2024-12-01T09:01:28.149+0000] {logging_mixin.py:190} INFO - [2024-12-01T09:01:28.149+0000] {dag.py:3239} INFO - Sync 1 DAGs
[2024-12-01T09:01:28.306+0000] {logging_mixin.py:190} INFO - [2024-12-01T09:01:28.306+0000] {dag.py:4180} INFO - Setting next_dagrun for welcome_dag to None, run_after=None
[2024-12-01T09:01:28.539+0000] {processor.py:208} INFO - Processing /opt/airflow/dags/first.py took 2.227 seconds
[2024-12-01T09:02:30.802+0000] {processor.py:186} INFO - Started process (PID=205) to work on /opt/airflow/dags/first.py
[2024-12-01T09:02:30.850+0000] {processor.py:914} INFO - Processing file /opt/airflow/dags/first.py for tasks to queue
[2024-12-01T09:02:30.930+0000] {logging_mixin.py:190} INFO - [2024-12-01T09:02:30.906+0000] {dagbag.py:588} INFO - Filling up the DagBag from /opt/airflow/dags/first.py
[2024-12-01T09:02:31.560+0000] {processor.py:925} INFO - DAG(s) 'welcome_dag' retrieved from /opt/airflow/dags/first.py
[2024-12-01T09:02:32.809+0000] {logging_mixin.py:190} INFO - [2024-12-01T09:02:32.806+0000] {dag.py:3239} INFO - Sync 1 DAGs
[2024-12-01T09:02:33.148+0000] {logging_mixin.py:190} INFO - [2024-12-01T09:02:33.147+0000] {dag.py:4180} INFO - Setting next_dagrun for welcome_dag to None, run_after=None
[2024-12-01T09:02:33.673+0000] {processor.py:208} INFO - Processing /opt/airflow/dags/first.py took 3.603 seconds
[2024-12-01T09:03:48.357+0000] {processor.py:186} INFO - Started process (PID=210) to work on /opt/airflow/dags/first.py
[2024-12-01T09:03:48.373+0000] {processor.py:914} INFO - Processing file /opt/airflow/dags/first.py for tasks to queue
[2024-12-01T09:03:48.539+0000] {logging_mixin.py:190} INFO - [2024-12-01T09:03:48.391+0000] {dagbag.py:588} INFO - Filling up the DagBag from /opt/airflow/dags/first.py
[2024-12-01T09:03:49.087+0000] {processor.py:925} INFO - DAG(s) 'welcome_dag' retrieved from /opt/airflow/dags/first.py
[2024-12-01T09:03:49.756+0000] {logging_mixin.py:190} INFO - [2024-12-01T09:03:49.755+0000] {dag.py:3239} INFO - Sync 1 DAGs
[2024-12-01T09:03:49.946+0000] {logging_mixin.py:190} INFO - [2024-12-01T09:03:49.945+0000] {dag.py:4180} INFO - Setting next_dagrun for welcome_dag to None, run_after=None
[2024-12-01T09:03:50.171+0000] {processor.py:208} INFO - Processing /opt/airflow/dags/first.py took 2.020 seconds
[2024-12-01T09:04:30.184+0000] {processor.py:186} INFO - Started process (PID=214) to work on /opt/airflow/dags/first.py
[2024-12-01T09:04:30.186+0000] {processor.py:914} INFO - Processing file /opt/airflow/dags/first.py for tasks to queue
[2024-12-01T09:04:30.189+0000] {logging_mixin.py:190} INFO - [2024-12-01T09:04:30.188+0000] {dagbag.py:588} INFO - Filling up the DagBag from /opt/airflow/dags/first.py
[2024-12-01T09:04:30.250+0000] {processor.py:925} INFO - DAG(s) 'welcome_dag' retrieved from /opt/airflow/dags/first.py
[2024-12-01T09:04:30.339+0000] {logging_mixin.py:190} INFO - [2024-12-01T09:04:30.338+0000] {dag.py:3239} INFO - Sync 1 DAGs
[2024-12-01T09:04:30.362+0000] {logging_mixin.py:190} INFO - [2024-12-01T09:04:30.361+0000] {dag.py:4180} INFO - Setting next_dagrun for welcome_dag to None, run_after=None
[2024-12-01T09:04:30.525+0000] {processor.py:208} INFO - Processing /opt/airflow/dags/first.py took 0.374 seconds
[2024-12-01T09:05:07.071+0000] {processor.py:186} INFO - Started process (PID=217) to work on /opt/airflow/dags/first.py
[2024-12-01T09:05:07.072+0000] {processor.py:914} INFO - Processing file /opt/airflow/dags/first.py for tasks to queue
[2024-12-01T09:05:07.074+0000] {logging_mixin.py:190} INFO - [2024-12-01T09:05:07.074+0000] {dagbag.py:588} INFO - Filling up the DagBag from /opt/airflow/dags/first.py
[2024-12-01T09:05:07.116+0000] {processor.py:925} INFO - DAG(s) 'welcome_dag' retrieved from /opt/airflow/dags/first.py
[2024-12-01T09:05:07.178+0000] {logging_mixin.py:190} INFO - [2024-12-01T09:05:07.178+0000] {dag.py:3239} INFO - Sync 1 DAGs
[2024-12-01T09:05:07.200+0000] {logging_mixin.py:190} INFO - [2024-12-01T09:05:07.199+0000] {dag.py:4180} INFO - Setting next_dagrun for welcome_dag to None, run_after=None
[2024-12-01T09:05:07.463+0000] {processor.py:208} INFO - Processing /opt/airflow/dags/first.py took 0.400 seconds
[2024-12-01T09:05:39.391+0000] {processor.py:186} INFO - Started process (PID=220) to work on /opt/airflow/dags/first.py
[2024-12-01T09:05:39.393+0000] {processor.py:914} INFO - Processing file /opt/airflow/dags/first.py for tasks to queue
[2024-12-01T09:05:39.394+0000] {logging_mixin.py:190} INFO - [2024-12-01T09:05:39.394+0000] {dagbag.py:588} INFO - Filling up the DagBag from /opt/airflow/dags/first.py
[2024-12-01T09:05:39.429+0000] {processor.py:925} INFO - DAG(s) 'welcome_dag' retrieved from /opt/airflow/dags/first.py
[2024-12-01T09:05:39.463+0000] {logging_mixin.py:190} INFO - [2024-12-01T09:05:39.463+0000] {dag.py:3239} INFO - Sync 1 DAGs
[2024-12-01T09:05:39.638+0000] {logging_mixin.py:190} INFO - [2024-12-01T09:05:39.638+0000] {dag.py:4180} INFO - Setting next_dagrun for welcome_dag to None, run_after=None
[2024-12-01T09:05:39.714+0000] {processor.py:208} INFO - Processing /opt/airflow/dags/first.py took 0.329 seconds
[2024-12-01T09:06:11.559+0000] {processor.py:186} INFO - Started process (PID=223) to work on /opt/airflow/dags/first.py
[2024-12-01T09:06:11.561+0000] {processor.py:914} INFO - Processing file /opt/airflow/dags/first.py for tasks to queue
[2024-12-01T09:06:11.562+0000] {logging_mixin.py:190} INFO - [2024-12-01T09:06:11.562+0000] {dagbag.py:588} INFO - Filling up the DagBag from /opt/airflow/dags/first.py
[2024-12-01T09:06:11.591+0000] {processor.py:925} INFO - DAG(s) 'welcome_dag' retrieved from /opt/airflow/dags/first.py
[2024-12-01T09:06:11.800+0000] {logging_mixin.py:190} INFO - [2024-12-01T09:06:11.800+0000] {dag.py:3239} INFO - Sync 1 DAGs
[2024-12-01T09:06:11.811+0000] {logging_mixin.py:190} INFO - [2024-12-01T09:06:11.811+0000] {dag.py:4180} INFO - Setting next_dagrun for welcome_dag to None, run_after=None
[2024-12-01T09:06:11.887+0000] {processor.py:208} INFO - Processing /opt/airflow/dags/first.py took 0.334 seconds
[2024-12-01T09:06:44.579+0000] {processor.py:186} INFO - Started process (PID=226) to work on /opt/airflow/dags/first.py
[2024-12-01T09:06:44.580+0000] {processor.py:914} INFO - Processing file /opt/airflow/dags/first.py for tasks to queue
[2024-12-01T09:06:44.582+0000] {logging_mixin.py:190} INFO - [2024-12-01T09:06:44.581+0000] {dagbag.py:588} INFO - Filling up the DagBag from /opt/airflow/dags/first.py
[2024-12-01T09:06:44.612+0000] {processor.py:925} INFO - DAG(s) 'welcome_dag' retrieved from /opt/airflow/dags/first.py
[2024-12-01T09:06:44.646+0000] {logging_mixin.py:190} INFO - [2024-12-01T09:06:44.646+0000] {dag.py:3239} INFO - Sync 1 DAGs
[2024-12-01T09:06:44.664+0000] {logging_mixin.py:190} INFO - [2024-12-01T09:06:44.664+0000] {dag.py:4180} INFO - Setting next_dagrun for welcome_dag to None, run_after=None
[2024-12-01T09:06:44.784+0000] {processor.py:208} INFO - Processing /opt/airflow/dags/first.py took 0.211 seconds
[2024-12-01T09:07:17.992+0000] {processor.py:186} INFO - Started process (PID=229) to work on /opt/airflow/dags/first.py
[2024-12-01T09:07:17.994+0000] {processor.py:914} INFO - Processing file /opt/airflow/dags/first.py for tasks to queue
[2024-12-01T09:07:17.995+0000] {logging_mixin.py:190} INFO - [2024-12-01T09:07:17.995+0000] {dagbag.py:588} INFO - Filling up the DagBag from /opt/airflow/dags/first.py
[2024-12-01T09:07:18.043+0000] {processor.py:925} INFO - DAG(s) 'welcome_dag' retrieved from /opt/airflow/dags/first.py
[2024-12-01T09:07:18.097+0000] {logging_mixin.py:190} INFO - [2024-12-01T09:07:18.097+0000] {dag.py:3239} INFO - Sync 1 DAGs
[2024-12-01T09:07:18.115+0000] {logging_mixin.py:190} INFO - [2024-12-01T09:07:18.115+0000] {dag.py:4180} INFO - Setting next_dagrun for welcome_dag to None, run_after=None
[2024-12-01T09:07:18.221+0000] {processor.py:208} INFO - Processing /opt/airflow/dags/first.py took 0.234 seconds
[2024-12-01T09:07:50.099+0000] {processor.py:186} INFO - Started process (PID=232) to work on /opt/airflow/dags/first.py
[2024-12-01T09:07:50.101+0000] {processor.py:914} INFO - Processing file /opt/airflow/dags/first.py for tasks to queue
[2024-12-01T09:07:50.103+0000] {logging_mixin.py:190} INFO - [2024-12-01T09:07:50.102+0000] {dagbag.py:588} INFO - Filling up the DagBag from /opt/airflow/dags/first.py
[2024-12-01T09:07:50.157+0000] {processor.py:925} INFO - DAG(s) 'welcome_dag' retrieved from /opt/airflow/dags/first.py
[2024-12-01T09:07:50.210+0000] {logging_mixin.py:190} INFO - [2024-12-01T09:07:50.210+0000] {dag.py:3239} INFO - Sync 1 DAGs
[2024-12-01T09:07:50.230+0000] {logging_mixin.py:190} INFO - [2024-12-01T09:07:50.230+0000] {dag.py:4180} INFO - Setting next_dagrun for welcome_dag to None, run_after=None
[2024-12-01T09:07:50.381+0000] {processor.py:208} INFO - Processing /opt/airflow/dags/first.py took 0.288 seconds
[2024-12-01T09:08:25.096+0000] {processor.py:186} INFO - Started process (PID=235) to work on /opt/airflow/dags/first.py
[2024-12-01T09:08:25.101+0000] {processor.py:914} INFO - Processing file /opt/airflow/dags/first.py for tasks to queue
[2024-12-01T09:08:25.104+0000] {logging_mixin.py:190} INFO - [2024-12-01T09:08:25.104+0000] {dagbag.py:588} INFO - Filling up the DagBag from /opt/airflow/dags/first.py
[2024-12-01T09:08:25.143+0000] {processor.py:925} INFO - DAG(s) 'welcome_dag' retrieved from /opt/airflow/dags/first.py
[2024-12-01T09:08:25.206+0000] {logging_mixin.py:190} INFO - [2024-12-01T09:08:25.205+0000] {dag.py:3239} INFO - Sync 1 DAGs
[2024-12-01T09:08:25.223+0000] {logging_mixin.py:190} INFO - [2024-12-01T09:08:25.222+0000] {dag.py:4180} INFO - Setting next_dagrun for welcome_dag to None, run_after=None
[2024-12-01T09:08:25.338+0000] {processor.py:208} INFO - Processing /opt/airflow/dags/first.py took 0.273 seconds
[2024-12-01T09:11:58.274+0000] {processor.py:186} INFO - Started process (PID=275) to work on /opt/airflow/dags/first.py
[2024-12-01T09:11:58.326+0000] {processor.py:914} INFO - Processing file /opt/airflow/dags/first.py for tasks to queue
[2024-12-01T09:11:58.384+0000] {logging_mixin.py:190} INFO - [2024-12-01T09:11:58.363+0000] {dagbag.py:588} INFO - Filling up the DagBag from /opt/airflow/dags/first.py
[2024-12-01T09:11:58.929+0000] {processor.py:925} INFO - DAG(s) 'welcome_dag' retrieved from /opt/airflow/dags/first.py
[2024-12-01T09:12:00.898+0000] {logging_mixin.py:190} INFO - [2024-12-01T09:12:00.883+0000] {dag.py:3239} INFO - Sync 1 DAGs
[2024-12-01T09:12:01.466+0000] {logging_mixin.py:190} INFO - [2024-12-01T09:12:01.464+0000] {dag.py:4180} INFO - Setting next_dagrun for welcome_dag to None, run_after=None
[2024-12-01T09:12:02.113+0000] {processor.py:208} INFO - Processing /opt/airflow/dags/first.py took 4.381 seconds
[2024-12-01T09:12:50.692+0000] {processor.py:186} INFO - Started process (PID=280) to work on /opt/airflow/dags/first.py
[2024-12-01T09:12:51.603+0000] {processor.py:914} INFO - Processing file /opt/airflow/dags/first.py for tasks to queue
[2024-12-01T09:12:52.609+0000] {logging_mixin.py:190} INFO - [2024-12-01T09:12:52.308+0000] {dagbag.py:588} INFO - Filling up the DagBag from /opt/airflow/dags/first.py
[2024-12-01T09:12:56.023+0000] {processor.py:925} INFO - DAG(s) 'welcome_dag' retrieved from /opt/airflow/dags/first.py
[2024-12-01T09:13:03.636+0000] {logging_mixin.py:190} INFO - [2024-12-01T09:13:03.490+0000] {dag.py:3239} INFO - Sync 1 DAGs
[2024-12-01T09:13:06.429+0000] {logging_mixin.py:190} INFO - [2024-12-01T09:13:06.317+0000] {dag.py:4180} INFO - Setting next_dagrun for welcome_dag to None, run_after=None
[2024-12-01T09:13:20.660+0000] {processor.py:208} INFO - Processing /opt/airflow/dags/first.py took 33.740 seconds
[2024-12-01T09:14:09.204+0000] {processor.py:186} INFO - Started process (PID=284) to work on /opt/airflow/dags/first.py
[2024-12-01T09:14:09.280+0000] {processor.py:914} INFO - Processing file /opt/airflow/dags/first.py for tasks to queue
[2024-12-01T09:14:09.338+0000] {logging_mixin.py:190} INFO - [2024-12-01T09:14:09.313+0000] {dagbag.py:588} INFO - Filling up the DagBag from /opt/airflow/dags/first.py
[2024-12-01T09:14:09.632+0000] {processor.py:925} INFO - DAG(s) 'welcome_dag' retrieved from /opt/airflow/dags/first.py
[2024-12-01T09:14:10.768+0000] {logging_mixin.py:190} INFO - [2024-12-01T09:14:10.759+0000] {dag.py:3239} INFO - Sync 1 DAGs
[2024-12-01T09:14:10.975+0000] {logging_mixin.py:190} INFO - [2024-12-01T09:14:10.974+0000] {dag.py:4180} INFO - Setting next_dagrun for welcome_dag to None, run_after=None
[2024-12-01T09:14:11.424+0000] {processor.py:208} INFO - Processing /opt/airflow/dags/first.py took 2.598 seconds
[2024-12-01T09:15:09.971+0000] {processor.py:186} INFO - Started process (PID=289) to work on /opt/airflow/dags/first.py
[2024-12-01T09:15:10.053+0000] {processor.py:914} INFO - Processing file /opt/airflow/dags/first.py for tasks to queue
[2024-12-01T09:15:10.218+0000] {logging_mixin.py:190} INFO - [2024-12-01T09:15:10.085+0000] {dagbag.py:588} INFO - Filling up the DagBag from /opt/airflow/dags/first.py
[2024-12-01T09:15:10.739+0000] {processor.py:925} INFO - DAG(s) 'welcome_dag' retrieved from /opt/airflow/dags/first.py
[2024-12-01T09:15:12.733+0000] {logging_mixin.py:190} INFO - [2024-12-01T09:15:12.700+0000] {dag.py:3239} INFO - Sync 1 DAGs
[2024-12-01T09:15:13.999+0000] {logging_mixin.py:190} INFO - [2024-12-01T09:15:13.981+0000] {dag.py:4180} INFO - Setting next_dagrun for welcome_dag to None, run_after=None
[2024-12-01T09:15:14.664+0000] {processor.py:208} INFO - Processing /opt/airflow/dags/first.py took 5.190 seconds
[2024-12-01T09:15:51.551+0000] {processor.py:186} INFO - Started process (PID=293) to work on /opt/airflow/dags/first.py
[2024-12-01T09:15:51.561+0000] {processor.py:914} INFO - Processing file /opt/airflow/dags/first.py for tasks to queue
[2024-12-01T09:15:51.580+0000] {logging_mixin.py:190} INFO - [2024-12-01T09:15:51.570+0000] {dagbag.py:588} INFO - Filling up the DagBag from /opt/airflow/dags/first.py
[2024-12-01T09:15:51.818+0000] {processor.py:925} INFO - DAG(s) 'welcome_dag' retrieved from /opt/airflow/dags/first.py
[2024-12-01T09:15:52.595+0000] {logging_mixin.py:190} INFO - [2024-12-01T09:15:52.594+0000] {dag.py:3239} INFO - Sync 1 DAGs
[2024-12-01T09:15:52.745+0000] {logging_mixin.py:190} INFO - [2024-12-01T09:15:52.745+0000] {dag.py:4180} INFO - Setting next_dagrun for welcome_dag to None, run_after=None
[2024-12-01T09:15:53.291+0000] {processor.py:208} INFO - Processing /opt/airflow/dags/first.py took 1.874 seconds
[2024-12-01T09:16:31.443+0000] {processor.py:186} INFO - Started process (PID=296) to work on /opt/airflow/dags/first.py
[2024-12-01T09:16:31.445+0000] {processor.py:914} INFO - Processing file /opt/airflow/dags/first.py for tasks to queue
[2024-12-01T09:16:31.448+0000] {logging_mixin.py:190} INFO - [2024-12-01T09:16:31.447+0000] {dagbag.py:588} INFO - Filling up the DagBag from /opt/airflow/dags/first.py
[2024-12-01T09:16:31.498+0000] {processor.py:925} INFO - DAG(s) 'welcome_dag' retrieved from /opt/airflow/dags/first.py
[2024-12-01T09:16:31.557+0000] {logging_mixin.py:190} INFO - [2024-12-01T09:16:31.556+0000] {dag.py:3239} INFO - Sync 1 DAGs
[2024-12-01T09:16:31.578+0000] {logging_mixin.py:190} INFO - [2024-12-01T09:16:31.577+0000] {dag.py:4180} INFO - Setting next_dagrun for welcome_dag to None, run_after=None
[2024-12-01T09:16:31.712+0000] {processor.py:208} INFO - Processing /opt/airflow/dags/first.py took 0.284 seconds
[2024-12-01T09:17:16.895+0000] {processor.py:186} INFO - Started process (PID=299) to work on /opt/airflow/dags/first.py
[2024-12-01T09:17:16.899+0000] {processor.py:914} INFO - Processing file /opt/airflow/dags/first.py for tasks to queue
[2024-12-01T09:17:16.904+0000] {logging_mixin.py:190} INFO - [2024-12-01T09:17:16.902+0000] {dagbag.py:588} INFO - Filling up the DagBag from /opt/airflow/dags/first.py
[2024-12-01T09:17:16.951+0000] {processor.py:925} INFO - DAG(s) 'welcome_dag' retrieved from /opt/airflow/dags/first.py
[2024-12-01T09:17:17.045+0000] {logging_mixin.py:190} INFO - [2024-12-01T09:17:17.045+0000] {dag.py:3239} INFO - Sync 1 DAGs
[2024-12-01T09:17:17.066+0000] {logging_mixin.py:190} INFO - [2024-12-01T09:17:17.066+0000] {dag.py:4180} INFO - Setting next_dagrun for welcome_dag to None, run_after=None
[2024-12-01T09:17:17.152+0000] {processor.py:208} INFO - Processing /opt/airflow/dags/first.py took 0.307 seconds
[2024-12-01T09:17:50.708+0000] {processor.py:186} INFO - Started process (PID=302) to work on /opt/airflow/dags/first.py
[2024-12-01T09:17:50.725+0000] {processor.py:914} INFO - Processing file /opt/airflow/dags/first.py for tasks to queue
[2024-12-01T09:17:50.743+0000] {logging_mixin.py:190} INFO - [2024-12-01T09:17:50.739+0000] {dagbag.py:588} INFO - Filling up the DagBag from /opt/airflow/dags/first.py
[2024-12-01T09:17:50.791+0000] {processor.py:925} INFO - DAG(s) 'welcome_dag' retrieved from /opt/airflow/dags/first.py
[2024-12-01T09:17:50.829+0000] {logging_mixin.py:190} INFO - [2024-12-01T09:17:50.829+0000] {dag.py:3239} INFO - Sync 1 DAGs
[2024-12-01T09:17:50.873+0000] {logging_mixin.py:190} INFO - [2024-12-01T09:17:50.873+0000] {dag.py:4180} INFO - Setting next_dagrun for welcome_dag to None, run_after=None
[2024-12-01T09:17:50.987+0000] {processor.py:208} INFO - Processing /opt/airflow/dags/first.py took 0.471 seconds
[2024-12-01T09:18:28.317+0000] {processor.py:186} INFO - Started process (PID=305) to work on /opt/airflow/dags/first.py
[2024-12-01T09:18:28.330+0000] {processor.py:914} INFO - Processing file /opt/airflow/dags/first.py for tasks to queue
[2024-12-01T09:18:28.348+0000] {logging_mixin.py:190} INFO - [2024-12-01T09:18:28.342+0000] {dagbag.py:588} INFO - Filling up the DagBag from /opt/airflow/dags/first.py
[2024-12-01T09:18:28.502+0000] {processor.py:925} INFO - DAG(s) 'welcome_dag' retrieved from /opt/airflow/dags/first.py
[2024-12-01T09:18:29.426+0000] {logging_mixin.py:190} INFO - [2024-12-01T09:18:29.423+0000] {dag.py:3239} INFO - Sync 1 DAGs
[2024-12-01T09:18:29.864+0000] {logging_mixin.py:190} INFO - [2024-12-01T09:18:29.863+0000] {dag.py:4180} INFO - Setting next_dagrun for welcome_dag to None, run_after=None
[2024-12-01T09:18:30.100+0000] {processor.py:208} INFO - Processing /opt/airflow/dags/first.py took 1.960 seconds
[2024-12-01T09:19:03.951+0000] {processor.py:186} INFO - Started process (PID=308) to work on /opt/airflow/dags/first.py
[2024-12-01T09:19:03.954+0000] {processor.py:914} INFO - Processing file /opt/airflow/dags/first.py for tasks to queue
[2024-12-01T09:19:03.956+0000] {logging_mixin.py:190} INFO - [2024-12-01T09:19:03.956+0000] {dagbag.py:588} INFO - Filling up the DagBag from /opt/airflow/dags/first.py
[2024-12-01T09:19:04.002+0000] {processor.py:925} INFO - DAG(s) 'welcome_dag' retrieved from /opt/airflow/dags/first.py
[2024-12-01T09:19:04.078+0000] {logging_mixin.py:190} INFO - [2024-12-01T09:19:04.078+0000] {dag.py:3239} INFO - Sync 1 DAGs
[2024-12-01T09:19:04.100+0000] {logging_mixin.py:190} INFO - [2024-12-01T09:19:04.100+0000] {dag.py:4180} INFO - Setting next_dagrun for welcome_dag to None, run_after=None
[2024-12-01T09:19:04.225+0000] {processor.py:208} INFO - Processing /opt/airflow/dags/first.py took 0.351 seconds
[2024-12-01T09:19:41.833+0000] {processor.py:186} INFO - Started process (PID=311) to work on /opt/airflow/dags/first.py
[2024-12-01T09:19:41.839+0000] {processor.py:914} INFO - Processing file /opt/airflow/dags/first.py for tasks to queue
[2024-12-01T09:19:41.848+0000] {logging_mixin.py:190} INFO - [2024-12-01T09:19:41.846+0000] {dagbag.py:588} INFO - Filling up the DagBag from /opt/airflow/dags/first.py
[2024-12-01T09:19:41.940+0000] {processor.py:925} INFO - DAG(s) 'welcome_dag' retrieved from /opt/airflow/dags/first.py
[2024-12-01T09:19:42.080+0000] {logging_mixin.py:190} INFO - [2024-12-01T09:19:42.080+0000] {dag.py:3239} INFO - Sync 1 DAGs
[2024-12-01T09:19:42.132+0000] {logging_mixin.py:190} INFO - [2024-12-01T09:19:42.132+0000] {dag.py:4180} INFO - Setting next_dagrun for welcome_dag to None, run_after=None
[2024-12-01T09:19:42.260+0000] {processor.py:208} INFO - Processing /opt/airflow/dags/first.py took 0.485 seconds
[2024-12-01T09:22:08.468+0000] {processor.py:186} INFO - Started process (PID=348) to work on /opt/airflow/dags/first.py
[2024-12-01T09:22:08.495+0000] {processor.py:914} INFO - Processing file /opt/airflow/dags/first.py for tasks to queue
[2024-12-01T09:22:08.537+0000] {logging_mixin.py:190} INFO - [2024-12-01T09:22:08.517+0000] {dagbag.py:588} INFO - Filling up the DagBag from /opt/airflow/dags/first.py
[2024-12-01T09:22:08.913+0000] {processor.py:925} INFO - DAG(s) 'welcome_dag' retrieved from /opt/airflow/dags/first.py
[2024-12-01T09:22:09.789+0000] {logging_mixin.py:190} INFO - [2024-12-01T09:22:09.786+0000] {dag.py:3239} INFO - Sync 1 DAGs
[2024-12-01T09:22:09.952+0000] {logging_mixin.py:190} INFO - [2024-12-01T09:22:09.951+0000] {dag.py:4180} INFO - Setting next_dagrun for welcome_dag to None, run_after=None
[2024-12-01T09:22:10.105+0000] {processor.py:208} INFO - Processing /opt/airflow/dags/first.py took 1.859 seconds
[2024-12-01T09:22:42.913+0000] {processor.py:186} INFO - Started process (PID=352) to work on /opt/airflow/dags/first.py
[2024-12-01T09:22:43.008+0000] {processor.py:914} INFO - Processing file /opt/airflow/dags/first.py for tasks to queue
[2024-12-01T09:22:43.147+0000] {logging_mixin.py:190} INFO - [2024-12-01T09:22:43.101+0000] {dagbag.py:588} INFO - Filling up the DagBag from /opt/airflow/dags/first.py
[2024-12-01T09:22:43.642+0000] {processor.py:925} INFO - DAG(s) 'welcome_dag' retrieved from /opt/airflow/dags/first.py
[2024-12-01T09:22:44.872+0000] {logging_mixin.py:190} INFO - [2024-12-01T09:22:44.869+0000] {dag.py:3239} INFO - Sync 1 DAGs
[2024-12-01T09:22:45.292+0000] {logging_mixin.py:190} INFO - [2024-12-01T09:22:45.290+0000] {dag.py:4180} INFO - Setting next_dagrun for welcome_dag to None, run_after=None
[2024-12-01T09:22:45.871+0000] {processor.py:208} INFO - Processing /opt/airflow/dags/first.py took 3.270 seconds
[2024-12-01T09:23:17.691+0000] {processor.py:186} INFO - Started process (PID=355) to work on /opt/airflow/dags/first.py
[2024-12-01T09:23:17.813+0000] {processor.py:914} INFO - Processing file /opt/airflow/dags/first.py for tasks to queue
[2024-12-01T09:23:17.873+0000] {logging_mixin.py:190} INFO - [2024-12-01T09:23:17.840+0000] {dagbag.py:588} INFO - Filling up the DagBag from /opt/airflow/dags/first.py
[2024-12-01T09:23:18.379+0000] {processor.py:925} INFO - DAG(s) 'welcome_dag' retrieved from /opt/airflow/dags/first.py
[2024-12-01T09:23:19.254+0000] {logging_mixin.py:190} INFO - [2024-12-01T09:23:19.253+0000] {dag.py:3239} INFO - Sync 1 DAGs
[2024-12-01T09:23:19.684+0000] {logging_mixin.py:190} INFO - [2024-12-01T09:23:19.683+0000] {dag.py:4180} INFO - Setting next_dagrun for welcome_dag to None, run_after=None
[2024-12-01T09:23:20.138+0000] {processor.py:208} INFO - Processing /opt/airflow/dags/first.py took 2.789 seconds
[2024-12-01T09:23:59.449+0000] {processor.py:186} INFO - Started process (PID=358) to work on /opt/airflow/dags/first.py
[2024-12-01T09:23:59.556+0000] {processor.py:914} INFO - Processing file /opt/airflow/dags/first.py for tasks to queue
[2024-12-01T09:23:59.816+0000] {logging_mixin.py:190} INFO - [2024-12-01T09:23:59.700+0000] {dagbag.py:588} INFO - Filling up the DagBag from /opt/airflow/dags/first.py
[2024-12-01T09:24:00.448+0000] {processor.py:925} INFO - DAG(s) 'welcome_dag' retrieved from /opt/airflow/dags/first.py
[2024-12-01T09:24:00.553+0000] {logging_mixin.py:190} INFO - [2024-12-01T09:24:00.553+0000] {dag.py:3239} INFO - Sync 1 DAGs
[2024-12-01T09:24:00.587+0000] {logging_mixin.py:190} INFO - [2024-12-01T09:24:00.587+0000] {dag.py:4180} INFO - Setting next_dagrun for welcome_dag to None, run_after=None
[2024-12-01T09:24:00.724+0000] {processor.py:208} INFO - Processing /opt/airflow/dags/first.py took 1.459 seconds
[2024-12-01T09:25:38.492+0000] {processor.py:186} INFO - Started process (PID=393) to work on /opt/airflow/dags/first.py
[2024-12-01T09:25:38.501+0000] {processor.py:914} INFO - Processing file /opt/airflow/dags/first.py for tasks to queue
[2024-12-01T09:25:38.515+0000] {logging_mixin.py:190} INFO - [2024-12-01T09:25:38.509+0000] {dagbag.py:588} INFO - Filling up the DagBag from /opt/airflow/dags/first.py
[2024-12-01T09:25:38.610+0000] {processor.py:925} INFO - DAG(s) 'welcome_dag' retrieved from /opt/airflow/dags/first.py
[2024-12-01T09:25:38.969+0000] {logging_mixin.py:190} INFO - [2024-12-01T09:25:38.969+0000] {dag.py:3239} INFO - Sync 1 DAGs
[2024-12-01T09:25:39.105+0000] {logging_mixin.py:190} INFO - [2024-12-01T09:25:39.105+0000] {dag.py:4180} INFO - Setting next_dagrun for welcome_dag to None, run_after=None
[2024-12-01T09:25:39.299+0000] {processor.py:208} INFO - Processing /opt/airflow/dags/first.py took 0.891 seconds
[2024-12-01T09:26:09.740+0000] {processor.py:186} INFO - Started process (PID=396) to work on /opt/airflow/dags/first.py
[2024-12-01T09:26:09.742+0000] {processor.py:914} INFO - Processing file /opt/airflow/dags/first.py for tasks to queue
[2024-12-01T09:26:09.744+0000] {logging_mixin.py:190} INFO - [2024-12-01T09:26:09.744+0000] {dagbag.py:588} INFO - Filling up the DagBag from /opt/airflow/dags/first.py
[2024-12-01T09:26:09.803+0000] {processor.py:925} INFO - DAG(s) 'welcome_dag' retrieved from /opt/airflow/dags/first.py
[2024-12-01T09:26:09.844+0000] {logging_mixin.py:190} INFO - [2024-12-01T09:26:09.843+0000] {dag.py:3239} INFO - Sync 1 DAGs
[2024-12-01T09:26:09.863+0000] {logging_mixin.py:190} INFO - [2024-12-01T09:26:09.862+0000] {dag.py:4180} INFO - Setting next_dagrun for welcome_dag to None, run_after=None
[2024-12-01T09:26:09.946+0000] {processor.py:208} INFO - Processing /opt/airflow/dags/first.py took 0.212 seconds
[2024-12-01T09:26:43.957+0000] {processor.py:186} INFO - Started process (PID=399) to work on /opt/airflow/dags/first.py
[2024-12-01T09:26:44.185+0000] {processor.py:914} INFO - Processing file /opt/airflow/dags/first.py for tasks to queue
[2024-12-01T09:26:44.428+0000] {logging_mixin.py:190} INFO - [2024-12-01T09:26:44.286+0000] {dagbag.py:588} INFO - Filling up the DagBag from /opt/airflow/dags/first.py
[2024-12-01T09:26:45.472+0000] {processor.py:925} INFO - DAG(s) 'welcome_dag' retrieved from /opt/airflow/dags/first.py
[2024-12-01T09:26:47.920+0000] {logging_mixin.py:190} INFO - [2024-12-01T09:26:47.873+0000] {dag.py:3239} INFO - Sync 1 DAGs
[2024-12-01T09:26:48.729+0000] {logging_mixin.py:190} INFO - [2024-12-01T09:26:48.729+0000] {dag.py:4180} INFO - Setting next_dagrun for welcome_dag to None, run_after=None
[2024-12-01T09:26:49.394+0000] {processor.py:208} INFO - Processing /opt/airflow/dags/first.py took 6.946 seconds
[2024-12-01T09:27:47.182+0000] {processor.py:186} INFO - Started process (PID=402) to work on /opt/airflow/dags/first.py
[2024-12-01T09:27:47.187+0000] {processor.py:914} INFO - Processing file /opt/airflow/dags/first.py for tasks to queue
[2024-12-01T09:27:47.209+0000] {logging_mixin.py:190} INFO - [2024-12-01T09:27:47.199+0000] {dagbag.py:588} INFO - Filling up the DagBag from /opt/airflow/dags/first.py
[2024-12-01T09:27:47.341+0000] {processor.py:925} INFO - DAG(s) 'welcome_dag' retrieved from /opt/airflow/dags/first.py
[2024-12-01T09:27:47.590+0000] {logging_mixin.py:190} INFO - [2024-12-01T09:27:47.590+0000] {dag.py:3239} INFO - Sync 1 DAGs
[2024-12-01T09:27:47.622+0000] {logging_mixin.py:190} INFO - [2024-12-01T09:27:47.622+0000] {dag.py:4180} INFO - Setting next_dagrun for welcome_dag to None, run_after=None
[2024-12-01T09:27:47.755+0000] {processor.py:208} INFO - Processing /opt/airflow/dags/first.py took 0.680 seconds
[2024-12-01T09:28:58.468+0000] {processor.py:186} INFO - Started process (PID=406) to work on /opt/airflow/dags/first.py
[2024-12-01T09:28:58.486+0000] {processor.py:914} INFO - Processing file /opt/airflow/dags/first.py for tasks to queue
[2024-12-01T09:28:58.548+0000] {logging_mixin.py:190} INFO - [2024-12-01T09:28:58.523+0000] {dagbag.py:588} INFO - Filling up the DagBag from /opt/airflow/dags/first.py
[2024-12-01T09:29:00.083+0000] {processor.py:925} INFO - DAG(s) 'welcome_dag' retrieved from /opt/airflow/dags/first.py
[2024-12-01T09:29:01.910+0000] {logging_mixin.py:190} INFO - [2024-12-01T09:29:01.909+0000] {dag.py:3239} INFO - Sync 1 DAGs
[2024-12-01T09:29:02.668+0000] {logging_mixin.py:190} INFO - [2024-12-01T09:29:02.667+0000] {dag.py:4180} INFO - Setting next_dagrun for welcome_dag to None, run_after=None
[2024-12-01T09:29:03.093+0000] {processor.py:208} INFO - Processing /opt/airflow/dags/first.py took 4.963 seconds
[2024-12-01T09:32:31.964+0000] {processor.py:186} INFO - Started process (PID=417) to work on /opt/airflow/dags/first.py
[2024-12-01T09:32:31.970+0000] {processor.py:914} INFO - Processing file /opt/airflow/dags/first.py for tasks to queue
[2024-12-01T09:32:31.982+0000] {logging_mixin.py:190} INFO - [2024-12-01T09:32:31.977+0000] {dagbag.py:588} INFO - Filling up the DagBag from /opt/airflow/dags/first.py
[2024-12-01T09:32:32.071+0000] {processor.py:925} INFO - DAG(s) 'welcome_dag' retrieved from /opt/airflow/dags/first.py
[2024-12-01T09:32:32.321+0000] {logging_mixin.py:190} INFO - [2024-12-01T09:32:32.321+0000] {dag.py:3239} INFO - Sync 1 DAGs
[2024-12-01T09:32:32.347+0000] {logging_mixin.py:190} INFO - [2024-12-01T09:32:32.347+0000] {dag.py:4180} INFO - Setting next_dagrun for welcome_dag to None, run_after=None
[2024-12-01T09:32:32.457+0000] {processor.py:208} INFO - Processing /opt/airflow/dags/first.py took 0.594 seconds
[2024-12-01T09:33:08.948+0000] {processor.py:186} INFO - Started process (PID=420) to work on /opt/airflow/dags/first.py
[2024-12-01T09:33:08.950+0000] {processor.py:914} INFO - Processing file /opt/airflow/dags/first.py for tasks to queue
[2024-12-01T09:33:08.952+0000] {logging_mixin.py:190} INFO - [2024-12-01T09:33:08.952+0000] {dagbag.py:588} INFO - Filling up the DagBag from /opt/airflow/dags/first.py
[2024-12-01T09:33:08.986+0000] {processor.py:925} INFO - DAG(s) 'welcome_dag' retrieved from /opt/airflow/dags/first.py
[2024-12-01T09:33:09.031+0000] {logging_mixin.py:190} INFO - [2024-12-01T09:33:09.031+0000] {dag.py:3239} INFO - Sync 1 DAGs
[2024-12-01T09:33:09.050+0000] {logging_mixin.py:190} INFO - [2024-12-01T09:33:09.049+0000] {dag.py:4180} INFO - Setting next_dagrun for welcome_dag to None, run_after=None
[2024-12-01T09:33:09.156+0000] {processor.py:208} INFO - Processing /opt/airflow/dags/first.py took 0.215 seconds
[2024-12-01T09:33:46.638+0000] {processor.py:186} INFO - Started process (PID=423) to work on /opt/airflow/dags/first.py
[2024-12-01T09:33:46.644+0000] {processor.py:914} INFO - Processing file /opt/airflow/dags/first.py for tasks to queue
[2024-12-01T09:33:46.648+0000] {logging_mixin.py:190} INFO - [2024-12-01T09:33:46.647+0000] {dagbag.py:588} INFO - Filling up the DagBag from /opt/airflow/dags/first.py
[2024-12-01T09:33:46.709+0000] {processor.py:925} INFO - DAG(s) 'welcome_dag' retrieved from /opt/airflow/dags/first.py
[2024-12-01T09:33:46.783+0000] {logging_mixin.py:190} INFO - [2024-12-01T09:33:46.782+0000] {dag.py:3239} INFO - Sync 1 DAGs
[2024-12-01T09:33:46.808+0000] {logging_mixin.py:190} INFO - [2024-12-01T09:33:46.808+0000] {dag.py:4180} INFO - Setting next_dagrun for welcome_dag to None, run_after=None
[2024-12-01T09:33:46.896+0000] {processor.py:208} INFO - Processing /opt/airflow/dags/first.py took 0.302 seconds
[2024-12-01T09:34:19.925+0000] {processor.py:186} INFO - Started process (PID=426) to work on /opt/airflow/dags/first.py
[2024-12-01T09:34:19.928+0000] {processor.py:914} INFO - Processing file /opt/airflow/dags/first.py for tasks to queue
[2024-12-01T09:34:19.930+0000] {logging_mixin.py:190} INFO - [2024-12-01T09:34:19.929+0000] {dagbag.py:588} INFO - Filling up the DagBag from /opt/airflow/dags/first.py
[2024-12-01T09:34:19.975+0000] {processor.py:925} INFO - DAG(s) 'welcome_dag' retrieved from /opt/airflow/dags/first.py
[2024-12-01T09:34:20.026+0000] {logging_mixin.py:190} INFO - [2024-12-01T09:34:20.026+0000] {dag.py:3239} INFO - Sync 1 DAGs
[2024-12-01T09:34:20.047+0000] {logging_mixin.py:190} INFO - [2024-12-01T09:34:20.047+0000] {dag.py:4180} INFO - Setting next_dagrun for welcome_dag to None, run_after=None
[2024-12-01T09:34:20.142+0000] {processor.py:208} INFO - Processing /opt/airflow/dags/first.py took 0.225 seconds
[2024-12-01T09:34:54.220+0000] {processor.py:186} INFO - Started process (PID=429) to work on /opt/airflow/dags/first.py
[2024-12-01T09:34:54.222+0000] {processor.py:914} INFO - Processing file /opt/airflow/dags/first.py for tasks to queue
[2024-12-01T09:34:54.224+0000] {logging_mixin.py:190} INFO - [2024-12-01T09:34:54.224+0000] {dagbag.py:588} INFO - Filling up the DagBag from /opt/airflow/dags/first.py
[2024-12-01T09:34:54.267+0000] {processor.py:925} INFO - DAG(s) 'welcome_dag' retrieved from /opt/airflow/dags/first.py
[2024-12-01T09:34:54.326+0000] {logging_mixin.py:190} INFO - [2024-12-01T09:34:54.326+0000] {dag.py:3239} INFO - Sync 1 DAGs
[2024-12-01T09:34:54.346+0000] {logging_mixin.py:190} INFO - [2024-12-01T09:34:54.346+0000] {dag.py:4180} INFO - Setting next_dagrun for welcome_dag to None, run_after=None
[2024-12-01T09:34:54.467+0000] {processor.py:208} INFO - Processing /opt/airflow/dags/first.py took 0.252 seconds
[2024-12-01T09:35:25.661+0000] {processor.py:186} INFO - Started process (PID=432) to work on /opt/airflow/dags/first.py
[2024-12-01T09:35:25.663+0000] {processor.py:914} INFO - Processing file /opt/airflow/dags/first.py for tasks to queue
[2024-12-01T09:35:25.666+0000] {logging_mixin.py:190} INFO - [2024-12-01T09:35:25.666+0000] {dagbag.py:588} INFO - Filling up the DagBag from /opt/airflow/dags/first.py
[2024-12-01T09:35:25.726+0000] {processor.py:925} INFO - DAG(s) 'welcome_dag' retrieved from /opt/airflow/dags/first.py
[2024-12-01T09:35:25.780+0000] {logging_mixin.py:190} INFO - [2024-12-01T09:35:25.780+0000] {dag.py:3239} INFO - Sync 1 DAGs
[2024-12-01T09:35:25.799+0000] {logging_mixin.py:190} INFO - [2024-12-01T09:35:25.799+0000] {dag.py:4180} INFO - Setting next_dagrun for welcome_dag to None, run_after=None
[2024-12-01T09:35:25.919+0000] {processor.py:208} INFO - Processing /opt/airflow/dags/first.py took 0.263 seconds
[2024-12-01T09:36:04.632+0000] {processor.py:186} INFO - Started process (PID=435) to work on /opt/airflow/dags/first.py
[2024-12-01T09:36:04.634+0000] {processor.py:914} INFO - Processing file /opt/airflow/dags/first.py for tasks to queue
[2024-12-01T09:36:04.638+0000] {logging_mixin.py:190} INFO - [2024-12-01T09:36:04.636+0000] {dagbag.py:588} INFO - Filling up the DagBag from /opt/airflow/dags/first.py
[2024-12-01T09:36:04.684+0000] {processor.py:925} INFO - DAG(s) 'welcome_dag' retrieved from /opt/airflow/dags/first.py
[2024-12-01T09:36:04.753+0000] {logging_mixin.py:190} INFO - [2024-12-01T09:36:04.753+0000] {dag.py:3239} INFO - Sync 1 DAGs
[2024-12-01T09:36:04.777+0000] {logging_mixin.py:190} INFO - [2024-12-01T09:36:04.776+0000] {dag.py:4180} INFO - Setting next_dagrun for welcome_dag to None, run_after=None
[2024-12-01T09:36:04.885+0000] {processor.py:208} INFO - Processing /opt/airflow/dags/first.py took 0.266 seconds
[2024-12-01T09:36:38.130+0000] {processor.py:186} INFO - Started process (PID=438) to work on /opt/airflow/dags/first.py
[2024-12-01T09:36:38.132+0000] {processor.py:914} INFO - Processing file /opt/airflow/dags/first.py for tasks to queue
[2024-12-01T09:36:38.134+0000] {logging_mixin.py:190} INFO - [2024-12-01T09:36:38.134+0000] {dagbag.py:588} INFO - Filling up the DagBag from /opt/airflow/dags/first.py
[2024-12-01T09:36:38.184+0000] {processor.py:925} INFO - DAG(s) 'welcome_dag' retrieved from /opt/airflow/dags/first.py
[2024-12-01T09:36:38.231+0000] {logging_mixin.py:190} INFO - [2024-12-01T09:36:38.230+0000] {dag.py:3239} INFO - Sync 1 DAGs
[2024-12-01T09:36:38.250+0000] {logging_mixin.py:190} INFO - [2024-12-01T09:36:38.250+0000] {dag.py:4180} INFO - Setting next_dagrun for welcome_dag to None, run_after=None
[2024-12-01T09:36:38.372+0000] {processor.py:208} INFO - Processing /opt/airflow/dags/first.py took 0.248 seconds
[2024-12-01T09:37:10.652+0000] {processor.py:186} INFO - Started process (PID=441) to work on /opt/airflow/dags/first.py
[2024-12-01T09:37:10.653+0000] {processor.py:914} INFO - Processing file /opt/airflow/dags/first.py for tasks to queue
[2024-12-01T09:37:10.654+0000] {logging_mixin.py:190} INFO - [2024-12-01T09:37:10.654+0000] {dagbag.py:588} INFO - Filling up the DagBag from /opt/airflow/dags/first.py
[2024-12-01T09:37:10.681+0000] {processor.py:925} INFO - DAG(s) 'welcome_dag' retrieved from /opt/airflow/dags/first.py
[2024-12-01T09:37:10.721+0000] {logging_mixin.py:190} INFO - [2024-12-01T09:37:10.721+0000] {dag.py:3239} INFO - Sync 1 DAGs
[2024-12-01T09:37:10.741+0000] {logging_mixin.py:190} INFO - [2024-12-01T09:37:10.741+0000] {dag.py:4180} INFO - Setting next_dagrun for welcome_dag to None, run_after=None
[2024-12-01T09:37:10.846+0000] {processor.py:208} INFO - Processing /opt/airflow/dags/first.py took 0.200 seconds
[2024-12-01T09:37:43.317+0000] {processor.py:186} INFO - Started process (PID=444) to work on /opt/airflow/dags/first.py
[2024-12-01T09:37:43.319+0000] {processor.py:914} INFO - Processing file /opt/airflow/dags/first.py for tasks to queue
[2024-12-01T09:37:43.320+0000] {logging_mixin.py:190} INFO - [2024-12-01T09:37:43.320+0000] {dagbag.py:588} INFO - Filling up the DagBag from /opt/airflow/dags/first.py
[2024-12-01T09:37:43.356+0000] {processor.py:925} INFO - DAG(s) 'welcome_dag' retrieved from /opt/airflow/dags/first.py
[2024-12-01T09:37:43.400+0000] {logging_mixin.py:190} INFO - [2024-12-01T09:37:43.399+0000] {dag.py:3239} INFO - Sync 1 DAGs
[2024-12-01T09:37:43.419+0000] {logging_mixin.py:190} INFO - [2024-12-01T09:37:43.419+0000] {dag.py:4180} INFO - Setting next_dagrun for welcome_dag to None, run_after=None
[2024-12-01T09:37:43.514+0000] {processor.py:208} INFO - Processing /opt/airflow/dags/first.py took 0.217 seconds
[2024-12-01T09:38:16.511+0000] {processor.py:186} INFO - Started process (PID=447) to work on /opt/airflow/dags/first.py
[2024-12-01T09:38:16.512+0000] {processor.py:914} INFO - Processing file /opt/airflow/dags/first.py for tasks to queue
[2024-12-01T09:38:16.514+0000] {logging_mixin.py:190} INFO - [2024-12-01T09:38:16.514+0000] {dagbag.py:588} INFO - Filling up the DagBag from /opt/airflow/dags/first.py
[2024-12-01T09:38:16.553+0000] {processor.py:925} INFO - DAG(s) 'welcome_dag' retrieved from /opt/airflow/dags/first.py
[2024-12-01T09:38:16.597+0000] {logging_mixin.py:190} INFO - [2024-12-01T09:38:16.597+0000] {dag.py:3239} INFO - Sync 1 DAGs
[2024-12-01T09:38:16.618+0000] {logging_mixin.py:190} INFO - [2024-12-01T09:38:16.618+0000] {dag.py:4180} INFO - Setting next_dagrun for welcome_dag to None, run_after=None
[2024-12-01T09:38:16.719+0000] {processor.py:208} INFO - Processing /opt/airflow/dags/first.py took 0.214 seconds
[2024-12-01T09:38:48.919+0000] {processor.py:186} INFO - Started process (PID=450) to work on /opt/airflow/dags/first.py
[2024-12-01T09:38:48.921+0000] {processor.py:914} INFO - Processing file /opt/airflow/dags/first.py for tasks to queue
[2024-12-01T09:38:48.923+0000] {logging_mixin.py:190} INFO - [2024-12-01T09:38:48.922+0000] {dagbag.py:588} INFO - Filling up the DagBag from /opt/airflow/dags/first.py
[2024-12-01T09:38:48.961+0000] {processor.py:925} INFO - DAG(s) 'welcome_dag' retrieved from /opt/airflow/dags/first.py
[2024-12-01T09:38:49.004+0000] {logging_mixin.py:190} INFO - [2024-12-01T09:38:49.004+0000] {dag.py:3239} INFO - Sync 1 DAGs
[2024-12-01T09:38:49.024+0000] {logging_mixin.py:190} INFO - [2024-12-01T09:38:49.024+0000] {dag.py:4180} INFO - Setting next_dagrun for welcome_dag to None, run_after=None
[2024-12-01T09:38:49.127+0000] {processor.py:208} INFO - Processing /opt/airflow/dags/first.py took 0.213 seconds
[2024-12-01T09:39:26.779+0000] {processor.py:186} INFO - Started process (PID=453) to work on /opt/airflow/dags/first.py
[2024-12-01T09:39:26.783+0000] {processor.py:914} INFO - Processing file /opt/airflow/dags/first.py for tasks to queue
[2024-12-01T09:39:26.801+0000] {logging_mixin.py:190} INFO - [2024-12-01T09:39:26.791+0000] {dagbag.py:588} INFO - Filling up the DagBag from /opt/airflow/dags/first.py
[2024-12-01T09:39:26.881+0000] {processor.py:925} INFO - DAG(s) 'welcome_dag' retrieved from /opt/airflow/dags/first.py
[2024-12-01T09:39:27.129+0000] {logging_mixin.py:190} INFO - [2024-12-01T09:39:27.128+0000] {dag.py:3239} INFO - Sync 1 DAGs
[2024-12-01T09:39:27.282+0000] {logging_mixin.py:190} INFO - [2024-12-01T09:39:27.282+0000] {dag.py:4180} INFO - Setting next_dagrun for welcome_dag to None, run_after=None
[2024-12-01T09:39:27.460+0000] {processor.py:208} INFO - Processing /opt/airflow/dags/first.py took 0.707 seconds
[2024-12-01T09:40:00.164+0000] {processor.py:186} INFO - Started process (PID=456) to work on /opt/airflow/dags/first.py
[2024-12-01T09:40:00.165+0000] {processor.py:914} INFO - Processing file /opt/airflow/dags/first.py for tasks to queue
[2024-12-01T09:40:00.167+0000] {logging_mixin.py:190} INFO - [2024-12-01T09:40:00.167+0000] {dagbag.py:588} INFO - Filling up the DagBag from /opt/airflow/dags/first.py
[2024-12-01T09:40:00.198+0000] {processor.py:925} INFO - DAG(s) 'welcome_dag' retrieved from /opt/airflow/dags/first.py
[2024-12-01T09:40:00.244+0000] {logging_mixin.py:190} INFO - [2024-12-01T09:40:00.244+0000] {dag.py:3239} INFO - Sync 1 DAGs
[2024-12-01T09:40:00.264+0000] {logging_mixin.py:190} INFO - [2024-12-01T09:40:00.264+0000] {dag.py:4180} INFO - Setting next_dagrun for welcome_dag to None, run_after=None
[2024-12-01T09:40:00.396+0000] {processor.py:208} INFO - Processing /opt/airflow/dags/first.py took 0.237 seconds
[2024-12-01T09:40:33.514+0000] {processor.py:186} INFO - Started process (PID=459) to work on /opt/airflow/dags/first.py
[2024-12-01T09:40:33.515+0000] {processor.py:914} INFO - Processing file /opt/airflow/dags/first.py for tasks to queue
[2024-12-01T09:40:33.517+0000] {logging_mixin.py:190} INFO - [2024-12-01T09:40:33.516+0000] {dagbag.py:588} INFO - Filling up the DagBag from /opt/airflow/dags/first.py
[2024-12-01T09:40:33.550+0000] {processor.py:925} INFO - DAG(s) 'welcome_dag' retrieved from /opt/airflow/dags/first.py
[2024-12-01T09:40:33.589+0000] {logging_mixin.py:190} INFO - [2024-12-01T09:40:33.589+0000] {dag.py:3239} INFO - Sync 1 DAGs
[2024-12-01T09:40:33.610+0000] {logging_mixin.py:190} INFO - [2024-12-01T09:40:33.609+0000] {dag.py:4180} INFO - Setting next_dagrun for welcome_dag to None, run_after=None
[2024-12-01T09:40:33.716+0000] {processor.py:208} INFO - Processing /opt/airflow/dags/first.py took 0.208 seconds
[2024-12-01T09:45:02.134+0000] {processor.py:186} INFO - Started process (PID=462) to work on /opt/airflow/dags/first.py
[2024-12-01T09:45:02.137+0000] {processor.py:914} INFO - Processing file /opt/airflow/dags/first.py for tasks to queue
[2024-12-01T09:45:02.141+0000] {logging_mixin.py:190} INFO - [2024-12-01T09:45:02.139+0000] {dagbag.py:588} INFO - Filling up the DagBag from /opt/airflow/dags/first.py
[2024-12-01T09:45:02.190+0000] {processor.py:925} INFO - DAG(s) 'welcome_dag' retrieved from /opt/airflow/dags/first.py
[2024-12-01T09:45:02.266+0000] {logging_mixin.py:190} INFO - [2024-12-01T09:45:02.266+0000] {dag.py:3239} INFO - Sync 1 DAGs
[2024-12-01T09:45:02.285+0000] {logging_mixin.py:190} INFO - [2024-12-01T09:45:02.284+0000] {dag.py:4180} INFO - Setting next_dagrun for welcome_dag to None, run_after=None
[2024-12-01T09:45:02.371+0000] {processor.py:208} INFO - Processing /opt/airflow/dags/first.py took 0.264 seconds
[2024-12-01T09:45:34.332+0000] {processor.py:186} INFO - Started process (PID=465) to work on /opt/airflow/dags/first.py
[2024-12-01T09:45:34.334+0000] {processor.py:914} INFO - Processing file /opt/airflow/dags/first.py for tasks to queue
[2024-12-01T09:45:34.335+0000] {logging_mixin.py:190} INFO - [2024-12-01T09:45:34.335+0000] {dagbag.py:588} INFO - Filling up the DagBag from /opt/airflow/dags/first.py
[2024-12-01T09:45:34.363+0000] {processor.py:925} INFO - DAG(s) 'welcome_dag' retrieved from /opt/airflow/dags/first.py
[2024-12-01T09:45:34.401+0000] {logging_mixin.py:190} INFO - [2024-12-01T09:45:34.401+0000] {dag.py:3239} INFO - Sync 1 DAGs
[2024-12-01T09:45:34.420+0000] {logging_mixin.py:190} INFO - [2024-12-01T09:45:34.420+0000] {dag.py:4180} INFO - Setting next_dagrun for welcome_dag to None, run_after=None
[2024-12-01T09:45:34.559+0000] {processor.py:208} INFO - Processing /opt/airflow/dags/first.py took 0.232 seconds
[2024-12-01T09:46:07.927+0000] {processor.py:186} INFO - Started process (PID=468) to work on /opt/airflow/dags/first.py
[2024-12-01T09:46:07.929+0000] {processor.py:914} INFO - Processing file /opt/airflow/dags/first.py for tasks to queue
[2024-12-01T09:46:07.931+0000] {logging_mixin.py:190} INFO - [2024-12-01T09:46:07.930+0000] {dagbag.py:588} INFO - Filling up the DagBag from /opt/airflow/dags/first.py
[2024-12-01T09:46:07.968+0000] {processor.py:925} INFO - DAG(s) 'welcome_dag' retrieved from /opt/airflow/dags/first.py
[2024-12-01T09:46:08.005+0000] {logging_mixin.py:190} INFO - [2024-12-01T09:46:08.005+0000] {dag.py:3239} INFO - Sync 1 DAGs
[2024-12-01T09:46:08.024+0000] {logging_mixin.py:190} INFO - [2024-12-01T09:46:08.024+0000] {dag.py:4180} INFO - Setting next_dagrun for welcome_dag to None, run_after=None
[2024-12-01T09:46:08.158+0000] {processor.py:208} INFO - Processing /opt/airflow/dags/first.py took 0.250 seconds
[2024-12-01T09:46:40.399+0000] {processor.py:186} INFO - Started process (PID=471) to work on /opt/airflow/dags/first.py
[2024-12-01T09:46:40.400+0000] {processor.py:914} INFO - Processing file /opt/airflow/dags/first.py for tasks to queue
[2024-12-01T09:46:40.402+0000] {logging_mixin.py:190} INFO - [2024-12-01T09:46:40.402+0000] {dagbag.py:588} INFO - Filling up the DagBag from /opt/airflow/dags/first.py
[2024-12-01T09:46:40.438+0000] {processor.py:925} INFO - DAG(s) 'welcome_dag' retrieved from /opt/airflow/dags/first.py
[2024-12-01T09:46:40.476+0000] {logging_mixin.py:190} INFO - [2024-12-01T09:46:40.476+0000] {dag.py:3239} INFO - Sync 1 DAGs
[2024-12-01T09:46:40.494+0000] {logging_mixin.py:190} INFO - [2024-12-01T09:46:40.493+0000] {dag.py:4180} INFO - Setting next_dagrun for welcome_dag to None, run_after=None
[2024-12-01T09:46:40.594+0000] {processor.py:208} INFO - Processing /opt/airflow/dags/first.py took 0.201 seconds
[2024-12-01T09:47:18.346+0000] {processor.py:186} INFO - Started process (PID=474) to work on /opt/airflow/dags/first.py
[2024-12-01T09:47:18.349+0000] {processor.py:914} INFO - Processing file /opt/airflow/dags/first.py for tasks to queue
[2024-12-01T09:47:18.361+0000] {logging_mixin.py:190} INFO - [2024-12-01T09:47:18.354+0000] {dagbag.py:588} INFO - Filling up the DagBag from /opt/airflow/dags/first.py
[2024-12-01T09:47:18.446+0000] {processor.py:925} INFO - DAG(s) 'welcome_dag' retrieved from /opt/airflow/dags/first.py
[2024-12-01T09:47:18.554+0000] {logging_mixin.py:190} INFO - [2024-12-01T09:47:18.553+0000] {dag.py:3239} INFO - Sync 1 DAGs
[2024-12-01T09:47:18.581+0000] {logging_mixin.py:190} INFO - [2024-12-01T09:47:18.581+0000] {dag.py:4180} INFO - Setting next_dagrun for welcome_dag to None, run_after=None
[2024-12-01T09:47:18.671+0000] {processor.py:208} INFO - Processing /opt/airflow/dags/first.py took 0.350 seconds
[2024-12-01T09:47:54.608+0000] {processor.py:186} INFO - Started process (PID=477) to work on /opt/airflow/dags/first.py
[2024-12-01T09:47:54.610+0000] {processor.py:914} INFO - Processing file /opt/airflow/dags/first.py for tasks to queue
[2024-12-01T09:47:54.613+0000] {logging_mixin.py:190} INFO - [2024-12-01T09:47:54.612+0000] {dagbag.py:588} INFO - Filling up the DagBag from /opt/airflow/dags/first.py
[2024-12-01T09:47:54.657+0000] {processor.py:925} INFO - DAG(s) 'welcome_dag' retrieved from /opt/airflow/dags/first.py
[2024-12-01T09:47:54.721+0000] {logging_mixin.py:190} INFO - [2024-12-01T09:47:54.721+0000] {dag.py:3239} INFO - Sync 1 DAGs
[2024-12-01T09:47:54.745+0000] {logging_mixin.py:190} INFO - [2024-12-01T09:47:54.745+0000] {dag.py:4180} INFO - Setting next_dagrun for welcome_dag to None, run_after=None
[2024-12-01T09:47:54.840+0000] {processor.py:208} INFO - Processing /opt/airflow/dags/first.py took 0.258 seconds
[2024-12-01T09:48:26.278+0000] {processor.py:186} INFO - Started process (PID=480) to work on /opt/airflow/dags/first.py
[2024-12-01T09:48:26.279+0000] {processor.py:914} INFO - Processing file /opt/airflow/dags/first.py for tasks to queue
[2024-12-01T09:48:26.281+0000] {logging_mixin.py:190} INFO - [2024-12-01T09:48:26.281+0000] {dagbag.py:588} INFO - Filling up the DagBag from /opt/airflow/dags/first.py
[2024-12-01T09:48:26.330+0000] {processor.py:925} INFO - DAG(s) 'welcome_dag' retrieved from /opt/airflow/dags/first.py
[2024-12-01T09:48:26.368+0000] {logging_mixin.py:190} INFO - [2024-12-01T09:48:26.368+0000] {dag.py:3239} INFO - Sync 1 DAGs
[2024-12-01T09:48:26.390+0000] {logging_mixin.py:190} INFO - [2024-12-01T09:48:26.390+0000] {dag.py:4180} INFO - Setting next_dagrun for welcome_dag to None, run_after=None
[2024-12-01T09:48:26.492+0000] {processor.py:208} INFO - Processing /opt/airflow/dags/first.py took 0.218 seconds
[2024-12-01T09:49:01.662+0000] {processor.py:186} INFO - Started process (PID=483) to work on /opt/airflow/dags/first.py
[2024-12-01T09:49:01.664+0000] {processor.py:914} INFO - Processing file /opt/airflow/dags/first.py for tasks to queue
[2024-12-01T09:49:01.673+0000] {logging_mixin.py:190} INFO - [2024-12-01T09:49:01.669+0000] {dagbag.py:588} INFO - Filling up the DagBag from /opt/airflow/dags/first.py
[2024-12-01T09:49:01.708+0000] {processor.py:925} INFO - DAG(s) 'welcome_dag' retrieved from /opt/airflow/dags/first.py
[2024-12-01T09:49:01.757+0000] {logging_mixin.py:190} INFO - [2024-12-01T09:49:01.757+0000] {dag.py:3239} INFO - Sync 1 DAGs
[2024-12-01T09:49:01.778+0000] {logging_mixin.py:190} INFO - [2024-12-01T09:49:01.778+0000] {dag.py:4180} INFO - Setting next_dagrun for welcome_dag to None, run_after=None
[2024-12-01T09:49:01.878+0000] {processor.py:208} INFO - Processing /opt/airflow/dags/first.py took 0.221 seconds
[2024-12-01T09:49:35.274+0000] {processor.py:186} INFO - Started process (PID=486) to work on /opt/airflow/dags/first.py
[2024-12-01T09:49:35.276+0000] {processor.py:914} INFO - Processing file /opt/airflow/dags/first.py for tasks to queue
[2024-12-01T09:49:35.278+0000] {logging_mixin.py:190} INFO - [2024-12-01T09:49:35.278+0000] {dagbag.py:588} INFO - Filling up the DagBag from /opt/airflow/dags/first.py
[2024-12-01T09:49:35.341+0000] {processor.py:925} INFO - DAG(s) 'welcome_dag' retrieved from /opt/airflow/dags/first.py
[2024-12-01T09:49:35.393+0000] {logging_mixin.py:190} INFO - [2024-12-01T09:49:35.393+0000] {dag.py:3239} INFO - Sync 1 DAGs
[2024-12-01T09:49:35.413+0000] {logging_mixin.py:190} INFO - [2024-12-01T09:49:35.413+0000] {dag.py:4180} INFO - Setting next_dagrun for welcome_dag to None, run_after=None
[2024-12-01T09:49:35.553+0000] {processor.py:208} INFO - Processing /opt/airflow/dags/first.py took 0.283 seconds
[2024-12-01T09:53:10.448+0000] {processor.py:186} INFO - Started process (PID=489) to work on /opt/airflow/dags/first.py
[2024-12-01T09:53:10.456+0000] {processor.py:914} INFO - Processing file /opt/airflow/dags/first.py for tasks to queue
[2024-12-01T09:53:10.466+0000] {logging_mixin.py:190} INFO - [2024-12-01T09:53:10.462+0000] {dagbag.py:588} INFO - Filling up the DagBag from /opt/airflow/dags/first.py
[2024-12-01T09:53:10.584+0000] {processor.py:925} INFO - DAG(s) 'welcome_dag' retrieved from /opt/airflow/dags/first.py
[2024-12-01T09:53:10.823+0000] {logging_mixin.py:190} INFO - [2024-12-01T09:53:10.823+0000] {dag.py:3239} INFO - Sync 1 DAGs
[2024-12-01T09:53:10.886+0000] {logging_mixin.py:190} INFO - [2024-12-01T09:53:10.886+0000] {dag.py:4180} INFO - Setting next_dagrun for welcome_dag to None, run_after=None
[2024-12-01T09:53:10.988+0000] {processor.py:208} INFO - Processing /opt/airflow/dags/first.py took 0.640 seconds
[2024-12-01T09:54:14.309+0000] {processor.py:186} INFO - Started process (PID=493) to work on /opt/airflow/dags/first.py
[2024-12-01T09:54:14.315+0000] {processor.py:914} INFO - Processing file /opt/airflow/dags/first.py for tasks to queue
[2024-12-01T09:54:14.341+0000] {logging_mixin.py:190} INFO - [2024-12-01T09:54:14.323+0000] {dagbag.py:588} INFO - Filling up the DagBag from /opt/airflow/dags/first.py
[2024-12-01T09:54:14.474+0000] {processor.py:925} INFO - DAG(s) 'welcome_dag' retrieved from /opt/airflow/dags/first.py
[2024-12-01T09:54:14.802+0000] {logging_mixin.py:190} INFO - [2024-12-01T09:54:14.801+0000] {dag.py:3239} INFO - Sync 1 DAGs
[2024-12-01T09:54:14.902+0000] {logging_mixin.py:190} INFO - [2024-12-01T09:54:14.902+0000] {dag.py:4180} INFO - Setting next_dagrun for welcome_dag to None, run_after=None
[2024-12-01T09:54:15.060+0000] {processor.py:208} INFO - Processing /opt/airflow/dags/first.py took 0.870 seconds
[2024-12-01T09:54:56.031+0000] {processor.py:186} INFO - Started process (PID=497) to work on /opt/airflow/dags/first.py
[2024-12-01T09:54:56.034+0000] {processor.py:914} INFO - Processing file /opt/airflow/dags/first.py for tasks to queue
[2024-12-01T09:54:56.037+0000] {logging_mixin.py:190} INFO - [2024-12-01T09:54:56.036+0000] {dagbag.py:588} INFO - Filling up the DagBag from /opt/airflow/dags/first.py
[2024-12-01T09:54:56.102+0000] {processor.py:925} INFO - DAG(s) 'welcome_dag' retrieved from /opt/airflow/dags/first.py
[2024-12-01T09:54:56.450+0000] {logging_mixin.py:190} INFO - [2024-12-01T09:54:56.450+0000] {dag.py:3239} INFO - Sync 1 DAGs
[2024-12-01T09:54:56.489+0000] {logging_mixin.py:190} INFO - [2024-12-01T09:54:56.489+0000] {dag.py:4180} INFO - Setting next_dagrun for welcome_dag to None, run_after=None
[2024-12-01T09:54:56.584+0000] {processor.py:208} INFO - Processing /opt/airflow/dags/first.py took 0.593 seconds
[2024-12-01T09:55:32.963+0000] {processor.py:186} INFO - Started process (PID=500) to work on /opt/airflow/dags/first.py
[2024-12-01T09:55:32.965+0000] {processor.py:914} INFO - Processing file /opt/airflow/dags/first.py for tasks to queue
[2024-12-01T09:55:32.966+0000] {logging_mixin.py:190} INFO - [2024-12-01T09:55:32.966+0000] {dagbag.py:588} INFO - Filling up the DagBag from /opt/airflow/dags/first.py
[2024-12-01T09:55:33.009+0000] {processor.py:925} INFO - DAG(s) 'welcome_dag' retrieved from /opt/airflow/dags/first.py
[2024-12-01T09:55:33.055+0000] {logging_mixin.py:190} INFO - [2024-12-01T09:55:33.055+0000] {dag.py:3239} INFO - Sync 1 DAGs
[2024-12-01T09:55:33.070+0000] {logging_mixin.py:190} INFO - [2024-12-01T09:55:33.070+0000] {dag.py:4180} INFO - Setting next_dagrun for welcome_dag to None, run_after=None
[2024-12-01T09:55:33.198+0000] {processor.py:208} INFO - Processing /opt/airflow/dags/first.py took 0.240 seconds
[2024-12-01T09:56:07.812+0000] {processor.py:186} INFO - Started process (PID=503) to work on /opt/airflow/dags/first.py
[2024-12-01T09:56:07.814+0000] {processor.py:914} INFO - Processing file /opt/airflow/dags/first.py for tasks to queue
[2024-12-01T09:56:07.815+0000] {logging_mixin.py:190} INFO - [2024-12-01T09:56:07.815+0000] {dagbag.py:588} INFO - Filling up the DagBag from /opt/airflow/dags/first.py
[2024-12-01T09:56:07.859+0000] {processor.py:925} INFO - DAG(s) 'welcome_dag' retrieved from /opt/airflow/dags/first.py
[2024-12-01T09:56:08.340+0000] {logging_mixin.py:190} INFO - [2024-12-01T09:56:08.339+0000] {dag.py:3239} INFO - Sync 1 DAGs
[2024-12-01T09:56:08.408+0000] {logging_mixin.py:190} INFO - [2024-12-01T09:56:08.408+0000] {dag.py:4180} INFO - Setting next_dagrun for welcome_dag to None, run_after=None
[2024-12-01T09:56:08.558+0000] {processor.py:208} INFO - Processing /opt/airflow/dags/first.py took 0.752 seconds
[2024-12-01T09:56:41.916+0000] {processor.py:186} INFO - Started process (PID=506) to work on /opt/airflow/dags/first.py
[2024-12-01T09:56:41.918+0000] {processor.py:914} INFO - Processing file /opt/airflow/dags/first.py for tasks to queue
[2024-12-01T09:56:41.919+0000] {logging_mixin.py:190} INFO - [2024-12-01T09:56:41.919+0000] {dagbag.py:588} INFO - Filling up the DagBag from /opt/airflow/dags/first.py
[2024-12-01T09:56:41.955+0000] {processor.py:925} INFO - DAG(s) 'welcome_dag' retrieved from /opt/airflow/dags/first.py
[2024-12-01T09:56:41.994+0000] {logging_mixin.py:190} INFO - [2024-12-01T09:56:41.994+0000] {dag.py:3239} INFO - Sync 1 DAGs
[2024-12-01T09:56:42.011+0000] {logging_mixin.py:190} INFO - [2024-12-01T09:56:42.011+0000] {dag.py:4180} INFO - Setting next_dagrun for welcome_dag to None, run_after=None
[2024-12-01T09:56:42.104+0000] {processor.py:208} INFO - Processing /opt/airflow/dags/first.py took 0.194 seconds
[2024-12-01T09:57:13.935+0000] {processor.py:186} INFO - Started process (PID=509) to work on /opt/airflow/dags/first.py
[2024-12-01T09:57:13.972+0000] {processor.py:914} INFO - Processing file /opt/airflow/dags/first.py for tasks to queue
[2024-12-01T09:57:13.991+0000] {logging_mixin.py:190} INFO - [2024-12-01T09:57:13.986+0000] {dagbag.py:588} INFO - Filling up the DagBag from /opt/airflow/dags/first.py
[2024-12-01T09:57:14.148+0000] {processor.py:925} INFO - DAG(s) 'welcome_dag' retrieved from /opt/airflow/dags/first.py
[2024-12-01T09:57:14.468+0000] {logging_mixin.py:190} INFO - [2024-12-01T09:57:14.467+0000] {dag.py:3239} INFO - Sync 1 DAGs
[2024-12-01T09:57:14.487+0000] {logging_mixin.py:190} INFO - [2024-12-01T09:57:14.487+0000] {dag.py:4180} INFO - Setting next_dagrun for welcome_dag to None, run_after=None
[2024-12-01T09:57:14.588+0000] {processor.py:208} INFO - Processing /opt/airflow/dags/first.py took 0.757 seconds
[2024-12-01T09:57:46.687+0000] {processor.py:186} INFO - Started process (PID=512) to work on /opt/airflow/dags/first.py
[2024-12-01T09:57:46.689+0000] {processor.py:914} INFO - Processing file /opt/airflow/dags/first.py for tasks to queue
[2024-12-01T09:57:46.691+0000] {logging_mixin.py:190} INFO - [2024-12-01T09:57:46.690+0000] {dagbag.py:588} INFO - Filling up the DagBag from /opt/airflow/dags/first.py
[2024-12-01T09:57:46.724+0000] {processor.py:925} INFO - DAG(s) 'welcome_dag' retrieved from /opt/airflow/dags/first.py
[2024-12-01T09:57:46.762+0000] {logging_mixin.py:190} INFO - [2024-12-01T09:57:46.762+0000] {dag.py:3239} INFO - Sync 1 DAGs
[2024-12-01T09:57:46.779+0000] {logging_mixin.py:190} INFO - [2024-12-01T09:57:46.779+0000] {dag.py:4180} INFO - Setting next_dagrun for welcome_dag to None, run_after=None
[2024-12-01T09:57:46.878+0000] {processor.py:208} INFO - Processing /opt/airflow/dags/first.py took 0.200 seconds
[2024-12-01T09:58:31.746+0000] {processor.py:186} INFO - Started process (PID=515) to work on /opt/airflow/dags/first.py
[2024-12-01T09:58:31.754+0000] {processor.py:914} INFO - Processing file /opt/airflow/dags/first.py for tasks to queue
[2024-12-01T09:58:31.762+0000] {logging_mixin.py:190} INFO - [2024-12-01T09:58:31.760+0000] {dagbag.py:588} INFO - Filling up the DagBag from /opt/airflow/dags/first.py
[2024-12-01T09:58:31.849+0000] {processor.py:925} INFO - DAG(s) 'welcome_dag' retrieved from /opt/airflow/dags/first.py
[2024-12-01T09:58:31.999+0000] {logging_mixin.py:190} INFO - [2024-12-01T09:58:31.997+0000] {dag.py:3239} INFO - Sync 1 DAGs
[2024-12-01T09:58:32.043+0000] {logging_mixin.py:190} INFO - [2024-12-01T09:58:32.043+0000] {dag.py:4180} INFO - Setting next_dagrun for welcome_dag to None, run_after=None
[2024-12-01T09:58:32.201+0000] {processor.py:208} INFO - Processing /opt/airflow/dags/first.py took 0.495 seconds
[2024-12-01T09:59:04.110+0000] {processor.py:186} INFO - Started process (PID=518) to work on /opt/airflow/dags/first.py
[2024-12-01T09:59:04.112+0000] {processor.py:914} INFO - Processing file /opt/airflow/dags/first.py for tasks to queue
[2024-12-01T09:59:04.114+0000] {logging_mixin.py:190} INFO - [2024-12-01T09:59:04.114+0000] {dagbag.py:588} INFO - Filling up the DagBag from /opt/airflow/dags/first.py
[2024-12-01T09:59:04.148+0000] {processor.py:925} INFO - DAG(s) 'welcome_dag' retrieved from /opt/airflow/dags/first.py
[2024-12-01T09:59:04.190+0000] {logging_mixin.py:190} INFO - [2024-12-01T09:59:04.190+0000] {dag.py:3239} INFO - Sync 1 DAGs
[2024-12-01T09:59:04.209+0000] {logging_mixin.py:190} INFO - [2024-12-01T09:59:04.209+0000] {dag.py:4180} INFO - Setting next_dagrun for welcome_dag to None, run_after=None
[2024-12-01T09:59:04.354+0000] {processor.py:208} INFO - Processing /opt/airflow/dags/first.py took 0.251 seconds
[2024-12-01T09:59:34.558+0000] {processor.py:186} INFO - Started process (PID=521) to work on /opt/airflow/dags/first.py
[2024-12-01T09:59:34.559+0000] {processor.py:914} INFO - Processing file /opt/airflow/dags/first.py for tasks to queue
[2024-12-01T09:59:34.560+0000] {logging_mixin.py:190} INFO - [2024-12-01T09:59:34.560+0000] {dagbag.py:588} INFO - Filling up the DagBag from /opt/airflow/dags/first.py
[2024-12-01T09:59:34.586+0000] {processor.py:925} INFO - DAG(s) 'welcome_dag' retrieved from /opt/airflow/dags/first.py
[2024-12-01T09:59:34.622+0000] {logging_mixin.py:190} INFO - [2024-12-01T09:59:34.621+0000] {dag.py:3239} INFO - Sync 1 DAGs
[2024-12-01T09:59:34.637+0000] {logging_mixin.py:190} INFO - [2024-12-01T09:59:34.637+0000] {dag.py:4180} INFO - Setting next_dagrun for welcome_dag to None, run_after=None
[2024-12-01T09:59:34.707+0000] {processor.py:208} INFO - Processing /opt/airflow/dags/first.py took 0.154 seconds
[2024-12-01T10:00:06.394+0000] {processor.py:186} INFO - Started process (PID=524) to work on /opt/airflow/dags/first.py
[2024-12-01T10:00:06.395+0000] {processor.py:914} INFO - Processing file /opt/airflow/dags/first.py for tasks to queue
[2024-12-01T10:00:06.397+0000] {logging_mixin.py:190} INFO - [2024-12-01T10:00:06.397+0000] {dagbag.py:588} INFO - Filling up the DagBag from /opt/airflow/dags/first.py
[2024-12-01T10:00:06.459+0000] {processor.py:925} INFO - DAG(s) 'welcome_dag' retrieved from /opt/airflow/dags/first.py
[2024-12-01T10:00:06.515+0000] {logging_mixin.py:190} INFO - [2024-12-01T10:00:06.515+0000] {dag.py:3239} INFO - Sync 1 DAGs
[2024-12-01T10:00:06.535+0000] {logging_mixin.py:190} INFO - [2024-12-01T10:00:06.535+0000] {dag.py:4180} INFO - Setting next_dagrun for welcome_dag to None, run_after=None
[2024-12-01T10:00:06.680+0000] {processor.py:208} INFO - Processing /opt/airflow/dags/first.py took 0.291 seconds
[2024-12-01T10:00:37.951+0000] {processor.py:186} INFO - Started process (PID=527) to work on /opt/airflow/dags/first.py
[2024-12-01T10:00:37.953+0000] {processor.py:914} INFO - Processing file /opt/airflow/dags/first.py for tasks to queue
[2024-12-01T10:00:37.954+0000] {logging_mixin.py:190} INFO - [2024-12-01T10:00:37.954+0000] {dagbag.py:588} INFO - Filling up the DagBag from /opt/airflow/dags/first.py
[2024-12-01T10:00:38.016+0000] {processor.py:925} INFO - DAG(s) 'welcome_dag' retrieved from /opt/airflow/dags/first.py
[2024-12-01T10:00:38.065+0000] {logging_mixin.py:190} INFO - [2024-12-01T10:00:38.065+0000] {dag.py:3239} INFO - Sync 1 DAGs
[2024-12-01T10:00:38.086+0000] {logging_mixin.py:190} INFO - [2024-12-01T10:00:38.086+0000] {dag.py:4180} INFO - Setting next_dagrun for welcome_dag to None, run_after=None
[2024-12-01T10:00:38.239+0000] {processor.py:208} INFO - Processing /opt/airflow/dags/first.py took 0.292 seconds
[2024-12-01T12:34:01.126+0000] {processor.py:186} INFO - Started process (PID=65) to work on /opt/airflow/dags/first.py
[2024-12-01T12:34:01.128+0000] {processor.py:914} INFO - Processing file /opt/airflow/dags/first.py for tasks to queue
[2024-12-01T12:34:01.130+0000] {logging_mixin.py:190} INFO - [2024-12-01T12:34:01.130+0000] {dagbag.py:588} INFO - Filling up the DagBag from /opt/airflow/dags/first.py
[2024-12-01T12:34:01.163+0000] {processor.py:925} INFO - DAG(s) 'welcome_dag' retrieved from /opt/airflow/dags/first.py
[2024-12-01T12:34:01.201+0000] {logging_mixin.py:190} INFO - [2024-12-01T12:34:01.201+0000] {dag.py:3239} INFO - Sync 1 DAGs
[2024-12-01T12:34:01.221+0000] {logging_mixin.py:190} INFO - [2024-12-01T12:34:01.220+0000] {dag.py:4180} INFO - Setting next_dagrun for welcome_dag to None, run_after=None
[2024-12-01T12:34:01.289+0000] {processor.py:208} INFO - Processing /opt/airflow/dags/first.py took 0.169 seconds
[2024-12-01T12:34:41.509+0000] {processor.py:186} INFO - Started process (PID=68) to work on /opt/airflow/dags/first.py
[2024-12-01T12:34:41.511+0000] {processor.py:914} INFO - Processing file /opt/airflow/dags/first.py for tasks to queue
[2024-12-01T12:34:41.514+0000] {logging_mixin.py:190} INFO - [2024-12-01T12:34:41.514+0000] {dagbag.py:588} INFO - Filling up the DagBag from /opt/airflow/dags/first.py
[2024-12-01T12:34:41.556+0000] {processor.py:925} INFO - DAG(s) 'welcome_dag' retrieved from /opt/airflow/dags/first.py
[2024-12-01T12:34:41.593+0000] {logging_mixin.py:190} INFO - [2024-12-01T12:34:41.593+0000] {dag.py:3239} INFO - Sync 1 DAGs
[2024-12-01T12:34:41.609+0000] {logging_mixin.py:190} INFO - [2024-12-01T12:34:41.609+0000] {dag.py:4180} INFO - Setting next_dagrun for welcome_dag to None, run_after=None
[2024-12-01T12:34:41.682+0000] {processor.py:208} INFO - Processing /opt/airflow/dags/first.py took 0.179 seconds
[2024-12-01T12:35:53.474+0000] {processor.py:186} INFO - Started process (PID=87) to work on /opt/airflow/dags/first.py
[2024-12-01T12:35:53.494+0000] {processor.py:914} INFO - Processing file /opt/airflow/dags/first.py for tasks to queue
[2024-12-01T12:35:53.524+0000] {logging_mixin.py:190} INFO - [2024-12-01T12:35:53.516+0000] {dagbag.py:588} INFO - Filling up the DagBag from /opt/airflow/dags/first.py
[2024-12-01T12:35:53.802+0000] {processor.py:925} INFO - DAG(s) 'welcome_dag' retrieved from /opt/airflow/dags/first.py
[2024-12-01T12:35:54.147+0000] {logging_mixin.py:190} INFO - [2024-12-01T12:35:54.146+0000] {dag.py:3239} INFO - Sync 1 DAGs
[2024-12-01T12:35:54.314+0000] {logging_mixin.py:190} INFO - [2024-12-01T12:35:54.313+0000] {dag.py:4180} INFO - Setting next_dagrun for welcome_dag to None, run_after=None
[2024-12-01T12:35:54.531+0000] {processor.py:208} INFO - Processing /opt/airflow/dags/first.py took 1.221 seconds
[2024-12-01T12:36:25.035+0000] {processor.py:186} INFO - Started process (PID=106) to work on /opt/airflow/dags/first.py
[2024-12-01T12:36:25.037+0000] {processor.py:914} INFO - Processing file /opt/airflow/dags/first.py for tasks to queue
[2024-12-01T12:36:25.043+0000] {logging_mixin.py:190} INFO - [2024-12-01T12:36:25.042+0000] {dagbag.py:588} INFO - Filling up the DagBag from /opt/airflow/dags/first.py
[2024-12-01T12:36:25.086+0000] {processor.py:925} INFO - DAG(s) 'welcome_dag' retrieved from /opt/airflow/dags/first.py
[2024-12-01T12:36:25.122+0000] {logging_mixin.py:190} INFO - [2024-12-01T12:36:25.121+0000] {dag.py:3239} INFO - Sync 1 DAGs
[2024-12-01T12:36:25.142+0000] {logging_mixin.py:190} INFO - [2024-12-01T12:36:25.142+0000] {dag.py:4180} INFO - Setting next_dagrun for welcome_dag to None, run_after=None
[2024-12-01T12:36:25.246+0000] {processor.py:208} INFO - Processing /opt/airflow/dags/first.py took 0.231 seconds
[2024-12-01T12:37:15.757+0000] {processor.py:186} INFO - Started process (PID=109) to work on /opt/airflow/dags/first.py
[2024-12-01T12:37:15.764+0000] {processor.py:914} INFO - Processing file /opt/airflow/dags/first.py for tasks to queue
[2024-12-01T12:37:15.822+0000] {logging_mixin.py:190} INFO - [2024-12-01T12:37:15.814+0000] {dagbag.py:588} INFO - Filling up the DagBag from /opt/airflow/dags/first.py
[2024-12-01T12:37:16.111+0000] {processor.py:925} INFO - DAG(s) 'welcome_dag' retrieved from /opt/airflow/dags/first.py
[2024-12-01T12:37:16.797+0000] {logging_mixin.py:190} INFO - [2024-12-01T12:37:16.796+0000] {dag.py:3239} INFO - Sync 1 DAGs
[2024-12-01T12:37:17.047+0000] {logging_mixin.py:190} INFO - [2024-12-01T12:37:17.047+0000] {dag.py:4180} INFO - Setting next_dagrun for welcome_dag to None, run_after=None
[2024-12-01T12:37:17.290+0000] {processor.py:208} INFO - Processing /opt/airflow/dags/first.py took 1.632 seconds
[2024-12-01T12:38:00.005+0000] {processor.py:186} INFO - Started process (PID=112) to work on /opt/airflow/dags/first.py
[2024-12-01T12:38:00.015+0000] {processor.py:914} INFO - Processing file /opt/airflow/dags/first.py for tasks to queue
[2024-12-01T12:38:00.087+0000] {logging_mixin.py:190} INFO - [2024-12-01T12:38:00.080+0000] {dagbag.py:588} INFO - Filling up the DagBag from /opt/airflow/dags/first.py
[2024-12-01T12:38:00.256+0000] {processor.py:925} INFO - DAG(s) 'welcome_dag' retrieved from /opt/airflow/dags/first.py
[2024-12-01T12:38:00.487+0000] {logging_mixin.py:190} INFO - [2024-12-01T12:38:00.487+0000] {dag.py:3239} INFO - Sync 1 DAGs
[2024-12-01T12:38:00.589+0000] {logging_mixin.py:190} INFO - [2024-12-01T12:38:00.588+0000] {dag.py:4180} INFO - Setting next_dagrun for welcome_dag to None, run_after=None
[2024-12-01T12:38:00.677+0000] {processor.py:208} INFO - Processing /opt/airflow/dags/first.py took 0.837 seconds
[2024-12-01T12:38:37.820+0000] {processor.py:186} INFO - Started process (PID=115) to work on /opt/airflow/dags/first.py
[2024-12-01T12:38:37.823+0000] {processor.py:914} INFO - Processing file /opt/airflow/dags/first.py for tasks to queue
[2024-12-01T12:38:37.867+0000] {logging_mixin.py:190} INFO - [2024-12-01T12:38:37.861+0000] {dagbag.py:588} INFO - Filling up the DagBag from /opt/airflow/dags/first.py
[2024-12-01T12:38:38.066+0000] {processor.py:925} INFO - DAG(s) 'welcome_dag' retrieved from /opt/airflow/dags/first.py
[2024-12-01T12:38:38.304+0000] {logging_mixin.py:190} INFO - [2024-12-01T12:38:38.304+0000] {dag.py:3239} INFO - Sync 1 DAGs
[2024-12-01T12:38:38.367+0000] {logging_mixin.py:190} INFO - [2024-12-01T12:38:38.367+0000] {dag.py:4180} INFO - Setting next_dagrun for welcome_dag to None, run_after=None
[2024-12-01T12:38:38.512+0000] {processor.py:208} INFO - Processing /opt/airflow/dags/first.py took 0.760 seconds
[2024-12-01T12:40:31.574+0000] {processor.py:186} INFO - Started process (PID=118) to work on /opt/airflow/dags/first.py
[2024-12-01T12:40:31.591+0000] {processor.py:914} INFO - Processing file /opt/airflow/dags/first.py for tasks to queue
[2024-12-01T12:40:31.623+0000] {logging_mixin.py:190} INFO - [2024-12-01T12:40:31.612+0000] {dagbag.py:588} INFO - Filling up the DagBag from /opt/airflow/dags/first.py
[2024-12-01T12:40:32.308+0000] {processor.py:925} INFO - DAG(s) 'welcome_dag' retrieved from /opt/airflow/dags/first.py
[2024-12-01T12:40:33.252+0000] {logging_mixin.py:190} INFO - [2024-12-01T12:40:33.251+0000] {dag.py:3239} INFO - Sync 1 DAGs
[2024-12-01T12:40:33.589+0000] {logging_mixin.py:190} INFO - [2024-12-01T12:40:33.588+0000] {dag.py:4180} INFO - Setting next_dagrun for welcome_dag to None, run_after=None
[2024-12-01T12:40:33.931+0000] {processor.py:208} INFO - Processing /opt/airflow/dags/first.py took 2.596 seconds
[2024-12-01T12:42:45.071+0000] {processor.py:186} INFO - Started process (PID=188) to work on /opt/airflow/dags/first.py
[2024-12-01T12:42:45.080+0000] {processor.py:914} INFO - Processing file /opt/airflow/dags/first.py for tasks to queue
[2024-12-01T12:42:45.116+0000] {logging_mixin.py:190} INFO - [2024-12-01T12:42:45.099+0000] {dagbag.py:588} INFO - Filling up the DagBag from /opt/airflow/dags/first.py
[2024-12-01T12:42:45.352+0000] {processor.py:925} INFO - DAG(s) 'welcome_dag' retrieved from /opt/airflow/dags/first.py
[2024-12-01T12:42:46.218+0000] {logging_mixin.py:190} INFO - [2024-12-01T12:42:46.216+0000] {dag.py:3239} INFO - Sync 1 DAGs
[2024-12-01T12:42:46.382+0000] {logging_mixin.py:190} INFO - [2024-12-01T12:42:46.381+0000] {dag.py:4180} INFO - Setting next_dagrun for welcome_dag to None, run_after=None
[2024-12-01T12:42:46.537+0000] {processor.py:208} INFO - Processing /opt/airflow/dags/first.py took 1.627 seconds
[2024-12-01T12:43:28.981+0000] {processor.py:186} INFO - Started process (PID=223) to work on /opt/airflow/dags/first.py
[2024-12-01T12:43:28.984+0000] {processor.py:914} INFO - Processing file /opt/airflow/dags/first.py for tasks to queue
[2024-12-01T12:43:28.986+0000] {logging_mixin.py:190} INFO - [2024-12-01T12:43:28.985+0000] {dagbag.py:588} INFO - Filling up the DagBag from /opt/airflow/dags/first.py
[2024-12-01T12:43:29.009+0000] {processor.py:925} INFO - DAG(s) 'welcome_dag' retrieved from /opt/airflow/dags/first.py
[2024-12-01T12:43:29.047+0000] {logging_mixin.py:190} INFO - [2024-12-01T12:43:29.046+0000] {dag.py:3239} INFO - Sync 1 DAGs
[2024-12-01T12:43:29.063+0000] {logging_mixin.py:190} INFO - [2024-12-01T12:43:29.062+0000] {dag.py:4180} INFO - Setting next_dagrun for welcome_dag to None, run_after=None
[2024-12-01T12:43:29.113+0000] {processor.py:208} INFO - Processing /opt/airflow/dags/first.py took 0.139 seconds
[2024-12-01T12:44:08.378+0000] {processor.py:186} INFO - Started process (PID=226) to work on /opt/airflow/dags/first.py
[2024-12-01T12:44:08.382+0000] {processor.py:914} INFO - Processing file /opt/airflow/dags/first.py for tasks to queue
[2024-12-01T12:44:08.388+0000] {logging_mixin.py:190} INFO - [2024-12-01T12:44:08.386+0000] {dagbag.py:588} INFO - Filling up the DagBag from /opt/airflow/dags/first.py
[2024-12-01T12:44:08.465+0000] {processor.py:925} INFO - DAG(s) 'welcome_dag' retrieved from /opt/airflow/dags/first.py
[2024-12-01T12:44:08.590+0000] {logging_mixin.py:190} INFO - [2024-12-01T12:44:08.590+0000] {dag.py:3239} INFO - Sync 1 DAGs
[2024-12-01T12:44:08.624+0000] {logging_mixin.py:190} INFO - [2024-12-01T12:44:08.624+0000] {dag.py:4180} INFO - Setting next_dagrun for welcome_dag to None, run_after=None
[2024-12-01T12:44:08.747+0000] {processor.py:208} INFO - Processing /opt/airflow/dags/first.py took 0.420 seconds
[2024-12-01T12:44:51.106+0000] {processor.py:186} INFO - Started process (PID=229) to work on /opt/airflow/dags/first.py
[2024-12-01T12:44:51.109+0000] {processor.py:914} INFO - Processing file /opt/airflow/dags/first.py for tasks to queue
[2024-12-01T12:44:51.113+0000] {logging_mixin.py:190} INFO - [2024-12-01T12:44:51.112+0000] {dagbag.py:588} INFO - Filling up the DagBag from /opt/airflow/dags/first.py
[2024-12-01T12:44:51.154+0000] {processor.py:925} INFO - DAG(s) 'welcome_dag' retrieved from /opt/airflow/dags/first.py
[2024-12-01T12:44:51.239+0000] {logging_mixin.py:190} INFO - [2024-12-01T12:44:51.238+0000] {dag.py:3239} INFO - Sync 1 DAGs
[2024-12-01T12:44:51.269+0000] {logging_mixin.py:190} INFO - [2024-12-01T12:44:51.269+0000] {dag.py:4180} INFO - Setting next_dagrun for welcome_dag to None, run_after=None
[2024-12-01T12:44:51.375+0000] {processor.py:208} INFO - Processing /opt/airflow/dags/first.py took 0.303 seconds
[2024-12-01T12:45:32.122+0000] {processor.py:186} INFO - Started process (PID=232) to work on /opt/airflow/dags/first.py
[2024-12-01T12:45:32.124+0000] {processor.py:914} INFO - Processing file /opt/airflow/dags/first.py for tasks to queue
[2024-12-01T12:45:32.129+0000] {logging_mixin.py:190} INFO - [2024-12-01T12:45:32.128+0000] {dagbag.py:588} INFO - Filling up the DagBag from /opt/airflow/dags/first.py
[2024-12-01T12:45:32.171+0000] {processor.py:925} INFO - DAG(s) 'welcome_dag' retrieved from /opt/airflow/dags/first.py
[2024-12-01T12:45:32.234+0000] {logging_mixin.py:190} INFO - [2024-12-01T12:45:32.234+0000] {dag.py:3239} INFO - Sync 1 DAGs
[2024-12-01T12:45:32.268+0000] {logging_mixin.py:190} INFO - [2024-12-01T12:45:32.267+0000] {dag.py:4180} INFO - Setting next_dagrun for welcome_dag to None, run_after=None
[2024-12-01T12:45:32.349+0000] {processor.py:208} INFO - Processing /opt/airflow/dags/first.py took 0.250 seconds
[2024-12-01T12:46:04.679+0000] {processor.py:186} INFO - Started process (PID=235) to work on /opt/airflow/dags/first.py
[2024-12-01T12:46:04.722+0000] {processor.py:914} INFO - Processing file /opt/airflow/dags/first.py for tasks to queue
[2024-12-01T12:46:04.802+0000] {logging_mixin.py:190} INFO - [2024-12-01T12:46:04.779+0000] {dagbag.py:588} INFO - Filling up the DagBag from /opt/airflow/dags/first.py
[2024-12-01T12:46:05.253+0000] {processor.py:925} INFO - DAG(s) 'welcome_dag' retrieved from /opt/airflow/dags/first.py
[2024-12-01T12:46:06.464+0000] {logging_mixin.py:190} INFO - [2024-12-01T12:46:06.463+0000] {dag.py:3239} INFO - Sync 1 DAGs
[2024-12-01T12:46:06.783+0000] {logging_mixin.py:190} INFO - [2024-12-01T12:46:06.783+0000] {dag.py:4180} INFO - Setting next_dagrun for welcome_dag to None, run_after=None
[2024-12-01T12:46:06.963+0000] {processor.py:208} INFO - Processing /opt/airflow/dags/first.py took 2.919 seconds
[2024-12-01T12:46:49.075+0000] {processor.py:186} INFO - Started process (PID=254) to work on /opt/airflow/dags/first.py
[2024-12-01T12:46:49.092+0000] {processor.py:914} INFO - Processing file /opt/airflow/dags/first.py for tasks to queue
[2024-12-01T12:46:49.122+0000] {logging_mixin.py:190} INFO - [2024-12-01T12:46:49.110+0000] {dagbag.py:588} INFO - Filling up the DagBag from /opt/airflow/dags/first.py
[2024-12-01T12:46:49.300+0000] {processor.py:925} INFO - DAG(s) 'welcome_dag' retrieved from /opt/airflow/dags/first.py
[2024-12-01T12:46:49.775+0000] {logging_mixin.py:190} INFO - [2024-12-01T12:46:49.775+0000] {dag.py:3239} INFO - Sync 1 DAGs
[2024-12-01T12:46:49.862+0000] {logging_mixin.py:190} INFO - [2024-12-01T12:46:49.862+0000] {dag.py:4180} INFO - Setting next_dagrun for welcome_dag to None, run_after=None
[2024-12-01T12:46:50.049+0000] {processor.py:208} INFO - Processing /opt/airflow/dags/first.py took 1.134 seconds
[2024-12-01T12:47:21.119+0000] {processor.py:186} INFO - Started process (PID=273) to work on /opt/airflow/dags/first.py
[2024-12-01T12:47:21.131+0000] {processor.py:914} INFO - Processing file /opt/airflow/dags/first.py for tasks to queue
[2024-12-01T12:47:21.150+0000] {logging_mixin.py:190} INFO - [2024-12-01T12:47:21.142+0000] {dagbag.py:588} INFO - Filling up the DagBag from /opt/airflow/dags/first.py
[2024-12-01T12:47:21.298+0000] {processor.py:925} INFO - DAG(s) 'welcome_dag' retrieved from /opt/airflow/dags/first.py
[2024-12-01T12:47:21.778+0000] {logging_mixin.py:190} INFO - [2024-12-01T12:47:21.777+0000] {dag.py:3239} INFO - Sync 1 DAGs
[2024-12-01T12:47:21.999+0000] {logging_mixin.py:190} INFO - [2024-12-01T12:47:21.998+0000] {dag.py:4180} INFO - Setting next_dagrun for welcome_dag to None, run_after=None
[2024-12-01T12:47:22.199+0000] {processor.py:208} INFO - Processing /opt/airflow/dags/first.py took 1.217 seconds
[2024-12-01T12:47:53.036+0000] {processor.py:186} INFO - Started process (PID=276) to work on /opt/airflow/dags/first.py
[2024-12-01T12:47:53.039+0000] {processor.py:914} INFO - Processing file /opt/airflow/dags/first.py for tasks to queue
[2024-12-01T12:47:53.042+0000] {logging_mixin.py:190} INFO - [2024-12-01T12:47:53.041+0000] {dagbag.py:588} INFO - Filling up the DagBag from /opt/airflow/dags/first.py
[2024-12-01T12:47:53.063+0000] {processor.py:925} INFO - DAG(s) 'welcome_dag' retrieved from /opt/airflow/dags/first.py
[2024-12-01T12:47:53.098+0000] {logging_mixin.py:190} INFO - [2024-12-01T12:47:53.098+0000] {dag.py:3239} INFO - Sync 1 DAGs
[2024-12-01T12:47:53.112+0000] {logging_mixin.py:190} INFO - [2024-12-01T12:47:53.112+0000] {dag.py:4180} INFO - Setting next_dagrun for welcome_dag to None, run_after=None
[2024-12-01T12:47:53.167+0000] {processor.py:208} INFO - Processing /opt/airflow/dags/first.py took 0.141 seconds
[2024-12-01T12:48:23.414+0000] {processor.py:186} INFO - Started process (PID=279) to work on /opt/airflow/dags/first.py
[2024-12-01T12:48:23.416+0000] {processor.py:914} INFO - Processing file /opt/airflow/dags/first.py for tasks to queue
[2024-12-01T12:48:23.417+0000] {logging_mixin.py:190} INFO - [2024-12-01T12:48:23.417+0000] {dagbag.py:588} INFO - Filling up the DagBag from /opt/airflow/dags/first.py
[2024-12-01T12:48:23.439+0000] {processor.py:925} INFO - DAG(s) 'welcome_dag' retrieved from /opt/airflow/dags/first.py
[2024-12-01T12:48:23.473+0000] {logging_mixin.py:190} INFO - [2024-12-01T12:48:23.473+0000] {dag.py:3239} INFO - Sync 1 DAGs
[2024-12-01T12:48:23.488+0000] {logging_mixin.py:190} INFO - [2024-12-01T12:48:23.487+0000] {dag.py:4180} INFO - Setting next_dagrun for welcome_dag to None, run_after=None
[2024-12-01T12:48:23.539+0000] {processor.py:208} INFO - Processing /opt/airflow/dags/first.py took 0.133 seconds
[2024-12-01T12:48:56.784+0000] {processor.py:186} INFO - Started process (PID=282) to work on /opt/airflow/dags/first.py
[2024-12-01T12:48:56.787+0000] {processor.py:914} INFO - Processing file /opt/airflow/dags/first.py for tasks to queue
[2024-12-01T12:48:56.799+0000] {logging_mixin.py:190} INFO - [2024-12-01T12:48:56.795+0000] {dagbag.py:588} INFO - Filling up the DagBag from /opt/airflow/dags/first.py
[2024-12-01T12:48:56.866+0000] {processor.py:925} INFO - DAG(s) 'welcome_dag' retrieved from /opt/airflow/dags/first.py
[2024-12-01T12:48:56.943+0000] {logging_mixin.py:190} INFO - [2024-12-01T12:48:56.943+0000] {dag.py:3239} INFO - Sync 1 DAGs
[2024-12-01T12:48:56.964+0000] {logging_mixin.py:190} INFO - [2024-12-01T12:48:56.964+0000] {dag.py:4180} INFO - Setting next_dagrun for welcome_dag to None, run_after=None
[2024-12-01T12:48:57.069+0000] {processor.py:208} INFO - Processing /opt/airflow/dags/first.py took 0.352 seconds
[2024-12-01T12:49:30.178+0000] {processor.py:186} INFO - Started process (PID=285) to work on /opt/airflow/dags/first.py
[2024-12-01T12:49:30.181+0000] {processor.py:914} INFO - Processing file /opt/airflow/dags/first.py for tasks to queue
[2024-12-01T12:49:30.190+0000] {logging_mixin.py:190} INFO - [2024-12-01T12:49:30.187+0000] {dagbag.py:588} INFO - Filling up the DagBag from /opt/airflow/dags/first.py
[2024-12-01T12:49:30.261+0000] {processor.py:925} INFO - DAG(s) 'welcome_dag' retrieved from /opt/airflow/dags/first.py
[2024-12-01T12:49:30.788+0000] {logging_mixin.py:190} INFO - [2024-12-01T12:49:30.787+0000] {dag.py:3239} INFO - Sync 1 DAGs
[2024-12-01T12:49:30.980+0000] {logging_mixin.py:190} INFO - [2024-12-01T12:49:30.980+0000] {dag.py:4180} INFO - Setting next_dagrun for welcome_dag to None, run_after=None
[2024-12-01T12:49:31.187+0000] {processor.py:208} INFO - Processing /opt/airflow/dags/first.py took 1.093 seconds
[2024-12-01T12:50:46.956+0000] {processor.py:186} INFO - Started process (PID=320) to work on /opt/airflow/dags/first.py
[2024-12-01T12:50:46.969+0000] {processor.py:914} INFO - Processing file /opt/airflow/dags/first.py for tasks to queue
[2024-12-01T12:50:47.006+0000] {logging_mixin.py:190} INFO - [2024-12-01T12:50:46.992+0000] {dagbag.py:588} INFO - Filling up the DagBag from /opt/airflow/dags/first.py
[2024-12-01T12:50:47.173+0000] {processor.py:925} INFO - DAG(s) 'welcome_dag' retrieved from /opt/airflow/dags/first.py
[2024-12-01T12:50:47.552+0000] {logging_mixin.py:190} INFO - [2024-12-01T12:50:47.552+0000] {dag.py:3239} INFO - Sync 1 DAGs
[2024-12-01T12:50:47.615+0000] {logging_mixin.py:190} INFO - [2024-12-01T12:50:47.615+0000] {dag.py:4180} INFO - Setting next_dagrun for welcome_dag to None, run_after=None
[2024-12-01T12:50:47.793+0000] {processor.py:208} INFO - Processing /opt/airflow/dags/first.py took 0.945 seconds
[2024-12-01T12:51:19.007+0000] {processor.py:186} INFO - Started process (PID=323) to work on /opt/airflow/dags/first.py
[2024-12-01T12:51:19.061+0000] {processor.py:914} INFO - Processing file /opt/airflow/dags/first.py for tasks to queue
[2024-12-01T12:51:19.129+0000] {logging_mixin.py:190} INFO - [2024-12-01T12:51:19.091+0000] {dagbag.py:588} INFO - Filling up the DagBag from /opt/airflow/dags/first.py
[2024-12-01T12:51:19.704+0000] {processor.py:925} INFO - DAG(s) 'welcome_dag' retrieved from /opt/airflow/dags/first.py
[2024-12-01T12:51:20.710+0000] {logging_mixin.py:190} INFO - [2024-12-01T12:51:20.707+0000] {dag.py:3239} INFO - Sync 1 DAGs
[2024-12-01T12:51:20.993+0000] {logging_mixin.py:190} INFO - [2024-12-01T12:51:20.993+0000] {dag.py:4180} INFO - Setting next_dagrun for welcome_dag to None, run_after=None
[2024-12-01T12:51:21.285+0000] {processor.py:208} INFO - Processing /opt/airflow/dags/first.py took 2.686 seconds
[2024-12-01T12:51:51.710+0000] {processor.py:186} INFO - Started process (PID=328) to work on /opt/airflow/dags/first.py
[2024-12-01T12:51:51.728+0000] {processor.py:914} INFO - Processing file /opt/airflow/dags/first.py for tasks to queue
[2024-12-01T12:51:51.743+0000] {logging_mixin.py:190} INFO - [2024-12-01T12:51:51.737+0000] {dagbag.py:588} INFO - Filling up the DagBag from /opt/airflow/dags/first.py
[2024-12-01T12:51:51.826+0000] {processor.py:925} INFO - DAG(s) 'welcome_dag' retrieved from /opt/airflow/dags/first.py
[2024-12-01T12:51:52.118+0000] {logging_mixin.py:190} INFO - [2024-12-01T12:51:52.118+0000] {dag.py:3239} INFO - Sync 1 DAGs
[2024-12-01T12:51:52.196+0000] {logging_mixin.py:190} INFO - [2024-12-01T12:51:52.196+0000] {dag.py:4180} INFO - Setting next_dagrun for welcome_dag to None, run_after=None
[2024-12-01T12:51:52.371+0000] {processor.py:208} INFO - Processing /opt/airflow/dags/first.py took 0.776 seconds
[2024-12-01T12:52:50.791+0000] {processor.py:186} INFO - Started process (PID=363) to work on /opt/airflow/dags/first.py
[2024-12-01T12:52:50.831+0000] {processor.py:914} INFO - Processing file /opt/airflow/dags/first.py for tasks to queue
[2024-12-01T12:52:50.920+0000] {logging_mixin.py:190} INFO - [2024-12-01T12:52:50.877+0000] {dagbag.py:588} INFO - Filling up the DagBag from /opt/airflow/dags/first.py
[2024-12-01T12:52:51.469+0000] {processor.py:925} INFO - DAG(s) 'welcome_dag' retrieved from /opt/airflow/dags/first.py
[2024-12-01T12:52:52.740+0000] {logging_mixin.py:190} INFO - [2024-12-01T12:52:52.740+0000] {dag.py:3239} INFO - Sync 1 DAGs
[2024-12-01T12:52:52.930+0000] {logging_mixin.py:190} INFO - [2024-12-01T12:52:52.930+0000] {dag.py:4180} INFO - Setting next_dagrun for welcome_dag to None, run_after=None
[2024-12-01T12:52:53.189+0000] {processor.py:208} INFO - Processing /opt/airflow/dags/first.py took 2.868 seconds
[2024-12-01T12:53:33.628+0000] {processor.py:186} INFO - Started process (PID=382) to work on /opt/airflow/dags/first.py
[2024-12-01T12:53:33.631+0000] {processor.py:914} INFO - Processing file /opt/airflow/dags/first.py for tasks to queue
[2024-12-01T12:53:33.633+0000] {logging_mixin.py:190} INFO - [2024-12-01T12:53:33.632+0000] {dagbag.py:588} INFO - Filling up the DagBag from /opt/airflow/dags/first.py
[2024-12-01T12:53:33.670+0000] {processor.py:925} INFO - DAG(s) 'welcome_dag' retrieved from /opt/airflow/dags/first.py
[2024-12-01T12:53:33.719+0000] {logging_mixin.py:190} INFO - [2024-12-01T12:53:33.719+0000] {dag.py:3239} INFO - Sync 1 DAGs
[2024-12-01T12:53:33.737+0000] {logging_mixin.py:190} INFO - [2024-12-01T12:53:33.737+0000] {dag.py:4180} INFO - Setting next_dagrun for welcome_dag to None, run_after=None
[2024-12-01T12:53:33.834+0000] {processor.py:208} INFO - Processing /opt/airflow/dags/first.py took 0.214 seconds
[2024-12-01T12:54:31.107+0000] {processor.py:186} INFO - Started process (PID=385) to work on /opt/airflow/dags/first.py
[2024-12-01T12:54:31.154+0000] {processor.py:914} INFO - Processing file /opt/airflow/dags/first.py for tasks to queue
[2024-12-01T12:54:31.228+0000] {logging_mixin.py:190} INFO - [2024-12-01T12:54:31.187+0000] {dagbag.py:588} INFO - Filling up the DagBag from /opt/airflow/dags/first.py
[2024-12-01T12:54:32.377+0000] {processor.py:925} INFO - DAG(s) 'welcome_dag' retrieved from /opt/airflow/dags/first.py
[2024-12-01T12:54:36.614+0000] {logging_mixin.py:190} INFO - [2024-12-01T12:54:36.548+0000] {dag.py:3239} INFO - Sync 1 DAGs
[2024-12-01T12:54:37.152+0000] {logging_mixin.py:190} INFO - [2024-12-01T12:54:37.151+0000] {dag.py:4180} INFO - Setting next_dagrun for welcome_dag to None, run_after=None
[2024-12-01T12:54:38.556+0000] {processor.py:208} INFO - Processing /opt/airflow/dags/first.py took 8.013 seconds
[2024-12-01T12:55:09.614+0000] {processor.py:186} INFO - Started process (PID=388) to work on /opt/airflow/dags/first.py
[2024-12-01T12:55:09.634+0000] {processor.py:914} INFO - Processing file /opt/airflow/dags/first.py for tasks to queue
[2024-12-01T12:55:09.671+0000] {logging_mixin.py:190} INFO - [2024-12-01T12:55:09.655+0000] {dagbag.py:588} INFO - Filling up the DagBag from /opt/airflow/dags/first.py
[2024-12-01T12:55:09.840+0000] {processor.py:925} INFO - DAG(s) 'welcome_dag' retrieved from /opt/airflow/dags/first.py
[2024-12-01T12:55:10.408+0000] {logging_mixin.py:190} INFO - [2024-12-01T12:55:10.407+0000] {dag.py:3239} INFO - Sync 1 DAGs
[2024-12-01T12:55:10.834+0000] {logging_mixin.py:190} INFO - [2024-12-01T12:55:10.834+0000] {dag.py:4180} INFO - Setting next_dagrun for welcome_dag to None, run_after=None
[2024-12-01T12:55:11.289+0000] {processor.py:208} INFO - Processing /opt/airflow/dags/first.py took 1.858 seconds
[2024-12-01T12:55:41.803+0000] {processor.py:186} INFO - Started process (PID=391) to work on /opt/airflow/dags/first.py
[2024-12-01T12:55:41.805+0000] {processor.py:914} INFO - Processing file /opt/airflow/dags/first.py for tasks to queue
[2024-12-01T12:55:41.808+0000] {logging_mixin.py:190} INFO - [2024-12-01T12:55:41.807+0000] {dagbag.py:588} INFO - Filling up the DagBag from /opt/airflow/dags/first.py
[2024-12-01T12:55:41.852+0000] {processor.py:925} INFO - DAG(s) 'welcome_dag' retrieved from /opt/airflow/dags/first.py
[2024-12-01T12:55:41.898+0000] {logging_mixin.py:190} INFO - [2024-12-01T12:55:41.898+0000] {dag.py:3239} INFO - Sync 1 DAGs
[2024-12-01T12:55:41.918+0000] {logging_mixin.py:190} INFO - [2024-12-01T12:55:41.917+0000] {dag.py:4180} INFO - Setting next_dagrun for welcome_dag to None, run_after=None
[2024-12-01T12:55:42.018+0000] {processor.py:208} INFO - Processing /opt/airflow/dags/first.py took 0.224 seconds
[2024-12-01T12:56:13.385+0000] {processor.py:186} INFO - Started process (PID=394) to work on /opt/airflow/dags/first.py
[2024-12-01T12:56:13.389+0000] {processor.py:914} INFO - Processing file /opt/airflow/dags/first.py for tasks to queue
[2024-12-01T12:56:13.398+0000] {logging_mixin.py:190} INFO - [2024-12-01T12:56:13.394+0000] {dagbag.py:588} INFO - Filling up the DagBag from /opt/airflow/dags/first.py
[2024-12-01T12:56:13.420+0000] {processor.py:925} INFO - DAG(s) 'welcome_dag' retrieved from /opt/airflow/dags/first.py
[2024-12-01T12:56:13.574+0000] {logging_mixin.py:190} INFO - [2024-12-01T12:56:13.573+0000] {dag.py:3239} INFO - Sync 1 DAGs
[2024-12-01T12:56:13.630+0000] {logging_mixin.py:190} INFO - [2024-12-01T12:56:13.629+0000] {dag.py:4180} INFO - Setting next_dagrun for welcome_dag to None, run_after=None
[2024-12-01T12:56:13.767+0000] {processor.py:208} INFO - Processing /opt/airflow/dags/first.py took 0.546 seconds
