[2024-11-30T16:41:47.570+0000] {local_task_job_runner.py:123} INFO - ::group::Pre task execution logs
[2024-11-30T16:41:47.727+0000] {taskinstance.py:2613} INFO - Dependencies all met for dep_context=non-requeueable deps ti=<TaskInstance: collegeinfo_dag.load manual__2024-11-30T16:39:49.494255+00:00 [queued]>
[2024-11-30T16:41:47.799+0000] {taskinstance.py:2613} INFO - Dependencies all met for dep_context=requeueable deps ti=<TaskInstance: collegeinfo_dag.load manual__2024-11-30T16:39:49.494255+00:00 [queued]>
[2024-11-30T16:41:47.802+0000] {taskinstance.py:2866} INFO - Starting attempt 1 of 1
[2024-11-30T16:41:47.986+0000] {taskinstance.py:2889} INFO - Executing <Task(PythonOperator): load> on 2024-11-30 16:39:49.494255+00:00
[2024-11-30T16:41:48.181+0000] {standard_task_runner.py:104} INFO - Running: ['airflow', 'tasks', 'run', 'collegeinfo_dag', 'load', 'manual__2024-11-30T16:39:49.494255+00:00', '--job-id', '16', '--raw', '--subdir', 'DAGS_FOLDER/college_info.py', '--cfg-path', '/tmp/tmp3jjv0r1w']
[2024-11-30T16:41:48.199+0000] {standard_task_runner.py:105} INFO - Job 16: Subtask load
[2024-11-30T16:41:48.201+0000] {logging_mixin.py:190} WARNING - /home/airflow/.local/lib/python3.12/site-packages/airflow/task/task_runner/standard_task_runner.py:70 DeprecationWarning: This process (pid=209) is multi-threaded, use of fork() may lead to deadlocks in the child.
[2024-11-30T16:41:48.205+0000] {standard_task_runner.py:72} INFO - Started process 224 to run task
[2024-11-30T16:41:48.827+0000] {task_command.py:467} INFO - Running <TaskInstance: collegeinfo_dag.load manual__2024-11-30T16:39:49.494255+00:00 [running]> on host c23aec0431bd
[2024-11-30T16:41:54.786+0000] {taskinstance.py:3132} INFO - Exporting env vars: AIRFLOW_CTX_DAG_OWNER='airflow' AIRFLOW_CTX_DAG_ID='collegeinfo_dag' AIRFLOW_CTX_TASK_ID='load' AIRFLOW_CTX_EXECUTION_DATE='2024-11-30T16:39:49.494255+00:00' AIRFLOW_CTX_TRY_NUMBER='1' AIRFLOW_CTX_DAG_RUN_ID='manual__2024-11-30T16:39:49.494255+00:00'
[2024-11-30T16:41:54.808+0000] {taskinstance.py:731} INFO - ::endgroup::
[2024-11-30T16:41:54.956+0000] {logging_mixin.py:190} INFO - This is load function!!
[2024-11-30T16:41:55.343+0000] {college_info.py:64} INFO - Data loaded to csv successfully!
[2024-11-30T16:41:55.344+0000] {python.py:240} INFO - Done. Returned value was: None
[2024-11-30T16:41:55.390+0000] {taskinstance.py:340} INFO - ::group::Post task execution logs
[2024-11-30T16:41:55.393+0000] {taskinstance.py:352} INFO - Marking task as SUCCESS. dag_id=collegeinfo_dag, task_id=load, run_id=manual__2024-11-30T16:39:49.494255+00:00, execution_date=20241130T163949, start_date=20241130T164147, end_date=20241130T164155
[2024-11-30T16:41:56.006+0000] {local_task_job_runner.py:266} INFO - Task exited with return code 0
[2024-11-30T16:41:56.085+0000] {taskinstance.py:3895} INFO - 0 downstream tasks scheduled from follow-on schedule check
[2024-11-30T16:41:56.090+0000] {local_task_job_runner.py:245} INFO - ::endgroup::
