[2024-12-01T09:00:59.756+0000] {local_task_job_runner.py:123} INFO - ::group::Pre task execution logs
[2024-12-01T09:00:59.781+0000] {taskinstance.py:2613} INFO - Dependencies all met for dep_context=non-requeueable deps ti=<TaskInstance: collegeinfo_dag.extract manual__2024-12-01T09:00:20.560857+00:00 [queued]>
[2024-12-01T09:00:59.798+0000] {taskinstance.py:2613} INFO - Dependencies all met for dep_context=requeueable deps ti=<TaskInstance: collegeinfo_dag.extract manual__2024-12-01T09:00:20.560857+00:00 [queued]>
[2024-12-01T09:00:59.799+0000] {taskinstance.py:2866} INFO - Starting attempt 1 of 1
[2024-12-01T09:00:59.863+0000] {taskinstance.py:2889} INFO - Executing <Task(PythonOperator): extract> on 2024-12-01 09:00:20.560857+00:00
[2024-12-01T09:00:59.901+0000] {standard_task_runner.py:104} INFO - Running: ['airflow', 'tasks', 'run', 'collegeinfo_dag', 'extract', 'manual__2024-12-01T09:00:20.560857+00:00', '--job-id', '28', '--raw', '--subdir', 'DAGS_FOLDER/college_info.py', '--cfg-path', '/tmp/tmpcxeov27v']
[2024-12-01T09:00:59.902+0000] {logging_mixin.py:190} WARNING - /home/airflow/.local/lib/python3.12/site-packages/airflow/task/task_runner/standard_task_runner.py:70 DeprecationWarning: This process (pid=167) is multi-threaded, use of fork() may lead to deadlocks in the child.
[2024-12-01T09:00:59.904+0000] {standard_task_runner.py:105} INFO - Job 28: Subtask extract
[2024-12-01T09:00:59.905+0000] {standard_task_runner.py:72} INFO - Started process 181 to run task
[2024-12-01T09:01:00.071+0000] {task_command.py:467} INFO - Running <TaskInstance: collegeinfo_dag.extract manual__2024-12-01T09:00:20.560857+00:00 [running]> on host ade260fe4ef6
[2024-12-01T09:01:00.400+0000] {taskinstance.py:3132} INFO - Exporting env vars: AIRFLOW_CTX_DAG_OWNER='airflow' AIRFLOW_CTX_DAG_ID='collegeinfo_dag' AIRFLOW_CTX_TASK_ID='extract' AIRFLOW_CTX_EXECUTION_DATE='2024-12-01T09:00:20.560857+00:00' AIRFLOW_CTX_TRY_NUMBER='1' AIRFLOW_CTX_DAG_RUN_ID='manual__2024-12-01T09:00:20.560857+00:00'
[2024-12-01T09:01:00.417+0000] {taskinstance.py:731} INFO - ::endgroup::
[2024-12-01T09:01:08.821+0000] {college_info.py:57} INFO - Data successfully extracted!
[2024-12-01T09:01:08.842+0000] {python.py:240} INFO - Done. Returned value was: None
[2024-12-01T09:01:08.856+0000] {taskinstance.py:340} INFO - ::group::Post task execution logs
[2024-12-01T09:01:08.857+0000] {taskinstance.py:352} INFO - Marking task as SUCCESS. dag_id=collegeinfo_dag, task_id=extract, run_id=manual__2024-12-01T09:00:20.560857+00:00, execution_date=20241201T090020, start_date=20241201T090059, end_date=20241201T090108
[2024-12-01T09:01:09.461+0000] {local_task_job_runner.py:266} INFO - Task exited with return code 0
[2024-12-01T09:01:09.538+0000] {taskinstance.py:3895} INFO - 1 downstream tasks scheduled from follow-on schedule check
[2024-12-01T09:01:09.898+0000] {standard_task_runner.py:217} INFO - Process not found (most likely exited), stop collecting metrics
[2024-12-01T09:01:11.319+0000] {local_task_job_runner.py:245} INFO - ::endgroup::
