[2024-12-01T08:53:50.848+0000] {local_task_job_runner.py:123} INFO - ::group::Pre task execution logs
[2024-12-01T08:53:51.179+0000] {taskinstance.py:2613} INFO - Dependencies all met for dep_context=non-requeueable deps ti=<TaskInstance: collegeinfo_dag.extract manual__2024-11-30T16:34:03.486412+00:00 [queued]>
[2024-12-01T08:53:51.448+0000] {taskinstance.py:2613} INFO - Dependencies all met for dep_context=requeueable deps ti=<TaskInstance: collegeinfo_dag.extract manual__2024-11-30T16:34:03.486412+00:00 [queued]>
[2024-12-01T08:53:51.501+0000] {taskinstance.py:2866} INFO - Starting attempt 2 of 2
[2024-12-01T08:53:51.819+0000] {taskinstance.py:2889} INFO - Executing <Task(PythonOperator): extract> on 2024-11-30 16:34:03.486412+00:00
[2024-12-01T08:53:52.527+0000] {logging_mixin.py:190} WARNING - /home/airflow/.local/lib/python3.12/site-packages/airflow/task/task_runner/standard_task_runner.py:70 DeprecationWarning: This process (pid=65) is multi-threaded, use of fork() may lead to deadlocks in the child.
[2024-12-01T08:53:52.519+0000] {standard_task_runner.py:104} INFO - Running: ['airflow', 'tasks', 'run', 'collegeinfo_dag', 'extract', 'manual__2024-11-30T16:34:03.486412+00:00', '--job-id', '23', '--raw', '--subdir', 'DAGS_FOLDER/college_info.py', '--cfg-path', '/tmp/tmpz_t_xmkr']
[2024-12-01T08:53:53.599+0000] {standard_task_runner.py:105} INFO - Job 23: Subtask extract
[2024-12-01T08:53:53.597+0000] {standard_task_runner.py:72} INFO - Started process 79 to run task
[2024-12-01T08:54:03.340+0000] {task_command.py:467} INFO - Running <TaskInstance: collegeinfo_dag.extract manual__2024-11-30T16:34:03.486412+00:00 [running]> on host ade260fe4ef6
[2024-12-01T08:54:04.745+0000] {job.py:229} INFO - Heartbeat recovered after 16.16 seconds
[2024-12-01T08:54:58.936+0000] {job.py:229} INFO - Heartbeat recovered after 55.49 seconds
[2024-12-01T08:54:59.639+0000] {taskinstance.py:3132} INFO - Exporting env vars: AIRFLOW_CTX_DAG_OWNER='airflow' AIRFLOW_CTX_DAG_ID='collegeinfo_dag' AIRFLOW_CTX_TASK_ID='extract' AIRFLOW_CTX_EXECUTION_DATE='2024-11-30T16:34:03.486412+00:00' AIRFLOW_CTX_TRY_NUMBER='2' AIRFLOW_CTX_DAG_RUN_ID='manual__2024-11-30T16:34:03.486412+00:00'
[2024-12-01T08:54:59.689+0000] {taskinstance.py:731} INFO - ::endgroup::
[2024-12-01T08:55:17.808+0000] {college_info.py:57} INFO - Data successfully extracted!
[2024-12-01T08:55:17.844+0000] {python.py:240} INFO - Done. Returned value was: None
[2024-12-01T08:55:17.873+0000] {taskinstance.py:340} INFO - ::group::Post task execution logs
[2024-12-01T08:55:17.875+0000] {taskinstance.py:352} INFO - Marking task as SUCCESS. dag_id=collegeinfo_dag, task_id=extract, run_id=manual__2024-11-30T16:34:03.486412+00:00, execution_date=20241130T163403, start_date=20241201T085351, end_date=20241201T085517
[2024-12-01T08:55:17.979+0000] {local_task_job_runner.py:266} INFO - Task exited with return code 0
[2024-12-01T08:55:18.150+0000] {taskinstance.py:3895} INFO - 1 downstream tasks scheduled from follow-on schedule check
[2024-12-01T08:55:18.170+0000] {local_task_job_runner.py:245} INFO - ::endgroup::
