[2024-12-01T12:52:46.109+0000] {local_task_job_runner.py:123} INFO - ::group::Pre task execution logs
[2024-12-01T12:52:46.138+0000] {taskinstance.py:2613} INFO - Dependencies all met for dep_context=non-requeueable deps ti=<TaskInstance: collegeinfo_dag.transform manual__2024-12-01T12:51:51.213140+00:00 [queued]>
[2024-12-01T12:52:46.158+0000] {taskinstance.py:2613} INFO - Dependencies all met for dep_context=requeueable deps ti=<TaskInstance: collegeinfo_dag.transform manual__2024-12-01T12:51:51.213140+00:00 [queued]>
[2024-12-01T12:52:46.159+0000] {taskinstance.py:2866} INFO - Starting attempt 1 of 1
[2024-12-01T12:52:46.214+0000] {taskinstance.py:2889} INFO - Executing <Task(PythonOperator): transform> on 2024-12-01 12:51:51.213140+00:00
[2024-12-01T12:52:46.271+0000] {logging_mixin.py:190} WARNING - /home/airflow/.local/lib/python3.12/site-packages/airflow/task/task_runner/standard_task_runner.py:70 DeprecationWarning: This process (pid=347) is multi-threaded, use of fork() may lead to deadlocks in the child.
[2024-12-01T12:52:46.281+0000] {standard_task_runner.py:72} INFO - Started process 361 to run task
[2024-12-01T12:52:46.283+0000] {standard_task_runner.py:104} INFO - Running: ['airflow', 'tasks', 'run', 'collegeinfo_dag', 'transform', 'manual__2024-12-01T12:51:51.213140+00:00', '--job-id', '50', '--raw', '--subdir', 'DAGS_FOLDER/college_info.py', '--cfg-path', '/tmp/tmpxwj0lmif']
[2024-12-01T12:52:46.298+0000] {standard_task_runner.py:105} INFO - Job 50: Subtask transform
[2024-12-01T12:52:46.539+0000] {task_command.py:467} INFO - Running <TaskInstance: collegeinfo_dag.transform manual__2024-12-01T12:51:51.213140+00:00 [running]> on host ade260fe4ef6
[2024-12-01T12:52:46.799+0000] {taskinstance.py:3132} INFO - Exporting env vars: AIRFLOW_CTX_DAG_OWNER='airflow' AIRFLOW_CTX_DAG_ID='collegeinfo_dag' AIRFLOW_CTX_TASK_ID='transform' AIRFLOW_CTX_EXECUTION_DATE='2024-12-01T12:51:51.213140+00:00' AIRFLOW_CTX_TRY_NUMBER='1' AIRFLOW_CTX_DAG_RUN_ID='manual__2024-12-01T12:51:51.213140+00:00'
[2024-12-01T12:52:46.801+0000] {taskinstance.py:731} INFO - ::endgroup::
[2024-12-01T12:52:46.887+0000] {logging_mixin.py:190} INFO - Index(['name', 'affiliation', 'address'], dtype='object')
[2024-12-01T12:52:46.973+0000] {college_info.py:74} INFO - Data successfully transformed!
[2024-12-01T12:52:46.974+0000] {python.py:240} INFO - Done. Returned value was: None
[2024-12-01T12:52:46.994+0000] {taskinstance.py:340} INFO - ::group::Post task execution logs
[2024-12-01T12:52:46.995+0000] {taskinstance.py:352} INFO - Marking task as SUCCESS. dag_id=collegeinfo_dag, task_id=transform, run_id=manual__2024-12-01T12:51:51.213140+00:00, execution_date=20241201T125151, start_date=20241201T125246, end_date=20241201T125246
[2024-12-01T12:52:47.110+0000] {local_task_job_runner.py:266} INFO - Task exited with return code 0
[2024-12-01T12:52:47.167+0000] {taskinstance.py:3895} INFO - 1 downstream tasks scheduled from follow-on schedule check
[2024-12-01T12:52:47.191+0000] {local_task_job_runner.py:245} INFO - ::endgroup::
